ARM GAS  /tmp/ccm6lD7H.s 			page 1


   1              		.cpu cortex-m4
   2              		.eabi_attribute 27, 1
   3              		.eabi_attribute 28, 1
   4              		.eabi_attribute 20, 1
   5              		.eabi_attribute 21, 1
   6              		.eabi_attribute 23, 3
   7              		.eabi_attribute 24, 1
   8              		.eabi_attribute 25, 1
   9              		.eabi_attribute 26, 1
  10              		.eabi_attribute 30, 1
  11              		.eabi_attribute 34, 1
  12              		.eabi_attribute 18, 4
  13              		.file	"gpio.c"
  14              		.text
  15              	.Ltext0:
  16              		.cfi_sections	.debug_frame
  17              		.section	.text.MX_GPIO_Init,"ax",%progbits
  18              		.align	1
  19              		.global	MX_GPIO_Init
  20              		.syntax unified
  21              		.thumb
  22              		.thumb_func
  23              		.fpu fpv4-sp-d16
  25              	MX_GPIO_Init:
  26              	.LFB126:
  27              		.file 1 "Src/gpio.c"
   1:Src/gpio.c    **** /**
   2:Src/gpio.c    ****   ******************************************************************************
   3:Src/gpio.c    ****   * File Name          : gpio.c
   4:Src/gpio.c    ****   * Description        : This file provides code for the configuration
   5:Src/gpio.c    ****   *                      of all used GPIO pins.
   6:Src/gpio.c    ****   ******************************************************************************
   7:Src/gpio.c    ****   ** This notice applies to any and all portions of this file
   8:Src/gpio.c    ****   * that are not between comment pairs USER CODE BEGIN and
   9:Src/gpio.c    ****   * USER CODE END. Other portions of this file, whether 
  10:Src/gpio.c    ****   * inserted by the user or by software development tools
  11:Src/gpio.c    ****   * are owned by their respective copyright owners.
  12:Src/gpio.c    ****   *
  13:Src/gpio.c    ****   * COPYRIGHT(c) 2018 STMicroelectronics
  14:Src/gpio.c    ****   *
  15:Src/gpio.c    ****   * Redistribution and use in source and binary forms, with or without modification,
  16:Src/gpio.c    ****   * are permitted provided that the following conditions are met:
  17:Src/gpio.c    ****   *   1. Redistributions of source code must retain the above copyright notice,
  18:Src/gpio.c    ****   *      this list of conditions and the following disclaimer.
  19:Src/gpio.c    ****   *   2. Redistributions in binary form must reproduce the above copyright notice,
  20:Src/gpio.c    ****   *      this list of conditions and the following disclaimer in the documentation
  21:Src/gpio.c    ****   *      and/or other materials provided with the distribution.
  22:Src/gpio.c    ****   *   3. Neither the name of STMicroelectronics nor the names of its contributors
  23:Src/gpio.c    ****   *      may be used to endorse or promote products derived from this software
  24:Src/gpio.c    ****   *      without specific prior written permission.
  25:Src/gpio.c    ****   *
  26:Src/gpio.c    ****   * THIS SOFTWARE IS PROVIDED BY THE COPYRIGHT HOLDERS AND CONTRIBUTORS "AS IS"
  27:Src/gpio.c    ****   * AND ANY EXPRESS OR IMPLIED WARRANTIES, INCLUDING, BUT NOT LIMITED TO, THE
  28:Src/gpio.c    ****   * IMPLIED WARRANTIES OF MERCHANTABILITY AND FITNESS FOR A PARTICULAR PURPOSE ARE
  29:Src/gpio.c    ****   * DISCLAIMED. IN NO EVENT SHALL THE COPYRIGHT HOLDER OR CONTRIBUTORS BE LIABLE
  30:Src/gpio.c    ****   * FOR ANY DIRECT, INDIRECT, INCIDENTAL, SPECIAL, EXEMPLARY, OR CONSEQUENTIAL
  31:Src/gpio.c    ****   * DAMAGES (INCLUDING, BUT NOT LIMITED TO, PROCUREMENT OF SUBSTITUTE GOODS OR
ARM GAS  /tmp/ccm6lD7H.s 			page 2


  32:Src/gpio.c    ****   * SERVICES; LOSS OF USE, DATA, OR PROFITS; OR BUSINESS INTERRUPTION) HOWEVER
  33:Src/gpio.c    ****   * CAUSED AND ON ANY THEORY OF LIABILITY, WHETHER IN CONTRACT, STRICT LIABILITY,
  34:Src/gpio.c    ****   * OR TORT (INCLUDING NEGLIGENCE OR OTHERWISE) ARISING IN ANY WAY OUT OF THE USE
  35:Src/gpio.c    ****   * OF THIS SOFTWARE, EVEN IF ADVISED OF THE POSSIBILITY OF SUCH DAMAGE.
  36:Src/gpio.c    ****   *
  37:Src/gpio.c    ****   ******************************************************************************
  38:Src/gpio.c    ****   */
  39:Src/gpio.c    **** 
  40:Src/gpio.c    **** /* Includes ------------------------------------------------------------------*/
  41:Src/gpio.c    **** #include "gpio.h"
  42:Src/gpio.c    **** /* USER CODE BEGIN 0 */
  43:Src/gpio.c    **** 
  44:Src/gpio.c    **** /* USER CODE END 0 */
  45:Src/gpio.c    **** 
  46:Src/gpio.c    **** /*----------------------------------------------------------------------------*/
  47:Src/gpio.c    **** /* Configure GPIO                                                             */
  48:Src/gpio.c    **** /*----------------------------------------------------------------------------*/
  49:Src/gpio.c    **** /* USER CODE BEGIN 1 */
  50:Src/gpio.c    **** 
  51:Src/gpio.c    **** /* USER CODE END 1 */
  52:Src/gpio.c    **** 
  53:Src/gpio.c    **** /** Configure pins as 
  54:Src/gpio.c    ****         * Analog 
  55:Src/gpio.c    ****         * Input 
  56:Src/gpio.c    ****         * Output
  57:Src/gpio.c    ****         * EVENT_OUT
  58:Src/gpio.c    ****         * EXTI
  59:Src/gpio.c    **** */
  60:Src/gpio.c    **** void MX_GPIO_Init(void)
  61:Src/gpio.c    **** {
  28              		.loc 1 61 0
  29              		.cfi_startproc
  30              		@ args = 0, pretend = 0, frame = 40
  31              		@ frame_needed = 0, uses_anonymous_args = 0
  32 0000 10B5     		push	{r4, lr}
  33              	.LCFI0:
  34              		.cfi_def_cfa_offset 8
  35              		.cfi_offset 4, -8
  36              		.cfi_offset 14, -4
  37 0002 8AB0     		sub	sp, sp, #40
  38              	.LCFI1:
  39              		.cfi_def_cfa_offset 48
  40              	.LBB2:
  62:Src/gpio.c    **** 
  63:Src/gpio.c    ****   GPIO_InitTypeDef GPIO_InitStruct;
  64:Src/gpio.c    **** 
  65:Src/gpio.c    ****   /* GPIO Ports Clock Enable */
  66:Src/gpio.c    ****   __HAL_RCC_GPIOC_CLK_ENABLE();
  41              		.loc 1 66 0
  42 0004 214B     		ldr	r3, .L3
  43 0006 5A69     		ldr	r2, [r3, #20]
  44 0008 42F40022 		orr	r2, r2, #524288
  45 000c 5A61     		str	r2, [r3, #20]
  46 000e 5A69     		ldr	r2, [r3, #20]
  47 0010 02F40022 		and	r2, r2, #524288
  48 0014 0192     		str	r2, [sp, #4]
  49 0016 019A     		ldr	r2, [sp, #4]
ARM GAS  /tmp/ccm6lD7H.s 			page 3


  50              	.LBE2:
  51              	.LBB3:
  67:Src/gpio.c    ****   __HAL_RCC_GPIOF_CLK_ENABLE();
  52              		.loc 1 67 0
  53 0018 5A69     		ldr	r2, [r3, #20]
  54 001a 42F48002 		orr	r2, r2, #4194304
  55 001e 5A61     		str	r2, [r3, #20]
  56 0020 5A69     		ldr	r2, [r3, #20]
  57 0022 02F48002 		and	r2, r2, #4194304
  58 0026 0292     		str	r2, [sp, #8]
  59 0028 029A     		ldr	r2, [sp, #8]
  60              	.LBE3:
  61              	.LBB4:
  68:Src/gpio.c    ****   __HAL_RCC_GPIOA_CLK_ENABLE();
  62              		.loc 1 68 0
  63 002a 5A69     		ldr	r2, [r3, #20]
  64 002c 42F40032 		orr	r2, r2, #131072
  65 0030 5A61     		str	r2, [r3, #20]
  66 0032 5A69     		ldr	r2, [r3, #20]
  67 0034 02F40032 		and	r2, r2, #131072
  68 0038 0392     		str	r2, [sp, #12]
  69 003a 039A     		ldr	r2, [sp, #12]
  70              	.LBE4:
  71              	.LBB5:
  69:Src/gpio.c    ****   __HAL_RCC_GPIOB_CLK_ENABLE();
  72              		.loc 1 69 0
  73 003c 5A69     		ldr	r2, [r3, #20]
  74 003e 42F48022 		orr	r2, r2, #262144
  75 0042 5A61     		str	r2, [r3, #20]
  76 0044 5B69     		ldr	r3, [r3, #20]
  77 0046 03F48023 		and	r3, r3, #262144
  78 004a 0493     		str	r3, [sp, #16]
  79 004c 049B     		ldr	r3, [sp, #16]
  80              	.LBE5:
  70:Src/gpio.c    **** 
  71:Src/gpio.c    ****   /*Configure GPIO pin Output Level */
  72:Src/gpio.c    ****   HAL_GPIO_WritePin(LD2_GPIO_Port, LD2_Pin, GPIO_PIN_RESET);
  81              		.loc 1 72 0
  82 004e 0022     		movs	r2, #0
  83 0050 2021     		movs	r1, #32
  84 0052 4FF09040 		mov	r0, #1207959552
  85 0056 FFF7FEFF 		bl	HAL_GPIO_WritePin
  86              	.LVL0:
  73:Src/gpio.c    **** 
  74:Src/gpio.c    ****   /*Configure GPIO pin : PtPin */
  75:Src/gpio.c    ****   GPIO_InitStruct.Pin = B1_Pin;
  87              		.loc 1 75 0
  88 005a 4FF40053 		mov	r3, #8192
  89 005e 0593     		str	r3, [sp, #20]
  76:Src/gpio.c    ****   GPIO_InitStruct.Mode = GPIO_MODE_IT_FALLING;
  90              		.loc 1 76 0
  91 0060 0B4B     		ldr	r3, .L3+4
  92 0062 0693     		str	r3, [sp, #24]
  77:Src/gpio.c    ****   GPIO_InitStruct.Pull = GPIO_NOPULL;
  93              		.loc 1 77 0
  94 0064 0024     		movs	r4, #0
  95 0066 0794     		str	r4, [sp, #28]
ARM GAS  /tmp/ccm6lD7H.s 			page 4


  78:Src/gpio.c    ****   HAL_GPIO_Init(B1_GPIO_Port, &GPIO_InitStruct);
  96              		.loc 1 78 0
  97 0068 05A9     		add	r1, sp, #20
  98 006a 0A48     		ldr	r0, .L3+8
  99 006c FFF7FEFF 		bl	HAL_GPIO_Init
 100              	.LVL1:
  79:Src/gpio.c    **** 
  80:Src/gpio.c    ****   /*Configure GPIO pin : PtPin */
  81:Src/gpio.c    ****   GPIO_InitStruct.Pin = LD2_Pin;
 101              		.loc 1 81 0
 102 0070 2023     		movs	r3, #32
 103 0072 0593     		str	r3, [sp, #20]
  82:Src/gpio.c    ****   GPIO_InitStruct.Mode = GPIO_MODE_OUTPUT_PP;
 104              		.loc 1 82 0
 105 0074 0123     		movs	r3, #1
 106 0076 0693     		str	r3, [sp, #24]
  83:Src/gpio.c    ****   GPIO_InitStruct.Pull = GPIO_NOPULL;
 107              		.loc 1 83 0
 108 0078 0794     		str	r4, [sp, #28]
  84:Src/gpio.c    ****   GPIO_InitStruct.Speed = GPIO_SPEED_FREQ_LOW;
 109              		.loc 1 84 0
 110 007a 0894     		str	r4, [sp, #32]
  85:Src/gpio.c    ****   HAL_GPIO_Init(LD2_GPIO_Port, &GPIO_InitStruct);
 111              		.loc 1 85 0
 112 007c 05A9     		add	r1, sp, #20
 113 007e 4FF09040 		mov	r0, #1207959552
 114 0082 FFF7FEFF 		bl	HAL_GPIO_Init
 115              	.LVL2:
  86:Src/gpio.c    **** 
  87:Src/gpio.c    **** }
 116              		.loc 1 87 0
 117 0086 0AB0     		add	sp, sp, #40
 118              	.LCFI2:
 119              		.cfi_def_cfa_offset 8
 120              		@ sp needed
 121 0088 10BD     		pop	{r4, pc}
 122              	.L4:
 123 008a 00BF     		.align	2
 124              	.L3:
 125 008c 00100240 		.word	1073876992
 126 0090 00002110 		.word	270598144
 127 0094 00080048 		.word	1207961600
 128              		.cfi_endproc
 129              	.LFE126:
 131              		.text
 132              	.Letext0:
 133              		.file 2 "/home/logic/STM32Toolchain/gcc-arm/arm-none-eabi/include/machine/_default_types.h"
 134              		.file 3 "/home/logic/STM32Toolchain/gcc-arm/arm-none-eabi/include/sys/_stdint.h"
 135              		.file 4 "Drivers/CMSIS/Include/core_cm4.h"
 136              		.file 5 "Drivers/CMSIS/Device/ST/STM32F3xx/Include/system_stm32f3xx.h"
 137              		.file 6 "Drivers/CMSIS/Device/ST/STM32F3xx/Include/stm32f303xe.h"
 138              		.file 7 "/home/logic/STM32Toolchain/gcc-arm/arm-none-eabi/include/sys/lock.h"
 139              		.file 8 "/home/logic/STM32Toolchain/gcc-arm/arm-none-eabi/include/sys/_types.h"
 140              		.file 9 "/home/logic/STM32Toolchain/gcc-arm/lib/gcc/arm-none-eabi/7.3.1/include/stddef.h"
 141              		.file 10 "/home/logic/STM32Toolchain/gcc-arm/arm-none-eabi/include/sys/reent.h"
 142              		.file 11 "Drivers/STM32F3xx_HAL_Driver/Inc/stm32f3xx_hal_gpio.h"
 143              		.file 12 "Drivers/STM32F3xx_HAL_Driver/Inc/stm32f3xx_hal.h"
ARM GAS  /tmp/ccm6lD7H.s 			page 5


ARM GAS  /tmp/ccm6lD7H.s 			page 6


DEFINED SYMBOLS
                            *ABS*:0000000000000000 gpio.c
     /tmp/ccm6lD7H.s:18     .text.MX_GPIO_Init:0000000000000000 $t
     /tmp/ccm6lD7H.s:25     .text.MX_GPIO_Init:0000000000000000 MX_GPIO_Init
     /tmp/ccm6lD7H.s:125    .text.MX_GPIO_Init:000000000000008c $d

UNDEFINED SYMBOLS
HAL_GPIO_WritePin
HAL_GPIO_Init
