ARM GAS  /tmp/ccjVlEyC.s 			page 1


   1              		.cpu cortex-m4
   2              		.eabi_attribute 27, 1
   3              		.eabi_attribute 28, 1
   4              		.eabi_attribute 20, 1
   5              		.eabi_attribute 21, 1
   6              		.eabi_attribute 23, 3
   7              		.eabi_attribute 24, 1
   8              		.eabi_attribute 25, 1
   9              		.eabi_attribute 26, 1
  10              		.eabi_attribute 30, 1
  11              		.eabi_attribute 34, 1
  12              		.eabi_attribute 18, 4
  13              		.file	"stm32f3xx_hal_msp.c"
  14              		.text
  15              	.Ltext0:
  16              		.cfi_sections	.debug_frame
  17              		.section	.text.HAL_MspInit,"ax",%progbits
  18              		.align	1
  19              		.global	HAL_MspInit
  20              		.syntax unified
  21              		.thumb
  22              		.thumb_func
  23              		.fpu fpv4-sp-d16
  25              	HAL_MspInit:
  26              	.LFB126:
  27              		.file 1 "Src/stm32f3xx_hal_msp.c"
   1:Src/stm32f3xx_hal_msp.c **** /**
   2:Src/stm32f3xx_hal_msp.c ****   ******************************************************************************
   3:Src/stm32f3xx_hal_msp.c ****   * File Name          : stm32f3xx_hal_msp.c
   4:Src/stm32f3xx_hal_msp.c ****   * Description        : This file provides code for the MSP Initialization 
   5:Src/stm32f3xx_hal_msp.c ****   *                      and de-Initialization codes.
   6:Src/stm32f3xx_hal_msp.c ****   ******************************************************************************
   7:Src/stm32f3xx_hal_msp.c ****   ** This notice applies to any and all portions of this file
   8:Src/stm32f3xx_hal_msp.c ****   * that are not between comment pairs USER CODE BEGIN and
   9:Src/stm32f3xx_hal_msp.c ****   * USER CODE END. Other portions of this file, whether 
  10:Src/stm32f3xx_hal_msp.c ****   * inserted by the user or by software development tools
  11:Src/stm32f3xx_hal_msp.c ****   * are owned by their respective copyright owners.
  12:Src/stm32f3xx_hal_msp.c ****   *
  13:Src/stm32f3xx_hal_msp.c ****   * COPYRIGHT(c) 2018 STMicroelectronics
  14:Src/stm32f3xx_hal_msp.c ****   *
  15:Src/stm32f3xx_hal_msp.c ****   * Redistribution and use in source and binary forms, with or without modification,
  16:Src/stm32f3xx_hal_msp.c ****   * are permitted provided that the following conditions are met:
  17:Src/stm32f3xx_hal_msp.c ****   *   1. Redistributions of source code must retain the above copyright notice,
  18:Src/stm32f3xx_hal_msp.c ****   *      this list of conditions and the following disclaimer.
  19:Src/stm32f3xx_hal_msp.c ****   *   2. Redistributions in binary form must reproduce the above copyright notice,
  20:Src/stm32f3xx_hal_msp.c ****   *      this list of conditions and the following disclaimer in the documentation
  21:Src/stm32f3xx_hal_msp.c ****   *      and/or other materials provided with the distribution.
  22:Src/stm32f3xx_hal_msp.c ****   *   3. Neither the name of STMicroelectronics nor the names of its contributors
  23:Src/stm32f3xx_hal_msp.c ****   *      may be used to endorse or promote products derived from this software
  24:Src/stm32f3xx_hal_msp.c ****   *      without specific prior written permission.
  25:Src/stm32f3xx_hal_msp.c ****   *
  26:Src/stm32f3xx_hal_msp.c ****   * THIS SOFTWARE IS PROVIDED BY THE COPYRIGHT HOLDERS AND CONTRIBUTORS "AS IS"
  27:Src/stm32f3xx_hal_msp.c ****   * AND ANY EXPRESS OR IMPLIED WARRANTIES, INCLUDING, BUT NOT LIMITED TO, THE
  28:Src/stm32f3xx_hal_msp.c ****   * IMPLIED WARRANTIES OF MERCHANTABILITY AND FITNESS FOR A PARTICULAR PURPOSE ARE
  29:Src/stm32f3xx_hal_msp.c ****   * DISCLAIMED. IN NO EVENT SHALL THE COPYRIGHT HOLDER OR CONTRIBUTORS BE LIABLE
  30:Src/stm32f3xx_hal_msp.c ****   * FOR ANY DIRECT, INDIRECT, INCIDENTAL, SPECIAL, EXEMPLARY, OR CONSEQUENTIAL
  31:Src/stm32f3xx_hal_msp.c ****   * DAMAGES (INCLUDING, BUT NOT LIMITED TO, PROCUREMENT OF SUBSTITUTE GOODS OR
ARM GAS  /tmp/ccjVlEyC.s 			page 2


  32:Src/stm32f3xx_hal_msp.c ****   * SERVICES; LOSS OF USE, DATA, OR PROFITS; OR BUSINESS INTERRUPTION) HOWEVER
  33:Src/stm32f3xx_hal_msp.c ****   * CAUSED AND ON ANY THEORY OF LIABILITY, WHETHER IN CONTRACT, STRICT LIABILITY,
  34:Src/stm32f3xx_hal_msp.c ****   * OR TORT (INCLUDING NEGLIGENCE OR OTHERWISE) ARISING IN ANY WAY OUT OF THE USE
  35:Src/stm32f3xx_hal_msp.c ****   * OF THIS SOFTWARE, EVEN IF ADVISED OF THE POSSIBILITY OF SUCH DAMAGE.
  36:Src/stm32f3xx_hal_msp.c ****   *
  37:Src/stm32f3xx_hal_msp.c ****   ******************************************************************************
  38:Src/stm32f3xx_hal_msp.c ****   */
  39:Src/stm32f3xx_hal_msp.c **** /* Includes ------------------------------------------------------------------*/
  40:Src/stm32f3xx_hal_msp.c **** #include "stm32f3xx_hal.h"
  41:Src/stm32f3xx_hal_msp.c **** extern void _Error_Handler(char *, int);
  42:Src/stm32f3xx_hal_msp.c **** /* USER CODE BEGIN 0 */
  43:Src/stm32f3xx_hal_msp.c **** 
  44:Src/stm32f3xx_hal_msp.c **** /* USER CODE END 0 */
  45:Src/stm32f3xx_hal_msp.c **** /**
  46:Src/stm32f3xx_hal_msp.c ****   * Initializes the Global MSP.
  47:Src/stm32f3xx_hal_msp.c ****   */
  48:Src/stm32f3xx_hal_msp.c **** void HAL_MspInit(void)
  49:Src/stm32f3xx_hal_msp.c **** {
  28              		.loc 1 49 0
  29              		.cfi_startproc
  30              		@ args = 0, pretend = 0, frame = 8
  31              		@ frame_needed = 0, uses_anonymous_args = 0
  32 0000 00B5     		push	{lr}
  33              	.LCFI0:
  34              		.cfi_def_cfa_offset 4
  35              		.cfi_offset 14, -4
  36 0002 83B0     		sub	sp, sp, #12
  37              	.LCFI1:
  38              		.cfi_def_cfa_offset 16
  39              	.LBB2:
  50:Src/stm32f3xx_hal_msp.c ****   /* USER CODE BEGIN MspInit 0 */
  51:Src/stm32f3xx_hal_msp.c **** 
  52:Src/stm32f3xx_hal_msp.c ****   /* USER CODE END MspInit 0 */
  53:Src/stm32f3xx_hal_msp.c **** 
  54:Src/stm32f3xx_hal_msp.c ****   __HAL_RCC_SYSCFG_CLK_ENABLE();
  40              		.loc 1 54 0
  41 0004 214B     		ldr	r3, .L3
  42 0006 9A69     		ldr	r2, [r3, #24]
  43 0008 42F00102 		orr	r2, r2, #1
  44 000c 9A61     		str	r2, [r3, #24]
  45 000e 9A69     		ldr	r2, [r3, #24]
  46 0010 02F00102 		and	r2, r2, #1
  47 0014 0092     		str	r2, [sp]
  48 0016 009A     		ldr	r2, [sp]
  49              	.LBE2:
  50              	.LBB3:
  55:Src/stm32f3xx_hal_msp.c ****   __HAL_RCC_PWR_CLK_ENABLE();
  51              		.loc 1 55 0
  52 0018 DA69     		ldr	r2, [r3, #28]
  53 001a 42F08052 		orr	r2, r2, #268435456
  54 001e DA61     		str	r2, [r3, #28]
  55 0020 DB69     		ldr	r3, [r3, #28]
  56 0022 03F08053 		and	r3, r3, #268435456
  57 0026 0193     		str	r3, [sp, #4]
  58 0028 019B     		ldr	r3, [sp, #4]
  59              	.LBE3:
  56:Src/stm32f3xx_hal_msp.c **** 
ARM GAS  /tmp/ccjVlEyC.s 			page 3


  57:Src/stm32f3xx_hal_msp.c ****   HAL_NVIC_SetPriorityGrouping(NVIC_PRIORITYGROUP_0);
  60              		.loc 1 57 0
  61 002a 0720     		movs	r0, #7
  62 002c FFF7FEFF 		bl	HAL_NVIC_SetPriorityGrouping
  63              	.LVL0:
  58:Src/stm32f3xx_hal_msp.c **** 
  59:Src/stm32f3xx_hal_msp.c ****   /* System interrupt init*/
  60:Src/stm32f3xx_hal_msp.c ****   /* MemoryManagement_IRQn interrupt configuration */
  61:Src/stm32f3xx_hal_msp.c ****   HAL_NVIC_SetPriority(MemoryManagement_IRQn, 0, 0);
  64              		.loc 1 61 0
  65 0030 0022     		movs	r2, #0
  66 0032 1146     		mov	r1, r2
  67 0034 6FF00B00 		mvn	r0, #11
  68 0038 FFF7FEFF 		bl	HAL_NVIC_SetPriority
  69              	.LVL1:
  62:Src/stm32f3xx_hal_msp.c ****   /* BusFault_IRQn interrupt configuration */
  63:Src/stm32f3xx_hal_msp.c ****   HAL_NVIC_SetPriority(BusFault_IRQn, 0, 0);
  70              		.loc 1 63 0
  71 003c 0022     		movs	r2, #0
  72 003e 1146     		mov	r1, r2
  73 0040 6FF00A00 		mvn	r0, #10
  74 0044 FFF7FEFF 		bl	HAL_NVIC_SetPriority
  75              	.LVL2:
  64:Src/stm32f3xx_hal_msp.c ****   /* UsageFault_IRQn interrupt configuration */
  65:Src/stm32f3xx_hal_msp.c ****   HAL_NVIC_SetPriority(UsageFault_IRQn, 0, 0);
  76              		.loc 1 65 0
  77 0048 0022     		movs	r2, #0
  78 004a 1146     		mov	r1, r2
  79 004c 6FF00900 		mvn	r0, #9
  80 0050 FFF7FEFF 		bl	HAL_NVIC_SetPriority
  81              	.LVL3:
  66:Src/stm32f3xx_hal_msp.c ****   /* SVCall_IRQn interrupt configuration */
  67:Src/stm32f3xx_hal_msp.c ****   HAL_NVIC_SetPriority(SVCall_IRQn, 0, 0);
  82              		.loc 1 67 0
  83 0054 0022     		movs	r2, #0
  84 0056 1146     		mov	r1, r2
  85 0058 6FF00400 		mvn	r0, #4
  86 005c FFF7FEFF 		bl	HAL_NVIC_SetPriority
  87              	.LVL4:
  68:Src/stm32f3xx_hal_msp.c ****   /* DebugMonitor_IRQn interrupt configuration */
  69:Src/stm32f3xx_hal_msp.c ****   HAL_NVIC_SetPriority(DebugMonitor_IRQn, 0, 0);
  88              		.loc 1 69 0
  89 0060 0022     		movs	r2, #0
  90 0062 1146     		mov	r1, r2
  91 0064 6FF00300 		mvn	r0, #3
  92 0068 FFF7FEFF 		bl	HAL_NVIC_SetPriority
  93              	.LVL5:
  70:Src/stm32f3xx_hal_msp.c ****   /* PendSV_IRQn interrupt configuration */
  71:Src/stm32f3xx_hal_msp.c ****   HAL_NVIC_SetPriority(PendSV_IRQn, 0, 0);
  94              		.loc 1 71 0
  95 006c 0022     		movs	r2, #0
  96 006e 1146     		mov	r1, r2
  97 0070 6FF00100 		mvn	r0, #1
  98 0074 FFF7FEFF 		bl	HAL_NVIC_SetPriority
  99              	.LVL6:
  72:Src/stm32f3xx_hal_msp.c ****   /* SysTick_IRQn interrupt configuration */
  73:Src/stm32f3xx_hal_msp.c ****   HAL_NVIC_SetPriority(SysTick_IRQn, 0, 0);
ARM GAS  /tmp/ccjVlEyC.s 			page 4


 100              		.loc 1 73 0
 101 0078 0022     		movs	r2, #0
 102 007a 1146     		mov	r1, r2
 103 007c 4FF0FF30 		mov	r0, #-1
 104 0080 FFF7FEFF 		bl	HAL_NVIC_SetPriority
 105              	.LVL7:
  74:Src/stm32f3xx_hal_msp.c **** 
  75:Src/stm32f3xx_hal_msp.c ****   /* USER CODE BEGIN MspInit 1 */
  76:Src/stm32f3xx_hal_msp.c **** 
  77:Src/stm32f3xx_hal_msp.c ****   /* USER CODE END MspInit 1 */
  78:Src/stm32f3xx_hal_msp.c **** }
 106              		.loc 1 78 0
 107 0084 03B0     		add	sp, sp, #12
 108              	.LCFI2:
 109              		.cfi_def_cfa_offset 4
 110              		@ sp needed
 111 0086 5DF804FB 		ldr	pc, [sp], #4
 112              	.L4:
 113 008a 00BF     		.align	2
 114              	.L3:
 115 008c 00100240 		.word	1073876992
 116              		.cfi_endproc
 117              	.LFE126:
 119              		.text
 120              	.Letext0:
 121              		.file 2 "/home/logic/STM32Toolchain/gcc-arm/arm-none-eabi/include/machine/_default_types.h"
 122              		.file 3 "/home/logic/STM32Toolchain/gcc-arm/arm-none-eabi/include/sys/_stdint.h"
 123              		.file 4 "Drivers/CMSIS/Include/core_cm4.h"
 124              		.file 5 "Drivers/CMSIS/Device/ST/STM32F3xx/Include/system_stm32f3xx.h"
 125              		.file 6 "Drivers/CMSIS/Device/ST/STM32F3xx/Include/stm32f303xe.h"
 126              		.file 7 "/home/logic/STM32Toolchain/gcc-arm/arm-none-eabi/include/sys/lock.h"
 127              		.file 8 "/home/logic/STM32Toolchain/gcc-arm/arm-none-eabi/include/sys/_types.h"
 128              		.file 9 "/home/logic/STM32Toolchain/gcc-arm/lib/gcc/arm-none-eabi/7.3.1/include/stddef.h"
 129              		.file 10 "/home/logic/STM32Toolchain/gcc-arm/arm-none-eabi/include/sys/reent.h"
 130              		.file 11 "Drivers/STM32F3xx_HAL_Driver/Inc/stm32f3xx_hal.h"
 131              		.file 12 "Drivers/STM32F3xx_HAL_Driver/Inc/stm32f3xx_hal_cortex.h"
ARM GAS  /tmp/ccjVlEyC.s 			page 5


DEFINED SYMBOLS
                            *ABS*:0000000000000000 stm32f3xx_hal_msp.c
     /tmp/ccjVlEyC.s:18     .text.HAL_MspInit:0000000000000000 $t
     /tmp/ccjVlEyC.s:25     .text.HAL_MspInit:0000000000000000 HAL_MspInit
     /tmp/ccjVlEyC.s:115    .text.HAL_MspInit:000000000000008c $d

UNDEFINED SYMBOLS
HAL_NVIC_SetPriorityGrouping
HAL_NVIC_SetPriority
