ARM GAS  /tmp/ccFB9z9c.s 			page 1


   1              		.cpu cortex-m4
   2              		.eabi_attribute 27, 1
   3              		.eabi_attribute 28, 1
   4              		.eabi_attribute 20, 1
   5              		.eabi_attribute 21, 1
   6              		.eabi_attribute 23, 3
   7              		.eabi_attribute 24, 1
   8              		.eabi_attribute 25, 1
   9              		.eabi_attribute 26, 1
  10              		.eabi_attribute 30, 1
  11              		.eabi_attribute 34, 1
  12              		.eabi_attribute 18, 4
  13              		.file	"stm32f3xx_hal.c"
  14              		.text
  15              	.Ltext0:
  16              		.cfi_sections	.debug_frame
  17              		.section	.text.HAL_MspInit,"ax",%progbits
  18              		.align	1
  19              		.weak	HAL_MspInit
  20              		.syntax unified
  21              		.thumb
  22              		.thumb_func
  23              		.fpu fpv4-sp-d16
  25              	HAL_MspInit:
  26              	.LFB128:
  27              		.file 1 "Drivers/STM32F3xx_HAL_Driver/Src/stm32f3xx_hal.c"
   1:Drivers/STM32F3xx_HAL_Driver/Src/stm32f3xx_hal.c **** /**
   2:Drivers/STM32F3xx_HAL_Driver/Src/stm32f3xx_hal.c ****   ******************************************************************************
   3:Drivers/STM32F3xx_HAL_Driver/Src/stm32f3xx_hal.c ****   * @file    stm32f3xx_hal.c
   4:Drivers/STM32F3xx_HAL_Driver/Src/stm32f3xx_hal.c ****   * @author  MCD Application Team
   5:Drivers/STM32F3xx_HAL_Driver/Src/stm32f3xx_hal.c ****   * @brief   HAL module driver.
   6:Drivers/STM32F3xx_HAL_Driver/Src/stm32f3xx_hal.c ****   *          This is the common part of the HAL initialization
   7:Drivers/STM32F3xx_HAL_Driver/Src/stm32f3xx_hal.c ****   *
   8:Drivers/STM32F3xx_HAL_Driver/Src/stm32f3xx_hal.c ****   @verbatim
   9:Drivers/STM32F3xx_HAL_Driver/Src/stm32f3xx_hal.c ****   ==============================================================================
  10:Drivers/STM32F3xx_HAL_Driver/Src/stm32f3xx_hal.c ****                      ##### How to use this driver #####
  11:Drivers/STM32F3xx_HAL_Driver/Src/stm32f3xx_hal.c ****   ==============================================================================
  12:Drivers/STM32F3xx_HAL_Driver/Src/stm32f3xx_hal.c ****     [..]
  13:Drivers/STM32F3xx_HAL_Driver/Src/stm32f3xx_hal.c ****     The common HAL driver contains a set of generic and common APIs that can be
  14:Drivers/STM32F3xx_HAL_Driver/Src/stm32f3xx_hal.c ****     used by the PPP peripheral drivers and the user to start using the HAL.
  15:Drivers/STM32F3xx_HAL_Driver/Src/stm32f3xx_hal.c ****     [..]
  16:Drivers/STM32F3xx_HAL_Driver/Src/stm32f3xx_hal.c ****     The HAL contains two APIs categories:
  17:Drivers/STM32F3xx_HAL_Driver/Src/stm32f3xx_hal.c ****          (+) HAL Initialization and de-initialization functions
  18:Drivers/STM32F3xx_HAL_Driver/Src/stm32f3xx_hal.c ****          (+) HAL Control functions
  19:Drivers/STM32F3xx_HAL_Driver/Src/stm32f3xx_hal.c **** 
  20:Drivers/STM32F3xx_HAL_Driver/Src/stm32f3xx_hal.c ****   @endverbatim
  21:Drivers/STM32F3xx_HAL_Driver/Src/stm32f3xx_hal.c ****   ******************************************************************************
  22:Drivers/STM32F3xx_HAL_Driver/Src/stm32f3xx_hal.c ****   * @attention
  23:Drivers/STM32F3xx_HAL_Driver/Src/stm32f3xx_hal.c ****   *
  24:Drivers/STM32F3xx_HAL_Driver/Src/stm32f3xx_hal.c ****   * <h2><center>&copy; COPYRIGHT(c) 2016 STMicroelectronics</center></h2>
  25:Drivers/STM32F3xx_HAL_Driver/Src/stm32f3xx_hal.c ****   *
  26:Drivers/STM32F3xx_HAL_Driver/Src/stm32f3xx_hal.c ****   * Redistribution and use in source and binary forms, with or without modification,
  27:Drivers/STM32F3xx_HAL_Driver/Src/stm32f3xx_hal.c ****   * are permitted provided that the following conditions are met:
  28:Drivers/STM32F3xx_HAL_Driver/Src/stm32f3xx_hal.c ****   *   1. Redistributions of source code must retain the above copyright notice,
  29:Drivers/STM32F3xx_HAL_Driver/Src/stm32f3xx_hal.c ****   *      this list of conditions and the following disclaimer.
  30:Drivers/STM32F3xx_HAL_Driver/Src/stm32f3xx_hal.c ****   *   2. Redistributions in binary form must reproduce the above copyright notice,
  31:Drivers/STM32F3xx_HAL_Driver/Src/stm32f3xx_hal.c ****   *      this list of conditions and the following disclaimer in the documentation
ARM GAS  /tmp/ccFB9z9c.s 			page 2


  32:Drivers/STM32F3xx_HAL_Driver/Src/stm32f3xx_hal.c ****   *      and/or other materials provided with the distribution.
  33:Drivers/STM32F3xx_HAL_Driver/Src/stm32f3xx_hal.c ****   *   3. Neither the name of STMicroelectronics nor the names of its contributors
  34:Drivers/STM32F3xx_HAL_Driver/Src/stm32f3xx_hal.c ****   *      may be used to endorse or promote products derived from this software
  35:Drivers/STM32F3xx_HAL_Driver/Src/stm32f3xx_hal.c ****   *      without specific prior written permission.
  36:Drivers/STM32F3xx_HAL_Driver/Src/stm32f3xx_hal.c ****   *
  37:Drivers/STM32F3xx_HAL_Driver/Src/stm32f3xx_hal.c ****   * THIS SOFTWARE IS PROVIDED BY THE COPYRIGHT HOLDERS AND CONTRIBUTORS "AS IS"
  38:Drivers/STM32F3xx_HAL_Driver/Src/stm32f3xx_hal.c ****   * AND ANY EXPRESS OR IMPLIED WARRANTIES, INCLUDING, BUT NOT LIMITED TO, THE
  39:Drivers/STM32F3xx_HAL_Driver/Src/stm32f3xx_hal.c ****   * IMPLIED WARRANTIES OF MERCHANTABILITY AND FITNESS FOR A PARTICULAR PURPOSE ARE
  40:Drivers/STM32F3xx_HAL_Driver/Src/stm32f3xx_hal.c ****   * DISCLAIMED. IN NO EVENT SHALL THE COPYRIGHT HOLDER OR CONTRIBUTORS BE LIABLE
  41:Drivers/STM32F3xx_HAL_Driver/Src/stm32f3xx_hal.c ****   * FOR ANY DIRECT, INDIRECT, INCIDENTAL, SPECIAL, EXEMPLARY, OR CONSEQUENTIAL
  42:Drivers/STM32F3xx_HAL_Driver/Src/stm32f3xx_hal.c ****   * DAMAGES (INCLUDING, BUT NOT LIMITED TO, PROCUREMENT OF SUBSTITUTE GOODS OR
  43:Drivers/STM32F3xx_HAL_Driver/Src/stm32f3xx_hal.c ****   * SERVICES; LOSS OF USE, DATA, OR PROFITS; OR BUSINESS INTERRUPTION) HOWEVER
  44:Drivers/STM32F3xx_HAL_Driver/Src/stm32f3xx_hal.c ****   * CAUSED AND ON ANY THEORY OF LIABILITY, WHETHER IN CONTRACT, STRICT LIABILITY,
  45:Drivers/STM32F3xx_HAL_Driver/Src/stm32f3xx_hal.c ****   * OR TORT (INCLUDING NEGLIGENCE OR OTHERWISE) ARISING IN ANY WAY OUT OF THE USE
  46:Drivers/STM32F3xx_HAL_Driver/Src/stm32f3xx_hal.c ****   * OF THIS SOFTWARE, EVEN IF ADVISED OF THE POSSIBILITY OF SUCH DAMAGE.
  47:Drivers/STM32F3xx_HAL_Driver/Src/stm32f3xx_hal.c ****   *
  48:Drivers/STM32F3xx_HAL_Driver/Src/stm32f3xx_hal.c ****   ******************************************************************************  
  49:Drivers/STM32F3xx_HAL_Driver/Src/stm32f3xx_hal.c ****   */
  50:Drivers/STM32F3xx_HAL_Driver/Src/stm32f3xx_hal.c **** 
  51:Drivers/STM32F3xx_HAL_Driver/Src/stm32f3xx_hal.c **** /* Includes ------------------------------------------------------------------*/
  52:Drivers/STM32F3xx_HAL_Driver/Src/stm32f3xx_hal.c **** #include "stm32f3xx_hal.h"
  53:Drivers/STM32F3xx_HAL_Driver/Src/stm32f3xx_hal.c **** 
  54:Drivers/STM32F3xx_HAL_Driver/Src/stm32f3xx_hal.c **** /** @addtogroup STM32F3xx_HAL_Driver
  55:Drivers/STM32F3xx_HAL_Driver/Src/stm32f3xx_hal.c ****   * @{
  56:Drivers/STM32F3xx_HAL_Driver/Src/stm32f3xx_hal.c ****   */
  57:Drivers/STM32F3xx_HAL_Driver/Src/stm32f3xx_hal.c **** 
  58:Drivers/STM32F3xx_HAL_Driver/Src/stm32f3xx_hal.c **** /** @defgroup HAL HAL
  59:Drivers/STM32F3xx_HAL_Driver/Src/stm32f3xx_hal.c ****   * @brief HAL module driver.
  60:Drivers/STM32F3xx_HAL_Driver/Src/stm32f3xx_hal.c ****   * @{
  61:Drivers/STM32F3xx_HAL_Driver/Src/stm32f3xx_hal.c ****   */
  62:Drivers/STM32F3xx_HAL_Driver/Src/stm32f3xx_hal.c **** 
  63:Drivers/STM32F3xx_HAL_Driver/Src/stm32f3xx_hal.c **** #ifdef HAL_MODULE_ENABLED
  64:Drivers/STM32F3xx_HAL_Driver/Src/stm32f3xx_hal.c **** 
  65:Drivers/STM32F3xx_HAL_Driver/Src/stm32f3xx_hal.c **** /* Private typedef -----------------------------------------------------------*/
  66:Drivers/STM32F3xx_HAL_Driver/Src/stm32f3xx_hal.c **** /* Private define ------------------------------------------------------------*/
  67:Drivers/STM32F3xx_HAL_Driver/Src/stm32f3xx_hal.c **** /** @defgroup HAL_Private Constants
  68:Drivers/STM32F3xx_HAL_Driver/Src/stm32f3xx_hal.c ****   * @{
  69:Drivers/STM32F3xx_HAL_Driver/Src/stm32f3xx_hal.c ****   */
  70:Drivers/STM32F3xx_HAL_Driver/Src/stm32f3xx_hal.c **** /**
  71:Drivers/STM32F3xx_HAL_Driver/Src/stm32f3xx_hal.c ****  * @brief STM32F3xx HAL Driver version number V1.5.2
  72:Drivers/STM32F3xx_HAL_Driver/Src/stm32f3xx_hal.c ****    */
  73:Drivers/STM32F3xx_HAL_Driver/Src/stm32f3xx_hal.c **** #define __STM32F3xx_HAL_VERSION_MAIN   (0x01U) /*!< [31:24] main version */
  74:Drivers/STM32F3xx_HAL_Driver/Src/stm32f3xx_hal.c **** #define __STM32F3xx_HAL_VERSION_SUB1   (0x05U) /*!< [23:16] sub1 version */
  75:Drivers/STM32F3xx_HAL_Driver/Src/stm32f3xx_hal.c **** #define __STM32F3xx_HAL_VERSION_SUB2   (0x02U) /*!< [15:8]  sub2 version */
  76:Drivers/STM32F3xx_HAL_Driver/Src/stm32f3xx_hal.c **** #define __STM32F3xx_HAL_VERSION_RC     (0x00U) /*!< [7:0]  release candidate */
  77:Drivers/STM32F3xx_HAL_Driver/Src/stm32f3xx_hal.c **** #define __STM32F3xx_HAL_VERSION         ((__STM32F3xx_HAL_VERSION_MAIN << 24U)\
  78:Drivers/STM32F3xx_HAL_Driver/Src/stm32f3xx_hal.c ****                                         |(__STM32F3xx_HAL_VERSION_SUB1 << 16U)\
  79:Drivers/STM32F3xx_HAL_Driver/Src/stm32f3xx_hal.c ****                                         |(__STM32F3xx_HAL_VERSION_SUB2 << 8U )\
  80:Drivers/STM32F3xx_HAL_Driver/Src/stm32f3xx_hal.c ****                                         |(__STM32F3xx_HAL_VERSION_RC))
  81:Drivers/STM32F3xx_HAL_Driver/Src/stm32f3xx_hal.c **** 
  82:Drivers/STM32F3xx_HAL_Driver/Src/stm32f3xx_hal.c **** #define IDCODE_DEVID_MASK    (0x00000FFFU)
  83:Drivers/STM32F3xx_HAL_Driver/Src/stm32f3xx_hal.c **** /**
  84:Drivers/STM32F3xx_HAL_Driver/Src/stm32f3xx_hal.c ****   * @}
  85:Drivers/STM32F3xx_HAL_Driver/Src/stm32f3xx_hal.c ****   */
  86:Drivers/STM32F3xx_HAL_Driver/Src/stm32f3xx_hal.c ****   
  87:Drivers/STM32F3xx_HAL_Driver/Src/stm32f3xx_hal.c **** /* Private macro -------------------------------------------------------------*/
  88:Drivers/STM32F3xx_HAL_Driver/Src/stm32f3xx_hal.c **** /* Exported variables --------------------------------------------------------*/
ARM GAS  /tmp/ccFB9z9c.s 			page 3


  89:Drivers/STM32F3xx_HAL_Driver/Src/stm32f3xx_hal.c **** /** @defgroup HAL_Exported_Variables HAL Exported Variables
  90:Drivers/STM32F3xx_HAL_Driver/Src/stm32f3xx_hal.c ****   * @{
  91:Drivers/STM32F3xx_HAL_Driver/Src/stm32f3xx_hal.c ****   */
  92:Drivers/STM32F3xx_HAL_Driver/Src/stm32f3xx_hal.c **** __IO uint32_t uwTick;
  93:Drivers/STM32F3xx_HAL_Driver/Src/stm32f3xx_hal.c **** uint32_t uwTickPrio   = (1UL << __NVIC_PRIO_BITS); /* Invalid PRIO */
  94:Drivers/STM32F3xx_HAL_Driver/Src/stm32f3xx_hal.c **** HAL_TickFreqTypeDef uwTickFreq = HAL_TICK_FREQ_DEFAULT;  /* 1KHz */
  95:Drivers/STM32F3xx_HAL_Driver/Src/stm32f3xx_hal.c **** /**
  96:Drivers/STM32F3xx_HAL_Driver/Src/stm32f3xx_hal.c ****   * @}
  97:Drivers/STM32F3xx_HAL_Driver/Src/stm32f3xx_hal.c ****   */
  98:Drivers/STM32F3xx_HAL_Driver/Src/stm32f3xx_hal.c **** /* Private function prototypes -----------------------------------------------*/
  99:Drivers/STM32F3xx_HAL_Driver/Src/stm32f3xx_hal.c **** /* Exported functions ---------------------------------------------------------*/
 100:Drivers/STM32F3xx_HAL_Driver/Src/stm32f3xx_hal.c **** 
 101:Drivers/STM32F3xx_HAL_Driver/Src/stm32f3xx_hal.c **** /** @defgroup HAL_Exported_Functions HAL Exported Functions
 102:Drivers/STM32F3xx_HAL_Driver/Src/stm32f3xx_hal.c ****   * @{
 103:Drivers/STM32F3xx_HAL_Driver/Src/stm32f3xx_hal.c ****   */
 104:Drivers/STM32F3xx_HAL_Driver/Src/stm32f3xx_hal.c **** 
 105:Drivers/STM32F3xx_HAL_Driver/Src/stm32f3xx_hal.c **** /** @defgroup HAL_Exported_Functions_Group1 Initialization and de-initialization Functions 
 106:Drivers/STM32F3xx_HAL_Driver/Src/stm32f3xx_hal.c ****  *  @brief    Initialization and de-initialization functions
 107:Drivers/STM32F3xx_HAL_Driver/Src/stm32f3xx_hal.c ****  *
 108:Drivers/STM32F3xx_HAL_Driver/Src/stm32f3xx_hal.c **** @verbatim
 109:Drivers/STM32F3xx_HAL_Driver/Src/stm32f3xx_hal.c ****  ===============================================================================
 110:Drivers/STM32F3xx_HAL_Driver/Src/stm32f3xx_hal.c ****               ##### Initialization and de-initialization functions #####
 111:Drivers/STM32F3xx_HAL_Driver/Src/stm32f3xx_hal.c ****  ===============================================================================
 112:Drivers/STM32F3xx_HAL_Driver/Src/stm32f3xx_hal.c ****     [..]  This section provides functions allowing to:
 113:Drivers/STM32F3xx_HAL_Driver/Src/stm32f3xx_hal.c ****       (+) Initializes the Flash interface, the NVIC allocation and initial clock 
 114:Drivers/STM32F3xx_HAL_Driver/Src/stm32f3xx_hal.c ****           configuration. It initializes the systick also when timeout is needed
 115:Drivers/STM32F3xx_HAL_Driver/Src/stm32f3xx_hal.c ****           and the backup domain when enabled.
 116:Drivers/STM32F3xx_HAL_Driver/Src/stm32f3xx_hal.c ****       (+) de-Initializes common part of the HAL.
 117:Drivers/STM32F3xx_HAL_Driver/Src/stm32f3xx_hal.c ****       (+) Configure The time base source to have 1ms time base with a dedicated 
 118:Drivers/STM32F3xx_HAL_Driver/Src/stm32f3xx_hal.c ****           Tick interrupt priority. 
 119:Drivers/STM32F3xx_HAL_Driver/Src/stm32f3xx_hal.c ****         (++) SysTick timer is used by default as source of time base, but user 
 120:Drivers/STM32F3xx_HAL_Driver/Src/stm32f3xx_hal.c ****              can eventually implement his proper time base source (a general purpose 
 121:Drivers/STM32F3xx_HAL_Driver/Src/stm32f3xx_hal.c ****              timer for example or other time source), keeping in mind that Time base 
 122:Drivers/STM32F3xx_HAL_Driver/Src/stm32f3xx_hal.c ****              duration should be kept 1ms since PPP_TIMEOUT_VALUEs are defined and 
 123:Drivers/STM32F3xx_HAL_Driver/Src/stm32f3xx_hal.c ****              handled in milliseconds basis.
 124:Drivers/STM32F3xx_HAL_Driver/Src/stm32f3xx_hal.c ****         (++) Time base configuration function (HAL_InitTick ()) is called automatically 
 125:Drivers/STM32F3xx_HAL_Driver/Src/stm32f3xx_hal.c ****              at the beginning of the program after reset by HAL_Init() or at any time 
 126:Drivers/STM32F3xx_HAL_Driver/Src/stm32f3xx_hal.c ****              when clock is configured, by HAL_RCC_ClockConfig(). 
 127:Drivers/STM32F3xx_HAL_Driver/Src/stm32f3xx_hal.c ****         (++) Source of time base is configured  to generate interrupts at regular 
 128:Drivers/STM32F3xx_HAL_Driver/Src/stm32f3xx_hal.c ****              time intervals. Care must be taken if HAL_Delay() is called from a 
 129:Drivers/STM32F3xx_HAL_Driver/Src/stm32f3xx_hal.c ****              peripheral ISR process, the Tick interrupt line must have higher priority 
 130:Drivers/STM32F3xx_HAL_Driver/Src/stm32f3xx_hal.c ****             (numerically lower) than the peripheral interrupt. Otherwise the caller 
 131:Drivers/STM32F3xx_HAL_Driver/Src/stm32f3xx_hal.c ****             ISR process will be blocked. 
 132:Drivers/STM32F3xx_HAL_Driver/Src/stm32f3xx_hal.c ****        (++) functions affecting time base configurations are declared as __Weak  
 133:Drivers/STM32F3xx_HAL_Driver/Src/stm32f3xx_hal.c ****              to make  override possible  in case of other  implementations in user file.
 134:Drivers/STM32F3xx_HAL_Driver/Src/stm32f3xx_hal.c **** 
 135:Drivers/STM32F3xx_HAL_Driver/Src/stm32f3xx_hal.c **** @endverbatim
 136:Drivers/STM32F3xx_HAL_Driver/Src/stm32f3xx_hal.c ****   * @{
 137:Drivers/STM32F3xx_HAL_Driver/Src/stm32f3xx_hal.c ****   */
 138:Drivers/STM32F3xx_HAL_Driver/Src/stm32f3xx_hal.c **** 
 139:Drivers/STM32F3xx_HAL_Driver/Src/stm32f3xx_hal.c **** /**
 140:Drivers/STM32F3xx_HAL_Driver/Src/stm32f3xx_hal.c ****   * @brief  This function configures the Flash prefetch, 
 141:Drivers/STM32F3xx_HAL_Driver/Src/stm32f3xx_hal.c ****   *         Configures time base source, NVIC and Low level hardware
 142:Drivers/STM32F3xx_HAL_Driver/Src/stm32f3xx_hal.c ****   * @note   This function is called at the beginning of program after reset and before 
 143:Drivers/STM32F3xx_HAL_Driver/Src/stm32f3xx_hal.c ****   *         the clock configuration
 144:Drivers/STM32F3xx_HAL_Driver/Src/stm32f3xx_hal.c ****   *             
 145:Drivers/STM32F3xx_HAL_Driver/Src/stm32f3xx_hal.c ****   * @note   The Systick configuration is based on HSI clock, as HSI is the clock
ARM GAS  /tmp/ccFB9z9c.s 			page 4


 146:Drivers/STM32F3xx_HAL_Driver/Src/stm32f3xx_hal.c ****   *         used after a system Reset and the NVIC configuration is set to Priority group 4 
 147:Drivers/STM32F3xx_HAL_Driver/Src/stm32f3xx_hal.c ****   *            
 148:Drivers/STM32F3xx_HAL_Driver/Src/stm32f3xx_hal.c ****   * @note   The time base configuration is based on MSI clock when exting from Reset.
 149:Drivers/STM32F3xx_HAL_Driver/Src/stm32f3xx_hal.c ****   *         Once done, time base tick start incrementing.
 150:Drivers/STM32F3xx_HAL_Driver/Src/stm32f3xx_hal.c ****   *         In the default implementation,Systick is used as source of time base.
 151:Drivers/STM32F3xx_HAL_Driver/Src/stm32f3xx_hal.c ****   *       The tick variable is incremented each 1ms in its ISR.
 152:Drivers/STM32F3xx_HAL_Driver/Src/stm32f3xx_hal.c ****   * @retval HAL status
 153:Drivers/STM32F3xx_HAL_Driver/Src/stm32f3xx_hal.c ****   */
 154:Drivers/STM32F3xx_HAL_Driver/Src/stm32f3xx_hal.c **** HAL_StatusTypeDef HAL_Init(void)
 155:Drivers/STM32F3xx_HAL_Driver/Src/stm32f3xx_hal.c **** {
 156:Drivers/STM32F3xx_HAL_Driver/Src/stm32f3xx_hal.c ****   /* Configure Flash prefetch */
 157:Drivers/STM32F3xx_HAL_Driver/Src/stm32f3xx_hal.c **** #if (PREFETCH_ENABLE != 0U)
 158:Drivers/STM32F3xx_HAL_Driver/Src/stm32f3xx_hal.c ****   __HAL_FLASH_PREFETCH_BUFFER_ENABLE();
 159:Drivers/STM32F3xx_HAL_Driver/Src/stm32f3xx_hal.c **** #endif /* PREFETCH_ENABLE */
 160:Drivers/STM32F3xx_HAL_Driver/Src/stm32f3xx_hal.c **** 
 161:Drivers/STM32F3xx_HAL_Driver/Src/stm32f3xx_hal.c ****   /* Set Interrupt Group Priority */
 162:Drivers/STM32F3xx_HAL_Driver/Src/stm32f3xx_hal.c ****   HAL_NVIC_SetPriorityGrouping(NVIC_PRIORITYGROUP_4);
 163:Drivers/STM32F3xx_HAL_Driver/Src/stm32f3xx_hal.c **** 
 164:Drivers/STM32F3xx_HAL_Driver/Src/stm32f3xx_hal.c ****   /* Enable systick and configure 1ms tick (default clock after Reset is HSI) */
 165:Drivers/STM32F3xx_HAL_Driver/Src/stm32f3xx_hal.c ****   HAL_InitTick(TICK_INT_PRIORITY);
 166:Drivers/STM32F3xx_HAL_Driver/Src/stm32f3xx_hal.c **** 
 167:Drivers/STM32F3xx_HAL_Driver/Src/stm32f3xx_hal.c ****   /* Init the low level hardware */
 168:Drivers/STM32F3xx_HAL_Driver/Src/stm32f3xx_hal.c ****   HAL_MspInit();
 169:Drivers/STM32F3xx_HAL_Driver/Src/stm32f3xx_hal.c **** 
 170:Drivers/STM32F3xx_HAL_Driver/Src/stm32f3xx_hal.c ****   /* Return function status */
 171:Drivers/STM32F3xx_HAL_Driver/Src/stm32f3xx_hal.c ****   return HAL_OK;
 172:Drivers/STM32F3xx_HAL_Driver/Src/stm32f3xx_hal.c **** }
 173:Drivers/STM32F3xx_HAL_Driver/Src/stm32f3xx_hal.c **** 
 174:Drivers/STM32F3xx_HAL_Driver/Src/stm32f3xx_hal.c **** /**
 175:Drivers/STM32F3xx_HAL_Driver/Src/stm32f3xx_hal.c ****   * @brief  This function de-Initializes common part of the HAL and stops the systick.
 176:Drivers/STM32F3xx_HAL_Driver/Src/stm32f3xx_hal.c ****   * @note This function is optional.
 177:Drivers/STM32F3xx_HAL_Driver/Src/stm32f3xx_hal.c ****   * @retval HAL status
 178:Drivers/STM32F3xx_HAL_Driver/Src/stm32f3xx_hal.c ****   */
 179:Drivers/STM32F3xx_HAL_Driver/Src/stm32f3xx_hal.c **** HAL_StatusTypeDef HAL_DeInit(void)
 180:Drivers/STM32F3xx_HAL_Driver/Src/stm32f3xx_hal.c **** {
 181:Drivers/STM32F3xx_HAL_Driver/Src/stm32f3xx_hal.c ****   /* Reset of all peripherals */
 182:Drivers/STM32F3xx_HAL_Driver/Src/stm32f3xx_hal.c ****   __HAL_RCC_APB1_FORCE_RESET();
 183:Drivers/STM32F3xx_HAL_Driver/Src/stm32f3xx_hal.c ****   __HAL_RCC_APB1_RELEASE_RESET();
 184:Drivers/STM32F3xx_HAL_Driver/Src/stm32f3xx_hal.c **** 
 185:Drivers/STM32F3xx_HAL_Driver/Src/stm32f3xx_hal.c ****   __HAL_RCC_APB2_FORCE_RESET();
 186:Drivers/STM32F3xx_HAL_Driver/Src/stm32f3xx_hal.c ****   __HAL_RCC_APB2_RELEASE_RESET();
 187:Drivers/STM32F3xx_HAL_Driver/Src/stm32f3xx_hal.c **** 
 188:Drivers/STM32F3xx_HAL_Driver/Src/stm32f3xx_hal.c ****   __HAL_RCC_AHB_FORCE_RESET();
 189:Drivers/STM32F3xx_HAL_Driver/Src/stm32f3xx_hal.c ****   __HAL_RCC_AHB_RELEASE_RESET();
 190:Drivers/STM32F3xx_HAL_Driver/Src/stm32f3xx_hal.c **** 
 191:Drivers/STM32F3xx_HAL_Driver/Src/stm32f3xx_hal.c ****   /* De-Init the low level hardware */
 192:Drivers/STM32F3xx_HAL_Driver/Src/stm32f3xx_hal.c ****   HAL_MspDeInit();
 193:Drivers/STM32F3xx_HAL_Driver/Src/stm32f3xx_hal.c **** 
 194:Drivers/STM32F3xx_HAL_Driver/Src/stm32f3xx_hal.c ****   /* Return function status */
 195:Drivers/STM32F3xx_HAL_Driver/Src/stm32f3xx_hal.c ****   return HAL_OK;
 196:Drivers/STM32F3xx_HAL_Driver/Src/stm32f3xx_hal.c **** }
 197:Drivers/STM32F3xx_HAL_Driver/Src/stm32f3xx_hal.c **** 
 198:Drivers/STM32F3xx_HAL_Driver/Src/stm32f3xx_hal.c **** /**
 199:Drivers/STM32F3xx_HAL_Driver/Src/stm32f3xx_hal.c ****   * @brief  Initialize the MSP.
 200:Drivers/STM32F3xx_HAL_Driver/Src/stm32f3xx_hal.c ****   * @retval None
 201:Drivers/STM32F3xx_HAL_Driver/Src/stm32f3xx_hal.c ****   */
 202:Drivers/STM32F3xx_HAL_Driver/Src/stm32f3xx_hal.c **** __weak void HAL_MspInit(void)
ARM GAS  /tmp/ccFB9z9c.s 			page 5


 203:Drivers/STM32F3xx_HAL_Driver/Src/stm32f3xx_hal.c **** {
  28              		.loc 1 203 0
  29              		.cfi_startproc
  30              		@ args = 0, pretend = 0, frame = 0
  31              		@ frame_needed = 0, uses_anonymous_args = 0
  32              		@ link register save eliminated.
 204:Drivers/STM32F3xx_HAL_Driver/Src/stm32f3xx_hal.c ****   /* NOTE : This function should not be modified, when the callback is needed,
 205:Drivers/STM32F3xx_HAL_Driver/Src/stm32f3xx_hal.c ****             the HAL_MspInit could be implemented in the user file
 206:Drivers/STM32F3xx_HAL_Driver/Src/stm32f3xx_hal.c ****    */
 207:Drivers/STM32F3xx_HAL_Driver/Src/stm32f3xx_hal.c **** }
  33              		.loc 1 207 0
  34 0000 7047     		bx	lr
  35              		.cfi_endproc
  36              	.LFE128:
  38              		.section	.text.HAL_MspDeInit,"ax",%progbits
  39              		.align	1
  40              		.weak	HAL_MspDeInit
  41              		.syntax unified
  42              		.thumb
  43              		.thumb_func
  44              		.fpu fpv4-sp-d16
  46              	HAL_MspDeInit:
  47              	.LFB129:
 208:Drivers/STM32F3xx_HAL_Driver/Src/stm32f3xx_hal.c **** 
 209:Drivers/STM32F3xx_HAL_Driver/Src/stm32f3xx_hal.c **** /**
 210:Drivers/STM32F3xx_HAL_Driver/Src/stm32f3xx_hal.c ****   * @brief  DeInitialize the MSP.
 211:Drivers/STM32F3xx_HAL_Driver/Src/stm32f3xx_hal.c ****   * @retval None
 212:Drivers/STM32F3xx_HAL_Driver/Src/stm32f3xx_hal.c ****   */
 213:Drivers/STM32F3xx_HAL_Driver/Src/stm32f3xx_hal.c **** __weak void HAL_MspDeInit(void)
 214:Drivers/STM32F3xx_HAL_Driver/Src/stm32f3xx_hal.c **** {
  48              		.loc 1 214 0
  49              		.cfi_startproc
  50              		@ args = 0, pretend = 0, frame = 0
  51              		@ frame_needed = 0, uses_anonymous_args = 0
  52              		@ link register save eliminated.
 215:Drivers/STM32F3xx_HAL_Driver/Src/stm32f3xx_hal.c ****   /* NOTE : This function should not be modified, when the callback is needed,
 216:Drivers/STM32F3xx_HAL_Driver/Src/stm32f3xx_hal.c ****             the HAL_MspDeInit could be implemented in the user file
 217:Drivers/STM32F3xx_HAL_Driver/Src/stm32f3xx_hal.c ****    */
 218:Drivers/STM32F3xx_HAL_Driver/Src/stm32f3xx_hal.c **** }
  53              		.loc 1 218 0
  54 0000 7047     		bx	lr
  55              		.cfi_endproc
  56              	.LFE129:
  58              		.section	.text.HAL_DeInit,"ax",%progbits
  59              		.align	1
  60              		.global	HAL_DeInit
  61              		.syntax unified
  62              		.thumb
  63              		.thumb_func
  64              		.fpu fpv4-sp-d16
  66              	HAL_DeInit:
  67              	.LFB127:
 180:Drivers/STM32F3xx_HAL_Driver/Src/stm32f3xx_hal.c ****   /* Reset of all peripherals */
  68              		.loc 1 180 0
  69              		.cfi_startproc
  70              		@ args = 0, pretend = 0, frame = 0
  71              		@ frame_needed = 0, uses_anonymous_args = 0
ARM GAS  /tmp/ccFB9z9c.s 			page 6


  72 0000 10B5     		push	{r4, lr}
  73              	.LCFI0:
  74              		.cfi_def_cfa_offset 8
  75              		.cfi_offset 4, -8
  76              		.cfi_offset 14, -4
 182:Drivers/STM32F3xx_HAL_Driver/Src/stm32f3xx_hal.c ****   __HAL_RCC_APB1_RELEASE_RESET();
  77              		.loc 1 182 0
  78 0002 074B     		ldr	r3, .L5
  79 0004 4FF0FF32 		mov	r2, #-1
  80 0008 1A61     		str	r2, [r3, #16]
 183:Drivers/STM32F3xx_HAL_Driver/Src/stm32f3xx_hal.c **** 
  81              		.loc 1 183 0
  82 000a 0024     		movs	r4, #0
  83 000c 1C61     		str	r4, [r3, #16]
 185:Drivers/STM32F3xx_HAL_Driver/Src/stm32f3xx_hal.c ****   __HAL_RCC_APB2_RELEASE_RESET();
  84              		.loc 1 185 0
  85 000e DA60     		str	r2, [r3, #12]
 186:Drivers/STM32F3xx_HAL_Driver/Src/stm32f3xx_hal.c **** 
  86              		.loc 1 186 0
  87 0010 DC60     		str	r4, [r3, #12]
 188:Drivers/STM32F3xx_HAL_Driver/Src/stm32f3xx_hal.c ****   __HAL_RCC_AHB_RELEASE_RESET();
  88              		.loc 1 188 0
  89 0012 9A62     		str	r2, [r3, #40]
 189:Drivers/STM32F3xx_HAL_Driver/Src/stm32f3xx_hal.c **** 
  90              		.loc 1 189 0
  91 0014 9C62     		str	r4, [r3, #40]
 192:Drivers/STM32F3xx_HAL_Driver/Src/stm32f3xx_hal.c **** 
  92              		.loc 1 192 0
  93 0016 FFF7FEFF 		bl	HAL_MspDeInit
  94              	.LVL0:
 196:Drivers/STM32F3xx_HAL_Driver/Src/stm32f3xx_hal.c **** 
  95              		.loc 1 196 0
  96 001a 2046     		mov	r0, r4
  97 001c 10BD     		pop	{r4, pc}
  98              	.L6:
  99 001e 00BF     		.align	2
 100              	.L5:
 101 0020 00100240 		.word	1073876992
 102              		.cfi_endproc
 103              	.LFE127:
 105              		.section	.text.HAL_InitTick,"ax",%progbits
 106              		.align	1
 107              		.weak	HAL_InitTick
 108              		.syntax unified
 109              		.thumb
 110              		.thumb_func
 111              		.fpu fpv4-sp-d16
 113              	HAL_InitTick:
 114              	.LFB130:
 219:Drivers/STM32F3xx_HAL_Driver/Src/stm32f3xx_hal.c **** 
 220:Drivers/STM32F3xx_HAL_Driver/Src/stm32f3xx_hal.c **** /**
 221:Drivers/STM32F3xx_HAL_Driver/Src/stm32f3xx_hal.c ****   * @brief  This function configures the source of the time base. 
 222:Drivers/STM32F3xx_HAL_Driver/Src/stm32f3xx_hal.c ****   *         The time source is configured  to have 1ms time base with a dedicated 
 223:Drivers/STM32F3xx_HAL_Driver/Src/stm32f3xx_hal.c ****   *         Tick interrupt priority. 
 224:Drivers/STM32F3xx_HAL_Driver/Src/stm32f3xx_hal.c ****   * @note   This function is called  automatically at the beginning of program after
 225:Drivers/STM32F3xx_HAL_Driver/Src/stm32f3xx_hal.c ****   *         reset by HAL_Init() or at any time when clock is reconfigured  by HAL_RCC_ClockConfig()
 226:Drivers/STM32F3xx_HAL_Driver/Src/stm32f3xx_hal.c ****   * @note   In the default implementation , SysTick timer is the source of time base. 
ARM GAS  /tmp/ccFB9z9c.s 			page 7


 227:Drivers/STM32F3xx_HAL_Driver/Src/stm32f3xx_hal.c ****   *         It is used to generate interrupts at regular time intervals. 
 228:Drivers/STM32F3xx_HAL_Driver/Src/stm32f3xx_hal.c ****   *         Care must be taken if HAL_Delay() is called from a peripheral ISR process, 
 229:Drivers/STM32F3xx_HAL_Driver/Src/stm32f3xx_hal.c ****   *         The SysTick interrupt must have higher priority (numerically lower) 
 230:Drivers/STM32F3xx_HAL_Driver/Src/stm32f3xx_hal.c ****   *         than the peripheral interrupt. Otherwise the caller ISR process will be blocked.
 231:Drivers/STM32F3xx_HAL_Driver/Src/stm32f3xx_hal.c ****   *         The function is declared as __Weak  to be overwritten  in case of other
 232:Drivers/STM32F3xx_HAL_Driver/Src/stm32f3xx_hal.c ****   *         implementation  in user file.
 233:Drivers/STM32F3xx_HAL_Driver/Src/stm32f3xx_hal.c ****   * @param TickPriority Tick interrupt priority.
 234:Drivers/STM32F3xx_HAL_Driver/Src/stm32f3xx_hal.c ****   * @retval HAL status
 235:Drivers/STM32F3xx_HAL_Driver/Src/stm32f3xx_hal.c ****   */
 236:Drivers/STM32F3xx_HAL_Driver/Src/stm32f3xx_hal.c **** __weak HAL_StatusTypeDef HAL_InitTick(uint32_t TickPriority)
 237:Drivers/STM32F3xx_HAL_Driver/Src/stm32f3xx_hal.c **** {
 115              		.loc 1 237 0
 116              		.cfi_startproc
 117              		@ args = 0, pretend = 0, frame = 0
 118              		@ frame_needed = 0, uses_anonymous_args = 0
 119              	.LVL1:
 120 0000 10B5     		push	{r4, lr}
 121              	.LCFI1:
 122              		.cfi_def_cfa_offset 8
 123              		.cfi_offset 4, -8
 124              		.cfi_offset 14, -4
 125 0002 0446     		mov	r4, r0
 238:Drivers/STM32F3xx_HAL_Driver/Src/stm32f3xx_hal.c ****   /* Configure the SysTick to have interrupt in 1ms time basis*/
 239:Drivers/STM32F3xx_HAL_Driver/Src/stm32f3xx_hal.c ****   if (HAL_SYSTICK_Config(SystemCoreClock / (1000U / uwTickFreq)) > 0U)
 126              		.loc 1 239 0
 127 0004 0E4B     		ldr	r3, .L13
 128 0006 1878     		ldrb	r0, [r3]	@ zero_extendqisi2
 129              	.LVL2:
 130 0008 4FF47A73 		mov	r3, #1000
 131 000c B3FBF0F3 		udiv	r3, r3, r0
 132 0010 0C4A     		ldr	r2, .L13+4
 133 0012 1068     		ldr	r0, [r2]
 134 0014 B0FBF3F0 		udiv	r0, r0, r3
 135 0018 FFF7FEFF 		bl	HAL_SYSTICK_Config
 136              	.LVL3:
 137 001c 68B9     		cbnz	r0, .L9
 240:Drivers/STM32F3xx_HAL_Driver/Src/stm32f3xx_hal.c ****   {
 241:Drivers/STM32F3xx_HAL_Driver/Src/stm32f3xx_hal.c ****     return HAL_ERROR;
 242:Drivers/STM32F3xx_HAL_Driver/Src/stm32f3xx_hal.c ****   }
 243:Drivers/STM32F3xx_HAL_Driver/Src/stm32f3xx_hal.c **** 
 244:Drivers/STM32F3xx_HAL_Driver/Src/stm32f3xx_hal.c ****   /* Configure the SysTick IRQ priority */
 245:Drivers/STM32F3xx_HAL_Driver/Src/stm32f3xx_hal.c ****   if (TickPriority < (1UL << __NVIC_PRIO_BITS))
 138              		.loc 1 245 0
 139 001e 0F2C     		cmp	r4, #15
 140 0020 01D9     		bls	.L12
 246:Drivers/STM32F3xx_HAL_Driver/Src/stm32f3xx_hal.c ****   {
 247:Drivers/STM32F3xx_HAL_Driver/Src/stm32f3xx_hal.c ****     HAL_NVIC_SetPriority(SysTick_IRQn, TickPriority, 0U);
 248:Drivers/STM32F3xx_HAL_Driver/Src/stm32f3xx_hal.c ****     uwTickPrio = TickPriority;
 249:Drivers/STM32F3xx_HAL_Driver/Src/stm32f3xx_hal.c ****   }
 250:Drivers/STM32F3xx_HAL_Driver/Src/stm32f3xx_hal.c ****   else
 251:Drivers/STM32F3xx_HAL_Driver/Src/stm32f3xx_hal.c ****   {
 252:Drivers/STM32F3xx_HAL_Driver/Src/stm32f3xx_hal.c ****     return HAL_ERROR;
 141              		.loc 1 252 0
 142 0022 0120     		movs	r0, #1
 143 0024 0AE0     		b	.L8
 144              	.L12:
 247:Drivers/STM32F3xx_HAL_Driver/Src/stm32f3xx_hal.c ****     uwTickPrio = TickPriority;
ARM GAS  /tmp/ccFB9z9c.s 			page 8


 145              		.loc 1 247 0
 146 0026 0022     		movs	r2, #0
 147 0028 2146     		mov	r1, r4
 148 002a 4FF0FF30 		mov	r0, #-1
 149 002e FFF7FEFF 		bl	HAL_NVIC_SetPriority
 150              	.LVL4:
 248:Drivers/STM32F3xx_HAL_Driver/Src/stm32f3xx_hal.c ****   }
 151              		.loc 1 248 0
 152 0032 054B     		ldr	r3, .L13+8
 153 0034 1C60     		str	r4, [r3]
 253:Drivers/STM32F3xx_HAL_Driver/Src/stm32f3xx_hal.c ****   }
 254:Drivers/STM32F3xx_HAL_Driver/Src/stm32f3xx_hal.c ****    /* Return function status */
 255:Drivers/STM32F3xx_HAL_Driver/Src/stm32f3xx_hal.c ****   return HAL_OK;
 154              		.loc 1 255 0
 155 0036 0020     		movs	r0, #0
 156 0038 00E0     		b	.L8
 157              	.L9:
 241:Drivers/STM32F3xx_HAL_Driver/Src/stm32f3xx_hal.c ****   }
 158              		.loc 1 241 0
 159 003a 0120     		movs	r0, #1
 160              	.L8:
 256:Drivers/STM32F3xx_HAL_Driver/Src/stm32f3xx_hal.c **** }
 161              		.loc 1 256 0
 162 003c 10BD     		pop	{r4, pc}
 163              	.LVL5:
 164              	.L14:
 165 003e 00BF     		.align	2
 166              	.L13:
 167 0040 00000000 		.word	.LANCHOR0
 168 0044 00000000 		.word	SystemCoreClock
 169 0048 00000000 		.word	.LANCHOR1
 170              		.cfi_endproc
 171              	.LFE130:
 173              		.section	.text.HAL_Init,"ax",%progbits
 174              		.align	1
 175              		.global	HAL_Init
 176              		.syntax unified
 177              		.thumb
 178              		.thumb_func
 179              		.fpu fpv4-sp-d16
 181              	HAL_Init:
 182              	.LFB126:
 155:Drivers/STM32F3xx_HAL_Driver/Src/stm32f3xx_hal.c ****   /* Configure Flash prefetch */
 183              		.loc 1 155 0
 184              		.cfi_startproc
 185              		@ args = 0, pretend = 0, frame = 0
 186              		@ frame_needed = 0, uses_anonymous_args = 0
 187 0000 08B5     		push	{r3, lr}
 188              	.LCFI2:
 189              		.cfi_def_cfa_offset 8
 190              		.cfi_offset 3, -8
 191              		.cfi_offset 14, -4
 158:Drivers/STM32F3xx_HAL_Driver/Src/stm32f3xx_hal.c **** #endif /* PREFETCH_ENABLE */
 192              		.loc 1 158 0
 193 0002 074A     		ldr	r2, .L17
 194 0004 1368     		ldr	r3, [r2]
 195 0006 43F01003 		orr	r3, r3, #16
ARM GAS  /tmp/ccFB9z9c.s 			page 9


 196 000a 1360     		str	r3, [r2]
 162:Drivers/STM32F3xx_HAL_Driver/Src/stm32f3xx_hal.c **** 
 197              		.loc 1 162 0
 198 000c 0320     		movs	r0, #3
 199 000e FFF7FEFF 		bl	HAL_NVIC_SetPriorityGrouping
 200              	.LVL6:
 165:Drivers/STM32F3xx_HAL_Driver/Src/stm32f3xx_hal.c **** 
 201              		.loc 1 165 0
 202 0012 0020     		movs	r0, #0
 203 0014 FFF7FEFF 		bl	HAL_InitTick
 204              	.LVL7:
 168:Drivers/STM32F3xx_HAL_Driver/Src/stm32f3xx_hal.c **** 
 205              		.loc 1 168 0
 206 0018 FFF7FEFF 		bl	HAL_MspInit
 207              	.LVL8:
 172:Drivers/STM32F3xx_HAL_Driver/Src/stm32f3xx_hal.c **** 
 208              		.loc 1 172 0
 209 001c 0020     		movs	r0, #0
 210 001e 08BD     		pop	{r3, pc}
 211              	.L18:
 212              		.align	2
 213              	.L17:
 214 0020 00200240 		.word	1073881088
 215              		.cfi_endproc
 216              	.LFE126:
 218              		.section	.text.HAL_IncTick,"ax",%progbits
 219              		.align	1
 220              		.weak	HAL_IncTick
 221              		.syntax unified
 222              		.thumb
 223              		.thumb_func
 224              		.fpu fpv4-sp-d16
 226              	HAL_IncTick:
 227              	.LFB131:
 257:Drivers/STM32F3xx_HAL_Driver/Src/stm32f3xx_hal.c **** 
 258:Drivers/STM32F3xx_HAL_Driver/Src/stm32f3xx_hal.c **** /**
 259:Drivers/STM32F3xx_HAL_Driver/Src/stm32f3xx_hal.c ****   * @}
 260:Drivers/STM32F3xx_HAL_Driver/Src/stm32f3xx_hal.c ****   */
 261:Drivers/STM32F3xx_HAL_Driver/Src/stm32f3xx_hal.c **** 
 262:Drivers/STM32F3xx_HAL_Driver/Src/stm32f3xx_hal.c **** /** @defgroup HAL_Exported_Functions_Group2 HAL Control functions 
 263:Drivers/STM32F3xx_HAL_Driver/Src/stm32f3xx_hal.c ****  *  @brief    HAL Control functions
 264:Drivers/STM32F3xx_HAL_Driver/Src/stm32f3xx_hal.c ****  *
 265:Drivers/STM32F3xx_HAL_Driver/Src/stm32f3xx_hal.c **** @verbatim
 266:Drivers/STM32F3xx_HAL_Driver/Src/stm32f3xx_hal.c ****  ===============================================================================
 267:Drivers/STM32F3xx_HAL_Driver/Src/stm32f3xx_hal.c ****                       ##### HAL Control functions #####
 268:Drivers/STM32F3xx_HAL_Driver/Src/stm32f3xx_hal.c ****  ===============================================================================
 269:Drivers/STM32F3xx_HAL_Driver/Src/stm32f3xx_hal.c ****     [..]  This section provides functions allowing to:
 270:Drivers/STM32F3xx_HAL_Driver/Src/stm32f3xx_hal.c ****       (+) Provide a tick value in millisecond
 271:Drivers/STM32F3xx_HAL_Driver/Src/stm32f3xx_hal.c ****       (+) Provide a blocking delay in millisecond
 272:Drivers/STM32F3xx_HAL_Driver/Src/stm32f3xx_hal.c ****       (+) Suspend the time base source interrupt
 273:Drivers/STM32F3xx_HAL_Driver/Src/stm32f3xx_hal.c ****       (+) Resume the time base source interrupt
 274:Drivers/STM32F3xx_HAL_Driver/Src/stm32f3xx_hal.c ****       (+) Get the HAL API driver version
 275:Drivers/STM32F3xx_HAL_Driver/Src/stm32f3xx_hal.c ****       (+) Get the device identifier
 276:Drivers/STM32F3xx_HAL_Driver/Src/stm32f3xx_hal.c ****       (+) Get the device revision identifier
 277:Drivers/STM32F3xx_HAL_Driver/Src/stm32f3xx_hal.c ****       (+) Enable/Disable Debug module during Sleep mode
 278:Drivers/STM32F3xx_HAL_Driver/Src/stm32f3xx_hal.c ****       (+) Enable/Disable Debug module during STOP mode
 279:Drivers/STM32F3xx_HAL_Driver/Src/stm32f3xx_hal.c ****       (+) Enable/Disable Debug module during STANDBY mode
ARM GAS  /tmp/ccFB9z9c.s 			page 10


 280:Drivers/STM32F3xx_HAL_Driver/Src/stm32f3xx_hal.c ****       
 281:Drivers/STM32F3xx_HAL_Driver/Src/stm32f3xx_hal.c **** @endverbatim
 282:Drivers/STM32F3xx_HAL_Driver/Src/stm32f3xx_hal.c ****   * @{
 283:Drivers/STM32F3xx_HAL_Driver/Src/stm32f3xx_hal.c ****   */
 284:Drivers/STM32F3xx_HAL_Driver/Src/stm32f3xx_hal.c **** 
 285:Drivers/STM32F3xx_HAL_Driver/Src/stm32f3xx_hal.c **** /**
 286:Drivers/STM32F3xx_HAL_Driver/Src/stm32f3xx_hal.c ****   * @brief  This function is called to increment  a global variable "uwTick"
 287:Drivers/STM32F3xx_HAL_Driver/Src/stm32f3xx_hal.c ****   *         used as application time base.
 288:Drivers/STM32F3xx_HAL_Driver/Src/stm32f3xx_hal.c ****   * @note In the default implementation, this variable is incremented each 1ms
 289:Drivers/STM32F3xx_HAL_Driver/Src/stm32f3xx_hal.c ****   *         in SysTick ISR.
 290:Drivers/STM32F3xx_HAL_Driver/Src/stm32f3xx_hal.c ****   * @note This function is declared as __weak to be overwritten in case of other 
 291:Drivers/STM32F3xx_HAL_Driver/Src/stm32f3xx_hal.c ****   *         implementations  in user file.
 292:Drivers/STM32F3xx_HAL_Driver/Src/stm32f3xx_hal.c ****   * @retval None
 293:Drivers/STM32F3xx_HAL_Driver/Src/stm32f3xx_hal.c ****   */
 294:Drivers/STM32F3xx_HAL_Driver/Src/stm32f3xx_hal.c **** __weak void HAL_IncTick(void)
 295:Drivers/STM32F3xx_HAL_Driver/Src/stm32f3xx_hal.c **** {
 228              		.loc 1 295 0
 229              		.cfi_startproc
 230              		@ args = 0, pretend = 0, frame = 0
 231              		@ frame_needed = 0, uses_anonymous_args = 0
 232              		@ link register save eliminated.
 296:Drivers/STM32F3xx_HAL_Driver/Src/stm32f3xx_hal.c ****   uwTick += uwTickFreq;
 233              		.loc 1 296 0
 234 0000 034A     		ldr	r2, .L20
 235 0002 1168     		ldr	r1, [r2]
 236 0004 034B     		ldr	r3, .L20+4
 237 0006 1B78     		ldrb	r3, [r3]	@ zero_extendqisi2
 238 0008 0B44     		add	r3, r3, r1
 239 000a 1360     		str	r3, [r2]
 297:Drivers/STM32F3xx_HAL_Driver/Src/stm32f3xx_hal.c **** }
 240              		.loc 1 297 0
 241 000c 7047     		bx	lr
 242              	.L21:
 243 000e 00BF     		.align	2
 244              	.L20:
 245 0010 00000000 		.word	uwTick
 246 0014 00000000 		.word	.LANCHOR0
 247              		.cfi_endproc
 248              	.LFE131:
 250              		.section	.text.HAL_GetTick,"ax",%progbits
 251              		.align	1
 252              		.weak	HAL_GetTick
 253              		.syntax unified
 254              		.thumb
 255              		.thumb_func
 256              		.fpu fpv4-sp-d16
 258              	HAL_GetTick:
 259              	.LFB132:
 298:Drivers/STM32F3xx_HAL_Driver/Src/stm32f3xx_hal.c **** 
 299:Drivers/STM32F3xx_HAL_Driver/Src/stm32f3xx_hal.c **** /**
 300:Drivers/STM32F3xx_HAL_Driver/Src/stm32f3xx_hal.c ****   * @brief  Povides a tick value in millisecond.
 301:Drivers/STM32F3xx_HAL_Driver/Src/stm32f3xx_hal.c ****   * @note   The function is declared as __Weak  to be overwritten  in case of other 
 302:Drivers/STM32F3xx_HAL_Driver/Src/stm32f3xx_hal.c ****   *         implementations  in user file.
 303:Drivers/STM32F3xx_HAL_Driver/Src/stm32f3xx_hal.c ****   * @retval tick value
 304:Drivers/STM32F3xx_HAL_Driver/Src/stm32f3xx_hal.c ****   */
 305:Drivers/STM32F3xx_HAL_Driver/Src/stm32f3xx_hal.c **** __weak uint32_t HAL_GetTick(void)
 306:Drivers/STM32F3xx_HAL_Driver/Src/stm32f3xx_hal.c **** {
ARM GAS  /tmp/ccFB9z9c.s 			page 11


 260              		.loc 1 306 0
 261              		.cfi_startproc
 262              		@ args = 0, pretend = 0, frame = 0
 263              		@ frame_needed = 0, uses_anonymous_args = 0
 264              		@ link register save eliminated.
 307:Drivers/STM32F3xx_HAL_Driver/Src/stm32f3xx_hal.c ****   return uwTick;  
 265              		.loc 1 307 0
 266 0000 014B     		ldr	r3, .L23
 267 0002 1868     		ldr	r0, [r3]
 308:Drivers/STM32F3xx_HAL_Driver/Src/stm32f3xx_hal.c **** }
 268              		.loc 1 308 0
 269 0004 7047     		bx	lr
 270              	.L24:
 271 0006 00BF     		.align	2
 272              	.L23:
 273 0008 00000000 		.word	uwTick
 274              		.cfi_endproc
 275              	.LFE132:
 277              		.section	.text.HAL_GetTickPrio,"ax",%progbits
 278              		.align	1
 279              		.global	HAL_GetTickPrio
 280              		.syntax unified
 281              		.thumb
 282              		.thumb_func
 283              		.fpu fpv4-sp-d16
 285              	HAL_GetTickPrio:
 286              	.LFB133:
 309:Drivers/STM32F3xx_HAL_Driver/Src/stm32f3xx_hal.c **** 
 310:Drivers/STM32F3xx_HAL_Driver/Src/stm32f3xx_hal.c **** /**
 311:Drivers/STM32F3xx_HAL_Driver/Src/stm32f3xx_hal.c ****   * @brief This function returns a tick priority.
 312:Drivers/STM32F3xx_HAL_Driver/Src/stm32f3xx_hal.c ****   * @retval tick priority
 313:Drivers/STM32F3xx_HAL_Driver/Src/stm32f3xx_hal.c ****   */
 314:Drivers/STM32F3xx_HAL_Driver/Src/stm32f3xx_hal.c **** uint32_t HAL_GetTickPrio(void)
 315:Drivers/STM32F3xx_HAL_Driver/Src/stm32f3xx_hal.c **** {
 287              		.loc 1 315 0
 288              		.cfi_startproc
 289              		@ args = 0, pretend = 0, frame = 0
 290              		@ frame_needed = 0, uses_anonymous_args = 0
 291              		@ link register save eliminated.
 316:Drivers/STM32F3xx_HAL_Driver/Src/stm32f3xx_hal.c ****   return uwTickPrio;
 317:Drivers/STM32F3xx_HAL_Driver/Src/stm32f3xx_hal.c **** }
 292              		.loc 1 317 0
 293 0000 014B     		ldr	r3, .L26
 294 0002 1868     		ldr	r0, [r3]
 295 0004 7047     		bx	lr
 296              	.L27:
 297 0006 00BF     		.align	2
 298              	.L26:
 299 0008 00000000 		.word	.LANCHOR1
 300              		.cfi_endproc
 301              	.LFE133:
 303              		.section	.text.HAL_SetTickFreq,"ax",%progbits
 304              		.align	1
 305              		.global	HAL_SetTickFreq
 306              		.syntax unified
 307              		.thumb
 308              		.thumb_func
ARM GAS  /tmp/ccFB9z9c.s 			page 12


 309              		.fpu fpv4-sp-d16
 311              	HAL_SetTickFreq:
 312              	.LFB134:
 318:Drivers/STM32F3xx_HAL_Driver/Src/stm32f3xx_hal.c **** 
 319:Drivers/STM32F3xx_HAL_Driver/Src/stm32f3xx_hal.c **** /**
 320:Drivers/STM32F3xx_HAL_Driver/Src/stm32f3xx_hal.c ****   * @brief Set new tick Freq.
 321:Drivers/STM32F3xx_HAL_Driver/Src/stm32f3xx_hal.c ****   * @retval Status
 322:Drivers/STM32F3xx_HAL_Driver/Src/stm32f3xx_hal.c ****   */
 323:Drivers/STM32F3xx_HAL_Driver/Src/stm32f3xx_hal.c **** HAL_StatusTypeDef HAL_SetTickFreq(HAL_TickFreqTypeDef Freq)
 324:Drivers/STM32F3xx_HAL_Driver/Src/stm32f3xx_hal.c **** {
 313              		.loc 1 324 0
 314              		.cfi_startproc
 315              		@ args = 0, pretend = 0, frame = 0
 316              		@ frame_needed = 0, uses_anonymous_args = 0
 317              	.LVL9:
 318 0000 10B5     		push	{r4, lr}
 319              	.LCFI3:
 320              		.cfi_def_cfa_offset 8
 321              		.cfi_offset 4, -8
 322              		.cfi_offset 14, -4
 323 0002 0446     		mov	r4, r0
 324              	.LVL10:
 325:Drivers/STM32F3xx_HAL_Driver/Src/stm32f3xx_hal.c ****   HAL_StatusTypeDef status  = HAL_OK;
 326:Drivers/STM32F3xx_HAL_Driver/Src/stm32f3xx_hal.c ****   assert_param(IS_TICKFREQ(Freq));
 325              		.loc 1 326 0
 326 0004 6428     		cmp	r0, #100
 327 0006 03D0     		beq	.L29
 328              		.loc 1 326 0 is_stmt 0 discriminator 1
 329 0008 0A28     		cmp	r0, #10
 330 000a 01D0     		beq	.L29
 331              		.loc 1 326 0 discriminator 2
 332 000c 0128     		cmp	r0, #1
 333 000e 0AD1     		bne	.L33
 334              	.LVL11:
 335              	.L29:
 327:Drivers/STM32F3xx_HAL_Driver/Src/stm32f3xx_hal.c **** 
 328:Drivers/STM32F3xx_HAL_Driver/Src/stm32f3xx_hal.c ****   if (uwTickFreq != Freq)
 336              		.loc 1 328 0 is_stmt 1
 337 0010 094B     		ldr	r3, .L34
 338 0012 1B78     		ldrb	r3, [r3]	@ zero_extendqisi2
 339 0014 A342     		cmp	r3, r4
 340 0016 0CD0     		beq	.L31
 329:Drivers/STM32F3xx_HAL_Driver/Src/stm32f3xx_hal.c ****   {
 330:Drivers/STM32F3xx_HAL_Driver/Src/stm32f3xx_hal.c ****     uwTickFreq = Freq;
 341              		.loc 1 330 0
 342 0018 074B     		ldr	r3, .L34
 343 001a 1C70     		strb	r4, [r3]
 331:Drivers/STM32F3xx_HAL_Driver/Src/stm32f3xx_hal.c **** 
 332:Drivers/STM32F3xx_HAL_Driver/Src/stm32f3xx_hal.c ****     /* Apply the new tick Freq  */
 333:Drivers/STM32F3xx_HAL_Driver/Src/stm32f3xx_hal.c ****     status = HAL_InitTick(uwTickPrio);
 344              		.loc 1 333 0
 345 001c 074B     		ldr	r3, .L34+4
 346 001e 1868     		ldr	r0, [r3]
 347 0020 FFF7FEFF 		bl	HAL_InitTick
 348              	.LVL12:
 349              	.L30:
 334:Drivers/STM32F3xx_HAL_Driver/Src/stm32f3xx_hal.c ****   }
ARM GAS  /tmp/ccFB9z9c.s 			page 13


 335:Drivers/STM32F3xx_HAL_Driver/Src/stm32f3xx_hal.c **** 
 336:Drivers/STM32F3xx_HAL_Driver/Src/stm32f3xx_hal.c ****   return status;
 337:Drivers/STM32F3xx_HAL_Driver/Src/stm32f3xx_hal.c **** }
 350              		.loc 1 337 0
 351 0024 10BD     		pop	{r4, pc}
 352              	.LVL13:
 353              	.L33:
 326:Drivers/STM32F3xx_HAL_Driver/Src/stm32f3xx_hal.c **** 
 354              		.loc 1 326 0 discriminator 3
 355 0026 4FF4A371 		mov	r1, #326
 356 002a 0548     		ldr	r0, .L34+8
 357              	.LVL14:
 358 002c FFF7FEFF 		bl	assert_failed
 359              	.LVL15:
 360 0030 EEE7     		b	.L29
 361              	.L31:
 325:Drivers/STM32F3xx_HAL_Driver/Src/stm32f3xx_hal.c ****   assert_param(IS_TICKFREQ(Freq));
 362              		.loc 1 325 0
 363 0032 0020     		movs	r0, #0
 364 0034 F6E7     		b	.L30
 365              	.L35:
 366 0036 00BF     		.align	2
 367              	.L34:
 368 0038 00000000 		.word	.LANCHOR0
 369 003c 00000000 		.word	.LANCHOR1
 370 0040 00000000 		.word	.LC0
 371              		.cfi_endproc
 372              	.LFE134:
 374              		.section	.text.HAL_GetTickFreq,"ax",%progbits
 375              		.align	1
 376              		.global	HAL_GetTickFreq
 377              		.syntax unified
 378              		.thumb
 379              		.thumb_func
 380              		.fpu fpv4-sp-d16
 382              	HAL_GetTickFreq:
 383              	.LFB135:
 338:Drivers/STM32F3xx_HAL_Driver/Src/stm32f3xx_hal.c **** 
 339:Drivers/STM32F3xx_HAL_Driver/Src/stm32f3xx_hal.c **** /**
 340:Drivers/STM32F3xx_HAL_Driver/Src/stm32f3xx_hal.c ****   * @brief Return tick frequency.
 341:Drivers/STM32F3xx_HAL_Driver/Src/stm32f3xx_hal.c ****   * @retval tick period in Hz
 342:Drivers/STM32F3xx_HAL_Driver/Src/stm32f3xx_hal.c ****   */
 343:Drivers/STM32F3xx_HAL_Driver/Src/stm32f3xx_hal.c **** HAL_TickFreqTypeDef HAL_GetTickFreq(void)
 344:Drivers/STM32F3xx_HAL_Driver/Src/stm32f3xx_hal.c **** {
 384              		.loc 1 344 0
 385              		.cfi_startproc
 386              		@ args = 0, pretend = 0, frame = 0
 387              		@ frame_needed = 0, uses_anonymous_args = 0
 388              		@ link register save eliminated.
 345:Drivers/STM32F3xx_HAL_Driver/Src/stm32f3xx_hal.c ****   return uwTickFreq;
 346:Drivers/STM32F3xx_HAL_Driver/Src/stm32f3xx_hal.c **** }
 389              		.loc 1 346 0
 390 0000 014B     		ldr	r3, .L37
 391 0002 1878     		ldrb	r0, [r3]	@ zero_extendqisi2
 392 0004 7047     		bx	lr
 393              	.L38:
 394 0006 00BF     		.align	2
ARM GAS  /tmp/ccFB9z9c.s 			page 14


 395              	.L37:
 396 0008 00000000 		.word	.LANCHOR0
 397              		.cfi_endproc
 398              	.LFE135:
 400              		.section	.text.HAL_Delay,"ax",%progbits
 401              		.align	1
 402              		.weak	HAL_Delay
 403              		.syntax unified
 404              		.thumb
 405              		.thumb_func
 406              		.fpu fpv4-sp-d16
 408              	HAL_Delay:
 409              	.LFB136:
 347:Drivers/STM32F3xx_HAL_Driver/Src/stm32f3xx_hal.c **** 
 348:Drivers/STM32F3xx_HAL_Driver/Src/stm32f3xx_hal.c **** /**
 349:Drivers/STM32F3xx_HAL_Driver/Src/stm32f3xx_hal.c ****   * @brief  This function provides accurate delay (in milliseconds) based 
 350:Drivers/STM32F3xx_HAL_Driver/Src/stm32f3xx_hal.c ****   *         on variable incremented.
 351:Drivers/STM32F3xx_HAL_Driver/Src/stm32f3xx_hal.c ****   * @note   In the default implementation , SysTick timer is the source of time base. 
 352:Drivers/STM32F3xx_HAL_Driver/Src/stm32f3xx_hal.c ****   *         It is used to generate interrupts at regular time intervals where uwTick
 353:Drivers/STM32F3xx_HAL_Driver/Src/stm32f3xx_hal.c ****   *         is incremented.
 354:Drivers/STM32F3xx_HAL_Driver/Src/stm32f3xx_hal.c ****   *         The function is declared as __Weak  to be overwritten  in case of other
 355:Drivers/STM32F3xx_HAL_Driver/Src/stm32f3xx_hal.c ****   *         implementations  in user file.
 356:Drivers/STM32F3xx_HAL_Driver/Src/stm32f3xx_hal.c ****   * @param  Delay specifies the delay time length, in milliseconds.
 357:Drivers/STM32F3xx_HAL_Driver/Src/stm32f3xx_hal.c ****   * @retval None
 358:Drivers/STM32F3xx_HAL_Driver/Src/stm32f3xx_hal.c ****   */
 359:Drivers/STM32F3xx_HAL_Driver/Src/stm32f3xx_hal.c **** __weak void HAL_Delay(uint32_t Delay)
 360:Drivers/STM32F3xx_HAL_Driver/Src/stm32f3xx_hal.c **** {
 410              		.loc 1 360 0
 411              		.cfi_startproc
 412              		@ args = 0, pretend = 0, frame = 0
 413              		@ frame_needed = 0, uses_anonymous_args = 0
 414              	.LVL16:
 415 0000 38B5     		push	{r3, r4, r5, lr}
 416              	.LCFI4:
 417              		.cfi_def_cfa_offset 16
 418              		.cfi_offset 3, -16
 419              		.cfi_offset 4, -12
 420              		.cfi_offset 5, -8
 421              		.cfi_offset 14, -4
 422 0002 0446     		mov	r4, r0
 361:Drivers/STM32F3xx_HAL_Driver/Src/stm32f3xx_hal.c ****   uint32_t tickstart = HAL_GetTick();
 423              		.loc 1 361 0
 424 0004 FFF7FEFF 		bl	HAL_GetTick
 425              	.LVL17:
 426 0008 0546     		mov	r5, r0
 427              	.LVL18:
 362:Drivers/STM32F3xx_HAL_Driver/Src/stm32f3xx_hal.c ****   uint32_t wait = Delay;
 363:Drivers/STM32F3xx_HAL_Driver/Src/stm32f3xx_hal.c ****   
 364:Drivers/STM32F3xx_HAL_Driver/Src/stm32f3xx_hal.c ****   /* Add freq to guarantee minimum wait */
 365:Drivers/STM32F3xx_HAL_Driver/Src/stm32f3xx_hal.c ****   if (wait < HAL_MAX_DELAY)
 428              		.loc 1 365 0
 429 000a B4F1FF3F 		cmp	r4, #-1
 430 000e 02D0     		beq	.L41
 366:Drivers/STM32F3xx_HAL_Driver/Src/stm32f3xx_hal.c ****   {
 367:Drivers/STM32F3xx_HAL_Driver/Src/stm32f3xx_hal.c ****     wait += (uint32_t)(uwTickFreq);
 431              		.loc 1 367 0
 432 0010 044B     		ldr	r3, .L43
ARM GAS  /tmp/ccFB9z9c.s 			page 15


 433 0012 1B78     		ldrb	r3, [r3]	@ zero_extendqisi2
 434 0014 1C44     		add	r4, r4, r3
 435              	.LVL19:
 436              	.L41:
 368:Drivers/STM32F3xx_HAL_Driver/Src/stm32f3xx_hal.c ****   }
 369:Drivers/STM32F3xx_HAL_Driver/Src/stm32f3xx_hal.c ****   
 370:Drivers/STM32F3xx_HAL_Driver/Src/stm32f3xx_hal.c ****   while((HAL_GetTick() - tickstart) < wait)
 437              		.loc 1 370 0 discriminator 1
 438 0016 FFF7FEFF 		bl	HAL_GetTick
 439              	.LVL20:
 440 001a 401B     		subs	r0, r0, r5
 441 001c A042     		cmp	r0, r4
 442 001e FAD3     		bcc	.L41
 371:Drivers/STM32F3xx_HAL_Driver/Src/stm32f3xx_hal.c ****   {
 372:Drivers/STM32F3xx_HAL_Driver/Src/stm32f3xx_hal.c ****   }
 373:Drivers/STM32F3xx_HAL_Driver/Src/stm32f3xx_hal.c **** }
 443              		.loc 1 373 0
 444 0020 38BD     		pop	{r3, r4, r5, pc}
 445              	.LVL21:
 446              	.L44:
 447 0022 00BF     		.align	2
 448              	.L43:
 449 0024 00000000 		.word	.LANCHOR0
 450              		.cfi_endproc
 451              	.LFE136:
 453              		.section	.text.HAL_SuspendTick,"ax",%progbits
 454              		.align	1
 455              		.weak	HAL_SuspendTick
 456              		.syntax unified
 457              		.thumb
 458              		.thumb_func
 459              		.fpu fpv4-sp-d16
 461              	HAL_SuspendTick:
 462              	.LFB137:
 374:Drivers/STM32F3xx_HAL_Driver/Src/stm32f3xx_hal.c **** 
 375:Drivers/STM32F3xx_HAL_Driver/Src/stm32f3xx_hal.c **** /**
 376:Drivers/STM32F3xx_HAL_Driver/Src/stm32f3xx_hal.c ****   * @brief  Suspend Tick increment.
 377:Drivers/STM32F3xx_HAL_Driver/Src/stm32f3xx_hal.c ****   * @note   In the default implementation , SysTick timer is the source of time base. It is  
 378:Drivers/STM32F3xx_HAL_Driver/Src/stm32f3xx_hal.c ****   *         used to generate interrupts at regular time intervals. Once HAL_SuspendTick()
 379:Drivers/STM32F3xx_HAL_Driver/Src/stm32f3xx_hal.c ****   *         is called, the the SysTick interrupt will be disabled and so Tick increment 
 380:Drivers/STM32F3xx_HAL_Driver/Src/stm32f3xx_hal.c ****   *         is suspended.
 381:Drivers/STM32F3xx_HAL_Driver/Src/stm32f3xx_hal.c ****   * @note This function is declared as __weak to be overwritten in case of other
 382:Drivers/STM32F3xx_HAL_Driver/Src/stm32f3xx_hal.c ****   *         implementations  in user file.
 383:Drivers/STM32F3xx_HAL_Driver/Src/stm32f3xx_hal.c ****   * @retval None
 384:Drivers/STM32F3xx_HAL_Driver/Src/stm32f3xx_hal.c ****   */
 385:Drivers/STM32F3xx_HAL_Driver/Src/stm32f3xx_hal.c **** __weak void HAL_SuspendTick(void)
 386:Drivers/STM32F3xx_HAL_Driver/Src/stm32f3xx_hal.c **** 
 387:Drivers/STM32F3xx_HAL_Driver/Src/stm32f3xx_hal.c **** {
 463              		.loc 1 387 0
 464              		.cfi_startproc
 465              		@ args = 0, pretend = 0, frame = 0
 466              		@ frame_needed = 0, uses_anonymous_args = 0
 467              		@ link register save eliminated.
 388:Drivers/STM32F3xx_HAL_Driver/Src/stm32f3xx_hal.c ****   /* Disable SysTick Interrupt */
 389:Drivers/STM32F3xx_HAL_Driver/Src/stm32f3xx_hal.c ****   SysTick->CTRL &= ~SysTick_CTRL_TICKINT_Msk;
 468              		.loc 1 389 0
 469 0000 024A     		ldr	r2, .L46
ARM GAS  /tmp/ccFB9z9c.s 			page 16


 470 0002 1368     		ldr	r3, [r2]
 471 0004 23F00203 		bic	r3, r3, #2
 472 0008 1360     		str	r3, [r2]
 390:Drivers/STM32F3xx_HAL_Driver/Src/stm32f3xx_hal.c ****                                                    
 391:Drivers/STM32F3xx_HAL_Driver/Src/stm32f3xx_hal.c **** }
 473              		.loc 1 391 0
 474 000a 7047     		bx	lr
 475              	.L47:
 476              		.align	2
 477              	.L46:
 478 000c 10E000E0 		.word	-536813552
 479              		.cfi_endproc
 480              	.LFE137:
 482              		.section	.text.HAL_ResumeTick,"ax",%progbits
 483              		.align	1
 484              		.weak	HAL_ResumeTick
 485              		.syntax unified
 486              		.thumb
 487              		.thumb_func
 488              		.fpu fpv4-sp-d16
 490              	HAL_ResumeTick:
 491              	.LFB138:
 392:Drivers/STM32F3xx_HAL_Driver/Src/stm32f3xx_hal.c **** 
 393:Drivers/STM32F3xx_HAL_Driver/Src/stm32f3xx_hal.c **** /**
 394:Drivers/STM32F3xx_HAL_Driver/Src/stm32f3xx_hal.c ****   * @brief  Resume Tick increment.
 395:Drivers/STM32F3xx_HAL_Driver/Src/stm32f3xx_hal.c ****   * @note   In the default implementation , SysTick timer is the source of time base. It is  
 396:Drivers/STM32F3xx_HAL_Driver/Src/stm32f3xx_hal.c ****   *         used to generate interrupts at regular time intervals. Once HAL_ResumeTick()
 397:Drivers/STM32F3xx_HAL_Driver/Src/stm32f3xx_hal.c ****   *         is called, the the SysTick interrupt will be enabled and so Tick increment 
 398:Drivers/STM32F3xx_HAL_Driver/Src/stm32f3xx_hal.c ****   *         is resumed.
 399:Drivers/STM32F3xx_HAL_Driver/Src/stm32f3xx_hal.c ****   *         The function is declared as __Weak  to be overwritten  in case of other
 400:Drivers/STM32F3xx_HAL_Driver/Src/stm32f3xx_hal.c ****   *         implementations  in user file.
 401:Drivers/STM32F3xx_HAL_Driver/Src/stm32f3xx_hal.c ****   * @retval None
 402:Drivers/STM32F3xx_HAL_Driver/Src/stm32f3xx_hal.c ****   */
 403:Drivers/STM32F3xx_HAL_Driver/Src/stm32f3xx_hal.c **** __weak void HAL_ResumeTick(void)
 404:Drivers/STM32F3xx_HAL_Driver/Src/stm32f3xx_hal.c **** {
 492              		.loc 1 404 0
 493              		.cfi_startproc
 494              		@ args = 0, pretend = 0, frame = 0
 495              		@ frame_needed = 0, uses_anonymous_args = 0
 496              		@ link register save eliminated.
 405:Drivers/STM32F3xx_HAL_Driver/Src/stm32f3xx_hal.c ****   /* Enable SysTick Interrupt */
 406:Drivers/STM32F3xx_HAL_Driver/Src/stm32f3xx_hal.c ****   SysTick->CTRL  |= SysTick_CTRL_TICKINT_Msk;
 497              		.loc 1 406 0
 498 0000 024A     		ldr	r2, .L49
 499 0002 1368     		ldr	r3, [r2]
 500 0004 43F00203 		orr	r3, r3, #2
 501 0008 1360     		str	r3, [r2]
 407:Drivers/STM32F3xx_HAL_Driver/Src/stm32f3xx_hal.c ****   
 408:Drivers/STM32F3xx_HAL_Driver/Src/stm32f3xx_hal.c **** }
 502              		.loc 1 408 0
 503 000a 7047     		bx	lr
 504              	.L50:
 505              		.align	2
 506              	.L49:
 507 000c 10E000E0 		.word	-536813552
 508              		.cfi_endproc
 509              	.LFE138:
ARM GAS  /tmp/ccFB9z9c.s 			page 17


 511              		.section	.text.HAL_GetHalVersion,"ax",%progbits
 512              		.align	1
 513              		.global	HAL_GetHalVersion
 514              		.syntax unified
 515              		.thumb
 516              		.thumb_func
 517              		.fpu fpv4-sp-d16
 519              	HAL_GetHalVersion:
 520              	.LFB139:
 409:Drivers/STM32F3xx_HAL_Driver/Src/stm32f3xx_hal.c **** 
 410:Drivers/STM32F3xx_HAL_Driver/Src/stm32f3xx_hal.c **** /**
 411:Drivers/STM32F3xx_HAL_Driver/Src/stm32f3xx_hal.c ****   * @brief  This function returns the HAL revision
 412:Drivers/STM32F3xx_HAL_Driver/Src/stm32f3xx_hal.c ****   * @retval version 0xXYZR (8bits for each decimal, R for RC)
 413:Drivers/STM32F3xx_HAL_Driver/Src/stm32f3xx_hal.c ****   */
 414:Drivers/STM32F3xx_HAL_Driver/Src/stm32f3xx_hal.c **** uint32_t HAL_GetHalVersion(void)
 415:Drivers/STM32F3xx_HAL_Driver/Src/stm32f3xx_hal.c **** {
 521              		.loc 1 415 0
 522              		.cfi_startproc
 523              		@ args = 0, pretend = 0, frame = 0
 524              		@ frame_needed = 0, uses_anonymous_args = 0
 525              		@ link register save eliminated.
 416:Drivers/STM32F3xx_HAL_Driver/Src/stm32f3xx_hal.c ****  return __STM32F3xx_HAL_VERSION;
 417:Drivers/STM32F3xx_HAL_Driver/Src/stm32f3xx_hal.c **** }
 526              		.loc 1 417 0
 527 0000 0048     		ldr	r0, .L52
 528 0002 7047     		bx	lr
 529              	.L53:
 530              		.align	2
 531              	.L52:
 532 0004 00020501 		.word	17105408
 533              		.cfi_endproc
 534              	.LFE139:
 536              		.section	.text.HAL_GetREVID,"ax",%progbits
 537              		.align	1
 538              		.global	HAL_GetREVID
 539              		.syntax unified
 540              		.thumb
 541              		.thumb_func
 542              		.fpu fpv4-sp-d16
 544              	HAL_GetREVID:
 545              	.LFB140:
 418:Drivers/STM32F3xx_HAL_Driver/Src/stm32f3xx_hal.c **** 
 419:Drivers/STM32F3xx_HAL_Driver/Src/stm32f3xx_hal.c **** /**
 420:Drivers/STM32F3xx_HAL_Driver/Src/stm32f3xx_hal.c ****   * @brief  Returns the device revision identifier.
 421:Drivers/STM32F3xx_HAL_Driver/Src/stm32f3xx_hal.c ****   * @retval Device revision identifier
 422:Drivers/STM32F3xx_HAL_Driver/Src/stm32f3xx_hal.c ****   */
 423:Drivers/STM32F3xx_HAL_Driver/Src/stm32f3xx_hal.c **** uint32_t HAL_GetREVID(void)
 424:Drivers/STM32F3xx_HAL_Driver/Src/stm32f3xx_hal.c **** {
 546              		.loc 1 424 0
 547              		.cfi_startproc
 548              		@ args = 0, pretend = 0, frame = 0
 549              		@ frame_needed = 0, uses_anonymous_args = 0
 550              		@ link register save eliminated.
 425:Drivers/STM32F3xx_HAL_Driver/Src/stm32f3xx_hal.c ****   return((DBGMCU->IDCODE) >> 16U);
 551              		.loc 1 425 0
 552 0000 014B     		ldr	r3, .L55
 553 0002 1868     		ldr	r0, [r3]
ARM GAS  /tmp/ccFB9z9c.s 			page 18


 426:Drivers/STM32F3xx_HAL_Driver/Src/stm32f3xx_hal.c **** }
 554              		.loc 1 426 0
 555 0004 000C     		lsrs	r0, r0, #16
 556 0006 7047     		bx	lr
 557              	.L56:
 558              		.align	2
 559              	.L55:
 560 0008 002004E0 		.word	-536600576
 561              		.cfi_endproc
 562              	.LFE140:
 564              		.section	.text.HAL_GetDEVID,"ax",%progbits
 565              		.align	1
 566              		.global	HAL_GetDEVID
 567              		.syntax unified
 568              		.thumb
 569              		.thumb_func
 570              		.fpu fpv4-sp-d16
 572              	HAL_GetDEVID:
 573              	.LFB141:
 427:Drivers/STM32F3xx_HAL_Driver/Src/stm32f3xx_hal.c **** 
 428:Drivers/STM32F3xx_HAL_Driver/Src/stm32f3xx_hal.c **** /**
 429:Drivers/STM32F3xx_HAL_Driver/Src/stm32f3xx_hal.c ****   * @brief  Returns the device identifier.
 430:Drivers/STM32F3xx_HAL_Driver/Src/stm32f3xx_hal.c ****   * @retval Device identifier
 431:Drivers/STM32F3xx_HAL_Driver/Src/stm32f3xx_hal.c ****   */
 432:Drivers/STM32F3xx_HAL_Driver/Src/stm32f3xx_hal.c **** uint32_t HAL_GetDEVID(void)
 433:Drivers/STM32F3xx_HAL_Driver/Src/stm32f3xx_hal.c **** {
 574              		.loc 1 433 0
 575              		.cfi_startproc
 576              		@ args = 0, pretend = 0, frame = 0
 577              		@ frame_needed = 0, uses_anonymous_args = 0
 578              		@ link register save eliminated.
 434:Drivers/STM32F3xx_HAL_Driver/Src/stm32f3xx_hal.c ****   return((DBGMCU->IDCODE) & IDCODE_DEVID_MASK);
 579              		.loc 1 434 0
 580 0000 024B     		ldr	r3, .L58
 581 0002 1868     		ldr	r0, [r3]
 435:Drivers/STM32F3xx_HAL_Driver/Src/stm32f3xx_hal.c **** }
 582              		.loc 1 435 0
 583 0004 C0F30B00 		ubfx	r0, r0, #0, #12
 584 0008 7047     		bx	lr
 585              	.L59:
 586 000a 00BF     		.align	2
 587              	.L58:
 588 000c 002004E0 		.word	-536600576
 589              		.cfi_endproc
 590              	.LFE141:
 592              		.section	.text.HAL_GetUIDw0,"ax",%progbits
 593              		.align	1
 594              		.global	HAL_GetUIDw0
 595              		.syntax unified
 596              		.thumb
 597              		.thumb_func
 598              		.fpu fpv4-sp-d16
 600              	HAL_GetUIDw0:
 601              	.LFB142:
 436:Drivers/STM32F3xx_HAL_Driver/Src/stm32f3xx_hal.c **** 
 437:Drivers/STM32F3xx_HAL_Driver/Src/stm32f3xx_hal.c **** /**
 438:Drivers/STM32F3xx_HAL_Driver/Src/stm32f3xx_hal.c ****   * @brief  Returns first word of the unique device identifier (UID based on 96 bits)
ARM GAS  /tmp/ccFB9z9c.s 			page 19


 439:Drivers/STM32F3xx_HAL_Driver/Src/stm32f3xx_hal.c ****   * @retval Device identifier
 440:Drivers/STM32F3xx_HAL_Driver/Src/stm32f3xx_hal.c ****   */
 441:Drivers/STM32F3xx_HAL_Driver/Src/stm32f3xx_hal.c **** uint32_t HAL_GetUIDw0(void)
 442:Drivers/STM32F3xx_HAL_Driver/Src/stm32f3xx_hal.c **** {
 602              		.loc 1 442 0
 603              		.cfi_startproc
 604              		@ args = 0, pretend = 0, frame = 0
 605              		@ frame_needed = 0, uses_anonymous_args = 0
 606              		@ link register save eliminated.
 443:Drivers/STM32F3xx_HAL_Driver/Src/stm32f3xx_hal.c ****    return(READ_REG(*((uint32_t *)UID_BASE)));
 444:Drivers/STM32F3xx_HAL_Driver/Src/stm32f3xx_hal.c **** }
 607              		.loc 1 444 0
 608 0000 014B     		ldr	r3, .L61
 609 0002 1868     		ldr	r0, [r3]
 610 0004 7047     		bx	lr
 611              	.L62:
 612 0006 00BF     		.align	2
 613              	.L61:
 614 0008 ACF7FF1F 		.word	536868780
 615              		.cfi_endproc
 616              	.LFE142:
 618              		.section	.text.HAL_GetUIDw1,"ax",%progbits
 619              		.align	1
 620              		.global	HAL_GetUIDw1
 621              		.syntax unified
 622              		.thumb
 623              		.thumb_func
 624              		.fpu fpv4-sp-d16
 626              	HAL_GetUIDw1:
 627              	.LFB143:
 445:Drivers/STM32F3xx_HAL_Driver/Src/stm32f3xx_hal.c **** 
 446:Drivers/STM32F3xx_HAL_Driver/Src/stm32f3xx_hal.c **** /**
 447:Drivers/STM32F3xx_HAL_Driver/Src/stm32f3xx_hal.c ****   * @brief  Returns second word of the unique device identifier (UID based on 96 bits)
 448:Drivers/STM32F3xx_HAL_Driver/Src/stm32f3xx_hal.c ****   * @retval Device identifier
 449:Drivers/STM32F3xx_HAL_Driver/Src/stm32f3xx_hal.c ****   */
 450:Drivers/STM32F3xx_HAL_Driver/Src/stm32f3xx_hal.c **** uint32_t HAL_GetUIDw1(void)
 451:Drivers/STM32F3xx_HAL_Driver/Src/stm32f3xx_hal.c **** {
 628              		.loc 1 451 0
 629              		.cfi_startproc
 630              		@ args = 0, pretend = 0, frame = 0
 631              		@ frame_needed = 0, uses_anonymous_args = 0
 632              		@ link register save eliminated.
 452:Drivers/STM32F3xx_HAL_Driver/Src/stm32f3xx_hal.c ****    return(READ_REG(*((uint32_t *)(UID_BASE + 4U))));
 453:Drivers/STM32F3xx_HAL_Driver/Src/stm32f3xx_hal.c **** }
 633              		.loc 1 453 0
 634 0000 014B     		ldr	r3, .L64
 635 0002 1868     		ldr	r0, [r3]
 636 0004 7047     		bx	lr
 637              	.L65:
 638 0006 00BF     		.align	2
 639              	.L64:
 640 0008 B0F7FF1F 		.word	536868784
 641              		.cfi_endproc
 642              	.LFE143:
 644              		.section	.text.HAL_GetUIDw2,"ax",%progbits
 645              		.align	1
 646              		.global	HAL_GetUIDw2
ARM GAS  /tmp/ccFB9z9c.s 			page 20


 647              		.syntax unified
 648              		.thumb
 649              		.thumb_func
 650              		.fpu fpv4-sp-d16
 652              	HAL_GetUIDw2:
 653              	.LFB144:
 454:Drivers/STM32F3xx_HAL_Driver/Src/stm32f3xx_hal.c **** 
 455:Drivers/STM32F3xx_HAL_Driver/Src/stm32f3xx_hal.c **** /**
 456:Drivers/STM32F3xx_HAL_Driver/Src/stm32f3xx_hal.c ****   * @brief  Returns third word of the unique device identifier (UID based on 96 bits)
 457:Drivers/STM32F3xx_HAL_Driver/Src/stm32f3xx_hal.c ****   * @retval Device identifier
 458:Drivers/STM32F3xx_HAL_Driver/Src/stm32f3xx_hal.c ****   */
 459:Drivers/STM32F3xx_HAL_Driver/Src/stm32f3xx_hal.c **** uint32_t HAL_GetUIDw2(void)
 460:Drivers/STM32F3xx_HAL_Driver/Src/stm32f3xx_hal.c **** {
 654              		.loc 1 460 0
 655              		.cfi_startproc
 656              		@ args = 0, pretend = 0, frame = 0
 657              		@ frame_needed = 0, uses_anonymous_args = 0
 658              		@ link register save eliminated.
 461:Drivers/STM32F3xx_HAL_Driver/Src/stm32f3xx_hal.c ****    return(READ_REG(*((uint32_t *)(UID_BASE + 8U))));
 462:Drivers/STM32F3xx_HAL_Driver/Src/stm32f3xx_hal.c **** }
 659              		.loc 1 462 0
 660 0000 014B     		ldr	r3, .L67
 661 0002 1868     		ldr	r0, [r3]
 662 0004 7047     		bx	lr
 663              	.L68:
 664 0006 00BF     		.align	2
 665              	.L67:
 666 0008 B4F7FF1F 		.word	536868788
 667              		.cfi_endproc
 668              	.LFE144:
 670              		.section	.text.HAL_DBGMCU_EnableDBGSleepMode,"ax",%progbits
 671              		.align	1
 672              		.global	HAL_DBGMCU_EnableDBGSleepMode
 673              		.syntax unified
 674              		.thumb
 675              		.thumb_func
 676              		.fpu fpv4-sp-d16
 678              	HAL_DBGMCU_EnableDBGSleepMode:
 679              	.LFB145:
 463:Drivers/STM32F3xx_HAL_Driver/Src/stm32f3xx_hal.c **** 
 464:Drivers/STM32F3xx_HAL_Driver/Src/stm32f3xx_hal.c **** /**
 465:Drivers/STM32F3xx_HAL_Driver/Src/stm32f3xx_hal.c ****   * @brief  Enable the Debug Module during SLEEP mode
 466:Drivers/STM32F3xx_HAL_Driver/Src/stm32f3xx_hal.c ****   * @retval None
 467:Drivers/STM32F3xx_HAL_Driver/Src/stm32f3xx_hal.c ****   */
 468:Drivers/STM32F3xx_HAL_Driver/Src/stm32f3xx_hal.c **** void HAL_DBGMCU_EnableDBGSleepMode(void)
 469:Drivers/STM32F3xx_HAL_Driver/Src/stm32f3xx_hal.c **** {
 680              		.loc 1 469 0
 681              		.cfi_startproc
 682              		@ args = 0, pretend = 0, frame = 0
 683              		@ frame_needed = 0, uses_anonymous_args = 0
 684              		@ link register save eliminated.
 470:Drivers/STM32F3xx_HAL_Driver/Src/stm32f3xx_hal.c ****   SET_BIT(DBGMCU->CR, DBGMCU_CR_DBG_SLEEP);
 685              		.loc 1 470 0
 686 0000 024A     		ldr	r2, .L70
 687 0002 5368     		ldr	r3, [r2, #4]
 688 0004 43F00103 		orr	r3, r3, #1
 689 0008 5360     		str	r3, [r2, #4]
ARM GAS  /tmp/ccFB9z9c.s 			page 21


 471:Drivers/STM32F3xx_HAL_Driver/Src/stm32f3xx_hal.c **** }
 690              		.loc 1 471 0
 691 000a 7047     		bx	lr
 692              	.L71:
 693              		.align	2
 694              	.L70:
 695 000c 002004E0 		.word	-536600576
 696              		.cfi_endproc
 697              	.LFE145:
 699              		.section	.text.HAL_DBGMCU_DisableDBGSleepMode,"ax",%progbits
 700              		.align	1
 701              		.global	HAL_DBGMCU_DisableDBGSleepMode
 702              		.syntax unified
 703              		.thumb
 704              		.thumb_func
 705              		.fpu fpv4-sp-d16
 707              	HAL_DBGMCU_DisableDBGSleepMode:
 708              	.LFB146:
 472:Drivers/STM32F3xx_HAL_Driver/Src/stm32f3xx_hal.c **** 
 473:Drivers/STM32F3xx_HAL_Driver/Src/stm32f3xx_hal.c **** /**
 474:Drivers/STM32F3xx_HAL_Driver/Src/stm32f3xx_hal.c ****   * @brief  Disable the Debug Module during SLEEP mode
 475:Drivers/STM32F3xx_HAL_Driver/Src/stm32f3xx_hal.c ****   * @retval None
 476:Drivers/STM32F3xx_HAL_Driver/Src/stm32f3xx_hal.c ****   */
 477:Drivers/STM32F3xx_HAL_Driver/Src/stm32f3xx_hal.c **** void HAL_DBGMCU_DisableDBGSleepMode(void)
 478:Drivers/STM32F3xx_HAL_Driver/Src/stm32f3xx_hal.c **** {
 709              		.loc 1 478 0
 710              		.cfi_startproc
 711              		@ args = 0, pretend = 0, frame = 0
 712              		@ frame_needed = 0, uses_anonymous_args = 0
 713              		@ link register save eliminated.
 479:Drivers/STM32F3xx_HAL_Driver/Src/stm32f3xx_hal.c ****   CLEAR_BIT(DBGMCU->CR, DBGMCU_CR_DBG_SLEEP);
 714              		.loc 1 479 0
 715 0000 024A     		ldr	r2, .L73
 716 0002 5368     		ldr	r3, [r2, #4]
 717 0004 23F00103 		bic	r3, r3, #1
 718 0008 5360     		str	r3, [r2, #4]
 480:Drivers/STM32F3xx_HAL_Driver/Src/stm32f3xx_hal.c **** }
 719              		.loc 1 480 0
 720 000a 7047     		bx	lr
 721              	.L74:
 722              		.align	2
 723              	.L73:
 724 000c 002004E0 		.word	-536600576
 725              		.cfi_endproc
 726              	.LFE146:
 728              		.section	.text.HAL_DBGMCU_EnableDBGStopMode,"ax",%progbits
 729              		.align	1
 730              		.global	HAL_DBGMCU_EnableDBGStopMode
 731              		.syntax unified
 732              		.thumb
 733              		.thumb_func
 734              		.fpu fpv4-sp-d16
 736              	HAL_DBGMCU_EnableDBGStopMode:
 737              	.LFB147:
 481:Drivers/STM32F3xx_HAL_Driver/Src/stm32f3xx_hal.c **** 
 482:Drivers/STM32F3xx_HAL_Driver/Src/stm32f3xx_hal.c **** /**
 483:Drivers/STM32F3xx_HAL_Driver/Src/stm32f3xx_hal.c ****   * @brief  Enable the Debug Module during STOP mode
ARM GAS  /tmp/ccFB9z9c.s 			page 22


 484:Drivers/STM32F3xx_HAL_Driver/Src/stm32f3xx_hal.c ****   * @retval None
 485:Drivers/STM32F3xx_HAL_Driver/Src/stm32f3xx_hal.c ****   */
 486:Drivers/STM32F3xx_HAL_Driver/Src/stm32f3xx_hal.c **** void HAL_DBGMCU_EnableDBGStopMode(void)
 487:Drivers/STM32F3xx_HAL_Driver/Src/stm32f3xx_hal.c **** {
 738              		.loc 1 487 0
 739              		.cfi_startproc
 740              		@ args = 0, pretend = 0, frame = 0
 741              		@ frame_needed = 0, uses_anonymous_args = 0
 742              		@ link register save eliminated.
 488:Drivers/STM32F3xx_HAL_Driver/Src/stm32f3xx_hal.c ****   SET_BIT(DBGMCU->CR, DBGMCU_CR_DBG_STOP);
 743              		.loc 1 488 0
 744 0000 024A     		ldr	r2, .L76
 745 0002 5368     		ldr	r3, [r2, #4]
 746 0004 43F00203 		orr	r3, r3, #2
 747 0008 5360     		str	r3, [r2, #4]
 489:Drivers/STM32F3xx_HAL_Driver/Src/stm32f3xx_hal.c **** }
 748              		.loc 1 489 0
 749 000a 7047     		bx	lr
 750              	.L77:
 751              		.align	2
 752              	.L76:
 753 000c 002004E0 		.word	-536600576
 754              		.cfi_endproc
 755              	.LFE147:
 757              		.section	.text.HAL_DBGMCU_DisableDBGStopMode,"ax",%progbits
 758              		.align	1
 759              		.global	HAL_DBGMCU_DisableDBGStopMode
 760              		.syntax unified
 761              		.thumb
 762              		.thumb_func
 763              		.fpu fpv4-sp-d16
 765              	HAL_DBGMCU_DisableDBGStopMode:
 766              	.LFB148:
 490:Drivers/STM32F3xx_HAL_Driver/Src/stm32f3xx_hal.c **** 
 491:Drivers/STM32F3xx_HAL_Driver/Src/stm32f3xx_hal.c **** /**
 492:Drivers/STM32F3xx_HAL_Driver/Src/stm32f3xx_hal.c ****   * @brief  Disable the Debug Module during STOP mode
 493:Drivers/STM32F3xx_HAL_Driver/Src/stm32f3xx_hal.c ****   * @retval None
 494:Drivers/STM32F3xx_HAL_Driver/Src/stm32f3xx_hal.c ****   */
 495:Drivers/STM32F3xx_HAL_Driver/Src/stm32f3xx_hal.c **** void HAL_DBGMCU_DisableDBGStopMode(void)
 496:Drivers/STM32F3xx_HAL_Driver/Src/stm32f3xx_hal.c **** {
 767              		.loc 1 496 0
 768              		.cfi_startproc
 769              		@ args = 0, pretend = 0, frame = 0
 770              		@ frame_needed = 0, uses_anonymous_args = 0
 771              		@ link register save eliminated.
 497:Drivers/STM32F3xx_HAL_Driver/Src/stm32f3xx_hal.c ****   CLEAR_BIT(DBGMCU->CR, DBGMCU_CR_DBG_STOP);
 772              		.loc 1 497 0
 773 0000 024A     		ldr	r2, .L79
 774 0002 5368     		ldr	r3, [r2, #4]
 775 0004 23F00203 		bic	r3, r3, #2
 776 0008 5360     		str	r3, [r2, #4]
 498:Drivers/STM32F3xx_HAL_Driver/Src/stm32f3xx_hal.c **** }
 777              		.loc 1 498 0
 778 000a 7047     		bx	lr
 779              	.L80:
 780              		.align	2
 781              	.L79:
ARM GAS  /tmp/ccFB9z9c.s 			page 23


 782 000c 002004E0 		.word	-536600576
 783              		.cfi_endproc
 784              	.LFE148:
 786              		.section	.text.HAL_DBGMCU_EnableDBGStandbyMode,"ax",%progbits
 787              		.align	1
 788              		.global	HAL_DBGMCU_EnableDBGStandbyMode
 789              		.syntax unified
 790              		.thumb
 791              		.thumb_func
 792              		.fpu fpv4-sp-d16
 794              	HAL_DBGMCU_EnableDBGStandbyMode:
 795              	.LFB149:
 499:Drivers/STM32F3xx_HAL_Driver/Src/stm32f3xx_hal.c **** 
 500:Drivers/STM32F3xx_HAL_Driver/Src/stm32f3xx_hal.c **** /**
 501:Drivers/STM32F3xx_HAL_Driver/Src/stm32f3xx_hal.c ****   * @brief  Enable the Debug Module during STANDBY mode
 502:Drivers/STM32F3xx_HAL_Driver/Src/stm32f3xx_hal.c ****   * @retval None
 503:Drivers/STM32F3xx_HAL_Driver/Src/stm32f3xx_hal.c ****   */
 504:Drivers/STM32F3xx_HAL_Driver/Src/stm32f3xx_hal.c **** void HAL_DBGMCU_EnableDBGStandbyMode(void)
 505:Drivers/STM32F3xx_HAL_Driver/Src/stm32f3xx_hal.c **** {
 796              		.loc 1 505 0
 797              		.cfi_startproc
 798              		@ args = 0, pretend = 0, frame = 0
 799              		@ frame_needed = 0, uses_anonymous_args = 0
 800              		@ link register save eliminated.
 506:Drivers/STM32F3xx_HAL_Driver/Src/stm32f3xx_hal.c ****   SET_BIT(DBGMCU->CR, DBGMCU_CR_DBG_STANDBY);
 801              		.loc 1 506 0
 802 0000 024A     		ldr	r2, .L82
 803 0002 5368     		ldr	r3, [r2, #4]
 804 0004 43F00403 		orr	r3, r3, #4
 805 0008 5360     		str	r3, [r2, #4]
 507:Drivers/STM32F3xx_HAL_Driver/Src/stm32f3xx_hal.c **** }
 806              		.loc 1 507 0
 807 000a 7047     		bx	lr
 808              	.L83:
 809              		.align	2
 810              	.L82:
 811 000c 002004E0 		.word	-536600576
 812              		.cfi_endproc
 813              	.LFE149:
 815              		.section	.text.HAL_DBGMCU_DisableDBGStandbyMode,"ax",%progbits
 816              		.align	1
 817              		.global	HAL_DBGMCU_DisableDBGStandbyMode
 818              		.syntax unified
 819              		.thumb
 820              		.thumb_func
 821              		.fpu fpv4-sp-d16
 823              	HAL_DBGMCU_DisableDBGStandbyMode:
 824              	.LFB150:
 508:Drivers/STM32F3xx_HAL_Driver/Src/stm32f3xx_hal.c **** 
 509:Drivers/STM32F3xx_HAL_Driver/Src/stm32f3xx_hal.c **** /**
 510:Drivers/STM32F3xx_HAL_Driver/Src/stm32f3xx_hal.c ****   * @brief  Disable the Debug Module during STANDBY mode
 511:Drivers/STM32F3xx_HAL_Driver/Src/stm32f3xx_hal.c ****   * @retval None
 512:Drivers/STM32F3xx_HAL_Driver/Src/stm32f3xx_hal.c ****   */
 513:Drivers/STM32F3xx_HAL_Driver/Src/stm32f3xx_hal.c **** void HAL_DBGMCU_DisableDBGStandbyMode(void)
 514:Drivers/STM32F3xx_HAL_Driver/Src/stm32f3xx_hal.c **** {
 825              		.loc 1 514 0
 826              		.cfi_startproc
ARM GAS  /tmp/ccFB9z9c.s 			page 24


 827              		@ args = 0, pretend = 0, frame = 0
 828              		@ frame_needed = 0, uses_anonymous_args = 0
 829              		@ link register save eliminated.
 515:Drivers/STM32F3xx_HAL_Driver/Src/stm32f3xx_hal.c ****   CLEAR_BIT(DBGMCU->CR, DBGMCU_CR_DBG_STANDBY);
 830              		.loc 1 515 0
 831 0000 024A     		ldr	r2, .L85
 832 0002 5368     		ldr	r3, [r2, #4]
 833 0004 23F00403 		bic	r3, r3, #4
 834 0008 5360     		str	r3, [r2, #4]
 516:Drivers/STM32F3xx_HAL_Driver/Src/stm32f3xx_hal.c **** }
 835              		.loc 1 516 0
 836 000a 7047     		bx	lr
 837              	.L86:
 838              		.align	2
 839              	.L85:
 840 000c 002004E0 		.word	-536600576
 841              		.cfi_endproc
 842              	.LFE150:
 844              		.global	uwTickFreq
 845              		.global	uwTickPrio
 846              		.comm	uwTick,4,4
 847              		.section	.data.uwTickFreq,"aw",%progbits
 848              		.set	.LANCHOR0,. + 0
 851              	uwTickFreq:
 852 0000 01       		.byte	1
 853              		.section	.data.uwTickPrio,"aw",%progbits
 854              		.align	2
 855              		.set	.LANCHOR1,. + 0
 858              	uwTickPrio:
 859 0000 10000000 		.word	16
 860              		.section	.rodata.HAL_SetTickFreq.str1.4,"aMS",%progbits,1
 861              		.align	2
 862              	.LC0:
 863 0000 44726976 		.ascii	"Drivers/STM32F3xx_HAL_Driver/Src/stm32f3xx_hal.c\000"
 863      6572732F 
 863      53544D33 
 863      32463378 
 863      785F4841 
 864              		.text
 865              	.Letext0:
 866              		.file 2 "/home/logic/STM32Toolchain/gcc-arm/arm-none-eabi/include/machine/_default_types.h"
 867              		.file 3 "/home/logic/STM32Toolchain/gcc-arm/arm-none-eabi/include/sys/_stdint.h"
 868              		.file 4 "Drivers/CMSIS/Include/core_cm4.h"
 869              		.file 5 "Drivers/CMSIS/Device/ST/STM32F3xx/Include/system_stm32f3xx.h"
 870              		.file 6 "Drivers/CMSIS/Device/ST/STM32F3xx/Include/stm32f303xe.h"
 871              		.file 7 "/home/logic/STM32Toolchain/gcc-arm/arm-none-eabi/include/sys/lock.h"
 872              		.file 8 "/home/logic/STM32Toolchain/gcc-arm/arm-none-eabi/include/sys/_types.h"
 873              		.file 9 "/home/logic/STM32Toolchain/gcc-arm/lib/gcc/arm-none-eabi/7.3.1/include/stddef.h"
 874              		.file 10 "/home/logic/STM32Toolchain/gcc-arm/arm-none-eabi/include/sys/reent.h"
 875              		.file 11 "Drivers/STM32F3xx_HAL_Driver/Inc/stm32f3xx_hal_def.h"
 876              		.file 12 "Drivers/STM32F3xx_HAL_Driver/Inc/stm32f3xx_hal.h"
 877              		.file 13 "Inc/stm32f3xx_hal_conf.h"
 878              		.file 14 "Drivers/STM32F3xx_HAL_Driver/Inc/stm32f3xx_hal_cortex.h"
ARM GAS  /tmp/ccFB9z9c.s 			page 25


DEFINED SYMBOLS
                            *ABS*:0000000000000000 stm32f3xx_hal.c
     /tmp/ccFB9z9c.s:18     .text.HAL_MspInit:0000000000000000 $t
     /tmp/ccFB9z9c.s:25     .text.HAL_MspInit:0000000000000000 HAL_MspInit
     /tmp/ccFB9z9c.s:39     .text.HAL_MspDeInit:0000000000000000 $t
     /tmp/ccFB9z9c.s:46     .text.HAL_MspDeInit:0000000000000000 HAL_MspDeInit
     /tmp/ccFB9z9c.s:59     .text.HAL_DeInit:0000000000000000 $t
     /tmp/ccFB9z9c.s:66     .text.HAL_DeInit:0000000000000000 HAL_DeInit
     /tmp/ccFB9z9c.s:101    .text.HAL_DeInit:0000000000000020 $d
     /tmp/ccFB9z9c.s:106    .text.HAL_InitTick:0000000000000000 $t
     /tmp/ccFB9z9c.s:113    .text.HAL_InitTick:0000000000000000 HAL_InitTick
     /tmp/ccFB9z9c.s:167    .text.HAL_InitTick:0000000000000040 $d
     /tmp/ccFB9z9c.s:174    .text.HAL_Init:0000000000000000 $t
     /tmp/ccFB9z9c.s:181    .text.HAL_Init:0000000000000000 HAL_Init
     /tmp/ccFB9z9c.s:214    .text.HAL_Init:0000000000000020 $d
     /tmp/ccFB9z9c.s:219    .text.HAL_IncTick:0000000000000000 $t
     /tmp/ccFB9z9c.s:226    .text.HAL_IncTick:0000000000000000 HAL_IncTick
     /tmp/ccFB9z9c.s:245    .text.HAL_IncTick:0000000000000010 $d
                            *COM*:0000000000000004 uwTick
     /tmp/ccFB9z9c.s:251    .text.HAL_GetTick:0000000000000000 $t
     /tmp/ccFB9z9c.s:258    .text.HAL_GetTick:0000000000000000 HAL_GetTick
     /tmp/ccFB9z9c.s:273    .text.HAL_GetTick:0000000000000008 $d
     /tmp/ccFB9z9c.s:278    .text.HAL_GetTickPrio:0000000000000000 $t
     /tmp/ccFB9z9c.s:285    .text.HAL_GetTickPrio:0000000000000000 HAL_GetTickPrio
     /tmp/ccFB9z9c.s:299    .text.HAL_GetTickPrio:0000000000000008 $d
     /tmp/ccFB9z9c.s:304    .text.HAL_SetTickFreq:0000000000000000 $t
     /tmp/ccFB9z9c.s:311    .text.HAL_SetTickFreq:0000000000000000 HAL_SetTickFreq
     /tmp/ccFB9z9c.s:368    .text.HAL_SetTickFreq:0000000000000038 $d
     /tmp/ccFB9z9c.s:375    .text.HAL_GetTickFreq:0000000000000000 $t
     /tmp/ccFB9z9c.s:382    .text.HAL_GetTickFreq:0000000000000000 HAL_GetTickFreq
     /tmp/ccFB9z9c.s:396    .text.HAL_GetTickFreq:0000000000000008 $d
     /tmp/ccFB9z9c.s:401    .text.HAL_Delay:0000000000000000 $t
     /tmp/ccFB9z9c.s:408    .text.HAL_Delay:0000000000000000 HAL_Delay
     /tmp/ccFB9z9c.s:449    .text.HAL_Delay:0000000000000024 $d
     /tmp/ccFB9z9c.s:454    .text.HAL_SuspendTick:0000000000000000 $t
     /tmp/ccFB9z9c.s:461    .text.HAL_SuspendTick:0000000000000000 HAL_SuspendTick
     /tmp/ccFB9z9c.s:478    .text.HAL_SuspendTick:000000000000000c $d
     /tmp/ccFB9z9c.s:483    .text.HAL_ResumeTick:0000000000000000 $t
     /tmp/ccFB9z9c.s:490    .text.HAL_ResumeTick:0000000000000000 HAL_ResumeTick
     /tmp/ccFB9z9c.s:507    .text.HAL_ResumeTick:000000000000000c $d
     /tmp/ccFB9z9c.s:512    .text.HAL_GetHalVersion:0000000000000000 $t
     /tmp/ccFB9z9c.s:519    .text.HAL_GetHalVersion:0000000000000000 HAL_GetHalVersion
     /tmp/ccFB9z9c.s:532    .text.HAL_GetHalVersion:0000000000000004 $d
     /tmp/ccFB9z9c.s:537    .text.HAL_GetREVID:0000000000000000 $t
     /tmp/ccFB9z9c.s:544    .text.HAL_GetREVID:0000000000000000 HAL_GetREVID
     /tmp/ccFB9z9c.s:560    .text.HAL_GetREVID:0000000000000008 $d
     /tmp/ccFB9z9c.s:565    .text.HAL_GetDEVID:0000000000000000 $t
     /tmp/ccFB9z9c.s:572    .text.HAL_GetDEVID:0000000000000000 HAL_GetDEVID
     /tmp/ccFB9z9c.s:588    .text.HAL_GetDEVID:000000000000000c $d
     /tmp/ccFB9z9c.s:593    .text.HAL_GetUIDw0:0000000000000000 $t
     /tmp/ccFB9z9c.s:600    .text.HAL_GetUIDw0:0000000000000000 HAL_GetUIDw0
     /tmp/ccFB9z9c.s:614    .text.HAL_GetUIDw0:0000000000000008 $d
     /tmp/ccFB9z9c.s:619    .text.HAL_GetUIDw1:0000000000000000 $t
     /tmp/ccFB9z9c.s:626    .text.HAL_GetUIDw1:0000000000000000 HAL_GetUIDw1
     /tmp/ccFB9z9c.s:640    .text.HAL_GetUIDw1:0000000000000008 $d
     /tmp/ccFB9z9c.s:645    .text.HAL_GetUIDw2:0000000000000000 $t
     /tmp/ccFB9z9c.s:652    .text.HAL_GetUIDw2:0000000000000000 HAL_GetUIDw2
ARM GAS  /tmp/ccFB9z9c.s 			page 26


     /tmp/ccFB9z9c.s:666    .text.HAL_GetUIDw2:0000000000000008 $d
     /tmp/ccFB9z9c.s:671    .text.HAL_DBGMCU_EnableDBGSleepMode:0000000000000000 $t
     /tmp/ccFB9z9c.s:678    .text.HAL_DBGMCU_EnableDBGSleepMode:0000000000000000 HAL_DBGMCU_EnableDBGSleepMode
     /tmp/ccFB9z9c.s:695    .text.HAL_DBGMCU_EnableDBGSleepMode:000000000000000c $d
     /tmp/ccFB9z9c.s:700    .text.HAL_DBGMCU_DisableDBGSleepMode:0000000000000000 $t
     /tmp/ccFB9z9c.s:707    .text.HAL_DBGMCU_DisableDBGSleepMode:0000000000000000 HAL_DBGMCU_DisableDBGSleepMode
     /tmp/ccFB9z9c.s:724    .text.HAL_DBGMCU_DisableDBGSleepMode:000000000000000c $d
     /tmp/ccFB9z9c.s:729    .text.HAL_DBGMCU_EnableDBGStopMode:0000000000000000 $t
     /tmp/ccFB9z9c.s:736    .text.HAL_DBGMCU_EnableDBGStopMode:0000000000000000 HAL_DBGMCU_EnableDBGStopMode
     /tmp/ccFB9z9c.s:753    .text.HAL_DBGMCU_EnableDBGStopMode:000000000000000c $d
     /tmp/ccFB9z9c.s:758    .text.HAL_DBGMCU_DisableDBGStopMode:0000000000000000 $t
     /tmp/ccFB9z9c.s:765    .text.HAL_DBGMCU_DisableDBGStopMode:0000000000000000 HAL_DBGMCU_DisableDBGStopMode
     /tmp/ccFB9z9c.s:782    .text.HAL_DBGMCU_DisableDBGStopMode:000000000000000c $d
     /tmp/ccFB9z9c.s:787    .text.HAL_DBGMCU_EnableDBGStandbyMode:0000000000000000 $t
     /tmp/ccFB9z9c.s:794    .text.HAL_DBGMCU_EnableDBGStandbyMode:0000000000000000 HAL_DBGMCU_EnableDBGStandbyMode
     /tmp/ccFB9z9c.s:811    .text.HAL_DBGMCU_EnableDBGStandbyMode:000000000000000c $d
     /tmp/ccFB9z9c.s:816    .text.HAL_DBGMCU_DisableDBGStandbyMode:0000000000000000 $t
     /tmp/ccFB9z9c.s:823    .text.HAL_DBGMCU_DisableDBGStandbyMode:0000000000000000 HAL_DBGMCU_DisableDBGStandbyMode
     /tmp/ccFB9z9c.s:840    .text.HAL_DBGMCU_DisableDBGStandbyMode:000000000000000c $d
     /tmp/ccFB9z9c.s:851    .data.uwTickFreq:0000000000000000 uwTickFreq
     /tmp/ccFB9z9c.s:858    .data.uwTickPrio:0000000000000000 uwTickPrio
     /tmp/ccFB9z9c.s:854    .data.uwTickPrio:0000000000000000 $d
     /tmp/ccFB9z9c.s:861    .rodata.HAL_SetTickFreq.str1.4:0000000000000000 $d

UNDEFINED SYMBOLS
HAL_SYSTICK_Config
HAL_NVIC_SetPriority
SystemCoreClock
HAL_NVIC_SetPriorityGrouping
assert_failed
