ARM GAS  /tmp/cc3Ej7BD.s 			page 1


   1              		.cpu cortex-m4
   2              		.eabi_attribute 27, 1
   3              		.eabi_attribute 28, 1
   4              		.eabi_attribute 20, 1
   5              		.eabi_attribute 21, 1
   6              		.eabi_attribute 23, 3
   7              		.eabi_attribute 24, 1
   8              		.eabi_attribute 25, 1
   9              		.eabi_attribute 26, 1
  10              		.eabi_attribute 30, 1
  11              		.eabi_attribute 34, 1
  12              		.eabi_attribute 18, 4
  13              		.file	"tim.c"
  14              		.text
  15              	.Ltext0:
  16              		.cfi_sections	.debug_frame
  17              		.section	.text.HAL_TIM_PWM_MspInit,"ax",%progbits
  18              		.align	1
  19              		.global	HAL_TIM_PWM_MspInit
  20              		.syntax unified
  21              		.thumb
  22              		.thumb_func
  23              		.fpu fpv4-sp-d16
  25              	HAL_TIM_PWM_MspInit:
  26              	.LFB127:
  27              		.file 1 "Core/Src/tim.c"
   1:Core/Src/tim.c **** /**
   2:Core/Src/tim.c ****   ******************************************************************************
   3:Core/Src/tim.c ****   * File Name          : TIM.c
   4:Core/Src/tim.c ****   * Description        : This file provides code for the configuration
   5:Core/Src/tim.c ****   *                      of the TIM instances.
   6:Core/Src/tim.c ****   ******************************************************************************
   7:Core/Src/tim.c ****   ** This notice applies to any and all portions of this file
   8:Core/Src/tim.c ****   * that are not between comment pairs USER CODE BEGIN and
   9:Core/Src/tim.c ****   * USER CODE END. Other portions of this file, whether
  10:Core/Src/tim.c ****   * inserted by the user or by software development tools
  11:Core/Src/tim.c ****   * are owned by their respective copyright owners.
  12:Core/Src/tim.c ****   *
  13:Core/Src/tim.c ****   * COPYRIGHT(c) 2018 STMicroelectronics
  14:Core/Src/tim.c ****   *
  15:Core/Src/tim.c ****   * Redistribution and use in source and binary forms, with or without modification,
  16:Core/Src/tim.c ****   * are permitted provided that the following conditions are met:
  17:Core/Src/tim.c ****   *   1. Redistributions of source code must retain the above copyright notice,
  18:Core/Src/tim.c ****   *      this list of conditions and the following disclaimer.
  19:Core/Src/tim.c ****   *   2. Redistributions in binary form must reproduce the above copyright notice,
  20:Core/Src/tim.c ****   *      this list of conditions and the following disclaimer in the documentation
  21:Core/Src/tim.c ****   *      and/or other materials provided with the distribution.
  22:Core/Src/tim.c ****   *   3. Neither the name of STMicroelectronics nor the names of its contributors
  23:Core/Src/tim.c ****   *      may be used to endorse or promote products derived from this software
  24:Core/Src/tim.c ****   *      without specific prior written permission.
  25:Core/Src/tim.c ****   *
  26:Core/Src/tim.c ****   * THIS SOFTWARE IS PROVIDED BY THE COPYRIGHT HOLDERS AND CONTRIBUTORS "AS IS"
  27:Core/Src/tim.c ****   * AND ANY EXPRESS OR IMPLIED WARRANTIES, INCLUDING, BUT NOT LIMITED TO, THE
  28:Core/Src/tim.c ****   * IMPLIED WARRANTIES OF MERCHANTABILITY AND FITNESS FOR A PARTICULAR PURPOSE ARE
  29:Core/Src/tim.c ****   * DISCLAIMED. IN NO EVENT SHALL THE COPYRIGHT HOLDER OR CONTRIBUTORS BE LIABLE
  30:Core/Src/tim.c ****   * FOR ANY DIRECT, INDIRECT, INCIDENTAL, SPECIAL, EXEMPLARY, OR CONSEQUENTIAL
  31:Core/Src/tim.c ****   * DAMAGES (INCLUDING, BUT NOT LIMITED TO, PROCUREMENT OF SUBSTITUTE GOODS OR
ARM GAS  /tmp/cc3Ej7BD.s 			page 2


  32:Core/Src/tim.c ****   * SERVICES; LOSS OF USE, DATA, OR PROFITS; OR BUSINESS INTERRUPTION) HOWEVER
  33:Core/Src/tim.c ****   * CAUSED AND ON ANY THEORY OF LIABILITY, WHETHER IN CONTRACT, STRICT LIABILITY,
  34:Core/Src/tim.c ****   * OR TORT (INCLUDING NEGLIGENCE OR OTHERWISE) ARISING IN ANY WAY OUT OF THE USE
  35:Core/Src/tim.c ****   * OF THIS SOFTWARE, EVEN IF ADVISED OF THE POSSIBILITY OF SUCH DAMAGE.
  36:Core/Src/tim.c ****   *
  37:Core/Src/tim.c ****   ******************************************************************************
  38:Core/Src/tim.c ****   */
  39:Core/Src/tim.c **** 
  40:Core/Src/tim.c **** /* Includes ------------------------------------------------------------------*/
  41:Core/Src/tim.c **** #include "tim.h"
  42:Core/Src/tim.c **** 
  43:Core/Src/tim.c **** /* USER CODE BEGIN 0 */
  44:Core/Src/tim.c **** 
  45:Core/Src/tim.c **** /* USER CODE END 0 */
  46:Core/Src/tim.c **** 
  47:Core/Src/tim.c **** TIM_HandleTypeDef htim3;
  48:Core/Src/tim.c **** 
  49:Core/Src/tim.c **** /* TIM3 init function */
  50:Core/Src/tim.c **** void MX_TIM3_Init(void)
  51:Core/Src/tim.c **** {
  52:Core/Src/tim.c ****   TIM_MasterConfigTypeDef sMasterConfig;
  53:Core/Src/tim.c ****   TIM_OC_InitTypeDef sConfigOC;
  54:Core/Src/tim.c **** 
  55:Core/Src/tim.c ****   htim3.Instance = TIM3;
  56:Core/Src/tim.c ****   htim3.Init.Prescaler = 72-1;
  57:Core/Src/tim.c ****   htim3.Init.CounterMode = TIM_COUNTERMODE_UP;
  58:Core/Src/tim.c ****   htim3.Init.Period = 1000-1;
  59:Core/Src/tim.c ****   htim3.Init.ClockDivision = TIM_CLOCKDIVISION_DIV1;
  60:Core/Src/tim.c ****   htim3.Init.AutoReloadPreload = TIM_AUTORELOAD_PRELOAD_DISABLE;
  61:Core/Src/tim.c ****   if (HAL_TIM_PWM_Init(&htim3) != HAL_OK)
  62:Core/Src/tim.c ****   {
  63:Core/Src/tim.c ****     _Error_Handler(__FILE__, __LINE__);
  64:Core/Src/tim.c ****   }
  65:Core/Src/tim.c **** 
  66:Core/Src/tim.c ****   sMasterConfig.MasterOutputTrigger = TIM_TRGO_RESET;
  67:Core/Src/tim.c ****   sMasterConfig.MasterSlaveMode = TIM_MASTERSLAVEMODE_DISABLE;
  68:Core/Src/tim.c ****   if (HAL_TIMEx_MasterConfigSynchronization(&htim3, &sMasterConfig) != HAL_OK)
  69:Core/Src/tim.c ****   {
  70:Core/Src/tim.c ****     _Error_Handler(__FILE__, __LINE__);
  71:Core/Src/tim.c ****   }
  72:Core/Src/tim.c **** 
  73:Core/Src/tim.c ****   sConfigOC.OCMode = TIM_OCMODE_PWM1;
  74:Core/Src/tim.c ****   sConfigOC.Pulse = 499;
  75:Core/Src/tim.c ****   sConfigOC.OCPolarity = TIM_OCPOLARITY_HIGH;
  76:Core/Src/tim.c ****   sConfigOC.OCFastMode = TIM_OCFAST_DISABLE;
  77:Core/Src/tim.c ****   if (HAL_TIM_PWM_ConfigChannel(&htim3, &sConfigOC, TIM_CHANNEL_1) != HAL_OK)
  78:Core/Src/tim.c ****   {
  79:Core/Src/tim.c ****     _Error_Handler(__FILE__, __LINE__);
  80:Core/Src/tim.c ****   }
  81:Core/Src/tim.c **** 
  82:Core/Src/tim.c ****   HAL_TIM_MspPostInit(&htim3);
  83:Core/Src/tim.c **** 
  84:Core/Src/tim.c **** }
  85:Core/Src/tim.c **** 
  86:Core/Src/tim.c **** void HAL_TIM_PWM_MspInit(TIM_HandleTypeDef* tim_pwmHandle)
  87:Core/Src/tim.c **** {
  28              		.loc 1 87 0
ARM GAS  /tmp/cc3Ej7BD.s 			page 3


  29              		.cfi_startproc
  30              		@ args = 0, pretend = 0, frame = 8
  31              		@ frame_needed = 0, uses_anonymous_args = 0
  32              		@ link register save eliminated.
  33              	.LVL0:
  88:Core/Src/tim.c **** 
  89:Core/Src/tim.c ****   if(tim_pwmHandle->Instance==TIM3)
  34              		.loc 1 89 0
  35 0000 0268     		ldr	r2, [r0]
  36 0002 094B     		ldr	r3, .L8
  37 0004 9A42     		cmp	r2, r3
  38 0006 00D0     		beq	.L7
  39 0008 7047     		bx	lr
  40              	.L7:
  87:Core/Src/tim.c **** 
  41              		.loc 1 87 0
  42 000a 82B0     		sub	sp, sp, #8
  43              	.LCFI0:
  44              		.cfi_def_cfa_offset 8
  45              	.LBB2:
  90:Core/Src/tim.c ****   {
  91:Core/Src/tim.c ****   /* USER CODE BEGIN TIM3_MspInit 0 */
  92:Core/Src/tim.c **** 
  93:Core/Src/tim.c ****   /* USER CODE END TIM3_MspInit 0 */
  94:Core/Src/tim.c ****     /* TIM3 clock enable */
  95:Core/Src/tim.c ****     __HAL_RCC_TIM3_CLK_ENABLE();
  46              		.loc 1 95 0
  47 000c 03F50333 		add	r3, r3, #134144
  48 0010 DA69     		ldr	r2, [r3, #28]
  49 0012 42F00202 		orr	r2, r2, #2
  50 0016 DA61     		str	r2, [r3, #28]
  51 0018 DB69     		ldr	r3, [r3, #28]
  52 001a 03F00203 		and	r3, r3, #2
  53 001e 0193     		str	r3, [sp, #4]
  54 0020 019B     		ldr	r3, [sp, #4]
  55              	.LBE2:
  96:Core/Src/tim.c ****   /* USER CODE BEGIN TIM3_MspInit 1 */
  97:Core/Src/tim.c **** 
  98:Core/Src/tim.c ****   /* USER CODE END TIM3_MspInit 1 */
  99:Core/Src/tim.c ****   }
 100:Core/Src/tim.c **** }
  56              		.loc 1 100 0
  57 0022 02B0     		add	sp, sp, #8
  58              	.LCFI1:
  59              		.cfi_def_cfa_offset 0
  60              		@ sp needed
  61 0024 7047     		bx	lr
  62              	.L9:
  63 0026 00BF     		.align	2
  64              	.L8:
  65 0028 00040040 		.word	1073742848
  66              		.cfi_endproc
  67              	.LFE127:
  69              		.section	.text.HAL_TIM_MspPostInit,"ax",%progbits
  70              		.align	1
  71              		.global	HAL_TIM_MspPostInit
  72              		.syntax unified
ARM GAS  /tmp/cc3Ej7BD.s 			page 4


  73              		.thumb
  74              		.thumb_func
  75              		.fpu fpv4-sp-d16
  77              	HAL_TIM_MspPostInit:
  78              	.LFB128:
 101:Core/Src/tim.c **** void HAL_TIM_MspPostInit(TIM_HandleTypeDef* timHandle)
 102:Core/Src/tim.c **** {
  79              		.loc 1 102 0
  80              		.cfi_startproc
  81              		@ args = 0, pretend = 0, frame = 24
  82              		@ frame_needed = 0, uses_anonymous_args = 0
  83              	.LVL1:
 103:Core/Src/tim.c **** 
 104:Core/Src/tim.c ****   GPIO_InitTypeDef GPIO_InitStruct;
 105:Core/Src/tim.c ****   if(timHandle->Instance==TIM3)
  84              		.loc 1 105 0
  85 0000 0268     		ldr	r2, [r0]
  86 0002 0B4B     		ldr	r3, .L17
  87 0004 9A42     		cmp	r2, r3
  88 0006 00D0     		beq	.L16
  89 0008 7047     		bx	lr
  90              	.L16:
 102:Core/Src/tim.c **** 
  91              		.loc 1 102 0
  92 000a 00B5     		push	{lr}
  93              	.LCFI2:
  94              		.cfi_def_cfa_offset 4
  95              		.cfi_offset 14, -4
  96 000c 87B0     		sub	sp, sp, #28
  97              	.LCFI3:
  98              		.cfi_def_cfa_offset 32
 106:Core/Src/tim.c ****   {
 107:Core/Src/tim.c ****   /* USER CODE BEGIN TIM3_MspPostInit 0 */
 108:Core/Src/tim.c **** 
 109:Core/Src/tim.c ****   /* USER CODE END TIM3_MspPostInit 0 */
 110:Core/Src/tim.c **** 
 111:Core/Src/tim.c ****     /**TIM3 GPIO Configuration
 112:Core/Src/tim.c ****     PA6     ------> TIM3_CH1
 113:Core/Src/tim.c ****     */
 114:Core/Src/tim.c ****     GPIO_InitStruct.Pin = GPIO_PIN_6;
  99              		.loc 1 114 0
 100 000e 4023     		movs	r3, #64
 101 0010 0193     		str	r3, [sp, #4]
 115:Core/Src/tim.c ****     GPIO_InitStruct.Mode = GPIO_MODE_AF_PP;
 102              		.loc 1 115 0
 103 0012 0223     		movs	r3, #2
 104 0014 0293     		str	r3, [sp, #8]
 116:Core/Src/tim.c ****     GPIO_InitStruct.Pull = GPIO_NOPULL;
 105              		.loc 1 116 0
 106 0016 0022     		movs	r2, #0
 107 0018 0392     		str	r2, [sp, #12]
 117:Core/Src/tim.c ****     GPIO_InitStruct.Speed = GPIO_SPEED_FREQ_HIGH;
 108              		.loc 1 117 0
 109 001a 0322     		movs	r2, #3
 110 001c 0492     		str	r2, [sp, #16]
 118:Core/Src/tim.c ****     GPIO_InitStruct.Alternate = GPIO_AF2_TIM3;
 111              		.loc 1 118 0
ARM GAS  /tmp/cc3Ej7BD.s 			page 5


 112 001e 0593     		str	r3, [sp, #20]
 119:Core/Src/tim.c ****     HAL_GPIO_Init(GPIOA, &GPIO_InitStruct);
 113              		.loc 1 119 0
 114 0020 01A9     		add	r1, sp, #4
 115 0022 4FF09040 		mov	r0, #1207959552
 116              	.LVL2:
 117 0026 FFF7FEFF 		bl	HAL_GPIO_Init
 118              	.LVL3:
 120:Core/Src/tim.c **** 
 121:Core/Src/tim.c ****   /* USER CODE BEGIN TIM3_MspPostInit 1 */
 122:Core/Src/tim.c **** 
 123:Core/Src/tim.c ****   /* USER CODE END TIM3_MspPostInit 1 */
 124:Core/Src/tim.c ****   }
 125:Core/Src/tim.c **** 
 126:Core/Src/tim.c **** }
 119              		.loc 1 126 0
 120 002a 07B0     		add	sp, sp, #28
 121              	.LCFI4:
 122              		.cfi_def_cfa_offset 4
 123              		@ sp needed
 124 002c 5DF804FB 		ldr	pc, [sp], #4
 125              	.L18:
 126              		.align	2
 127              	.L17:
 128 0030 00040040 		.word	1073742848
 129              		.cfi_endproc
 130              	.LFE128:
 132              		.section	.text.MX_TIM3_Init,"ax",%progbits
 133              		.align	1
 134              		.global	MX_TIM3_Init
 135              		.syntax unified
 136              		.thumb
 137              		.thumb_func
 138              		.fpu fpv4-sp-d16
 140              	MX_TIM3_Init:
 141              	.LFB126:
  51:Core/Src/tim.c ****   TIM_MasterConfigTypeDef sMasterConfig;
 142              		.loc 1 51 0
 143              		.cfi_startproc
 144              		@ args = 0, pretend = 0, frame = 40
 145              		@ frame_needed = 0, uses_anonymous_args = 0
 146 0000 00B5     		push	{lr}
 147              	.LCFI5:
 148              		.cfi_def_cfa_offset 4
 149              		.cfi_offset 14, -4
 150 0002 8BB0     		sub	sp, sp, #44
 151              	.LCFI6:
 152              		.cfi_def_cfa_offset 48
  55:Core/Src/tim.c ****   htim3.Init.Prescaler = 72-1;
 153              		.loc 1 55 0
 154 0004 1C48     		ldr	r0, .L27
 155 0006 1D4B     		ldr	r3, .L27+4
 156 0008 0360     		str	r3, [r0]
  56:Core/Src/tim.c ****   htim3.Init.CounterMode = TIM_COUNTERMODE_UP;
 157              		.loc 1 56 0
 158 000a 4723     		movs	r3, #71
 159 000c 4360     		str	r3, [r0, #4]
ARM GAS  /tmp/cc3Ej7BD.s 			page 6


  57:Core/Src/tim.c ****   htim3.Init.Period = 1000-1;
 160              		.loc 1 57 0
 161 000e 0023     		movs	r3, #0
 162 0010 8360     		str	r3, [r0, #8]
  58:Core/Src/tim.c ****   htim3.Init.ClockDivision = TIM_CLOCKDIVISION_DIV1;
 163              		.loc 1 58 0
 164 0012 40F2E732 		movw	r2, #999
 165 0016 C260     		str	r2, [r0, #12]
  59:Core/Src/tim.c ****   htim3.Init.AutoReloadPreload = TIM_AUTORELOAD_PRELOAD_DISABLE;
 166              		.loc 1 59 0
 167 0018 0361     		str	r3, [r0, #16]
  60:Core/Src/tim.c ****   if (HAL_TIM_PWM_Init(&htim3) != HAL_OK)
 168              		.loc 1 60 0
 169 001a 8361     		str	r3, [r0, #24]
  61:Core/Src/tim.c ****   {
 170              		.loc 1 61 0
 171 001c FFF7FEFF 		bl	HAL_TIM_PWM_Init
 172              	.LVL4:
 173 0020 D0B9     		cbnz	r0, .L24
 174              	.L20:
  66:Core/Src/tim.c ****   sMasterConfig.MasterSlaveMode = TIM_MASTERSLAVEMODE_DISABLE;
 175              		.loc 1 66 0
 176 0022 0023     		movs	r3, #0
 177 0024 0793     		str	r3, [sp, #28]
  67:Core/Src/tim.c ****   if (HAL_TIMEx_MasterConfigSynchronization(&htim3, &sMasterConfig) != HAL_OK)
 178              		.loc 1 67 0
 179 0026 0993     		str	r3, [sp, #36]
  68:Core/Src/tim.c ****   {
 180              		.loc 1 68 0
 181 0028 07A9     		add	r1, sp, #28
 182 002a 1348     		ldr	r0, .L27
 183 002c FFF7FEFF 		bl	HAL_TIMEx_MasterConfigSynchronization
 184              	.LVL5:
 185 0030 B8B9     		cbnz	r0, .L25
 186              	.L21:
  73:Core/Src/tim.c ****   sConfigOC.Pulse = 499;
 187              		.loc 1 73 0
 188 0032 6023     		movs	r3, #96
 189 0034 0093     		str	r3, [sp]
  74:Core/Src/tim.c ****   sConfigOC.OCPolarity = TIM_OCPOLARITY_HIGH;
 190              		.loc 1 74 0
 191 0036 40F2F313 		movw	r3, #499
 192 003a 0193     		str	r3, [sp, #4]
  75:Core/Src/tim.c ****   sConfigOC.OCFastMode = TIM_OCFAST_DISABLE;
 193              		.loc 1 75 0
 194 003c 0022     		movs	r2, #0
 195 003e 0292     		str	r2, [sp, #8]
  76:Core/Src/tim.c ****   if (HAL_TIM_PWM_ConfigChannel(&htim3, &sConfigOC, TIM_CHANNEL_1) != HAL_OK)
 196              		.loc 1 76 0
 197 0040 0492     		str	r2, [sp, #16]
  77:Core/Src/tim.c ****   {
 198              		.loc 1 77 0
 199 0042 6946     		mov	r1, sp
 200 0044 0C48     		ldr	r0, .L27
 201 0046 FFF7FEFF 		bl	HAL_TIM_PWM_ConfigChannel
 202              	.LVL6:
 203 004a 78B9     		cbnz	r0, .L26
ARM GAS  /tmp/cc3Ej7BD.s 			page 7


 204              	.L22:
  82:Core/Src/tim.c **** 
 205              		.loc 1 82 0
 206 004c 0A48     		ldr	r0, .L27
 207 004e FFF7FEFF 		bl	HAL_TIM_MspPostInit
 208              	.LVL7:
  84:Core/Src/tim.c **** 
 209              		.loc 1 84 0
 210 0052 0BB0     		add	sp, sp, #44
 211              	.LCFI7:
 212              		.cfi_remember_state
 213              		.cfi_def_cfa_offset 4
 214              		@ sp needed
 215 0054 5DF804FB 		ldr	pc, [sp], #4
 216              	.L24:
 217              	.LCFI8:
 218              		.cfi_restore_state
  63:Core/Src/tim.c ****   }
 219              		.loc 1 63 0
 220 0058 3F21     		movs	r1, #63
 221 005a 0948     		ldr	r0, .L27+8
 222 005c FFF7FEFF 		bl	_Error_Handler
 223              	.LVL8:
 224 0060 DFE7     		b	.L20
 225              	.L25:
  70:Core/Src/tim.c ****   }
 226              		.loc 1 70 0
 227 0062 4621     		movs	r1, #70
 228 0064 0648     		ldr	r0, .L27+8
 229 0066 FFF7FEFF 		bl	_Error_Handler
 230              	.LVL9:
 231 006a E2E7     		b	.L21
 232              	.L26:
  79:Core/Src/tim.c ****   }
 233              		.loc 1 79 0
 234 006c 4F21     		movs	r1, #79
 235 006e 0448     		ldr	r0, .L27+8
 236 0070 FFF7FEFF 		bl	_Error_Handler
 237              	.LVL10:
 238 0074 EAE7     		b	.L22
 239              	.L28:
 240 0076 00BF     		.align	2
 241              	.L27:
 242 0078 00000000 		.word	htim3
 243 007c 00040040 		.word	1073742848
 244 0080 00000000 		.word	.LC0
 245              		.cfi_endproc
 246              	.LFE126:
 248              		.section	.text.HAL_TIM_PWM_MspDeInit,"ax",%progbits
 249              		.align	1
 250              		.global	HAL_TIM_PWM_MspDeInit
 251              		.syntax unified
 252              		.thumb
 253              		.thumb_func
 254              		.fpu fpv4-sp-d16
 256              	HAL_TIM_PWM_MspDeInit:
 257              	.LFB129:
ARM GAS  /tmp/cc3Ej7BD.s 			page 8


 127:Core/Src/tim.c **** 
 128:Core/Src/tim.c **** void HAL_TIM_PWM_MspDeInit(TIM_HandleTypeDef* tim_pwmHandle)
 129:Core/Src/tim.c **** {
 258              		.loc 1 129 0
 259              		.cfi_startproc
 260              		@ args = 0, pretend = 0, frame = 0
 261              		@ frame_needed = 0, uses_anonymous_args = 0
 262              		@ link register save eliminated.
 263              	.LVL11:
 130:Core/Src/tim.c **** 
 131:Core/Src/tim.c ****   if(tim_pwmHandle->Instance==TIM3)
 264              		.loc 1 131 0
 265 0000 0268     		ldr	r2, [r0]
 266 0002 054B     		ldr	r3, .L32
 267 0004 9A42     		cmp	r2, r3
 268 0006 00D0     		beq	.L31
 269              	.L29:
 132:Core/Src/tim.c ****   {
 133:Core/Src/tim.c ****   /* USER CODE BEGIN TIM3_MspDeInit 0 */
 134:Core/Src/tim.c **** 
 135:Core/Src/tim.c ****   /* USER CODE END TIM3_MspDeInit 0 */
 136:Core/Src/tim.c ****     /* Peripheral clock disable */
 137:Core/Src/tim.c ****     __HAL_RCC_TIM3_CLK_DISABLE();
 138:Core/Src/tim.c ****   /* USER CODE BEGIN TIM3_MspDeInit 1 */
 139:Core/Src/tim.c **** 
 140:Core/Src/tim.c ****   /* USER CODE END TIM3_MspDeInit 1 */
 141:Core/Src/tim.c ****   }
 142:Core/Src/tim.c **** }
 270              		.loc 1 142 0
 271 0008 7047     		bx	lr
 272              	.L31:
 137:Core/Src/tim.c ****   /* USER CODE BEGIN TIM3_MspDeInit 1 */
 273              		.loc 1 137 0
 274 000a 044A     		ldr	r2, .L32+4
 275 000c D369     		ldr	r3, [r2, #28]
 276 000e 23F00203 		bic	r3, r3, #2
 277 0012 D361     		str	r3, [r2, #28]
 278              		.loc 1 142 0
 279 0014 F8E7     		b	.L29
 280              	.L33:
 281 0016 00BF     		.align	2
 282              	.L32:
 283 0018 00040040 		.word	1073742848
 284 001c 00100240 		.word	1073876992
 285              		.cfi_endproc
 286              	.LFE129:
 288              		.comm	htim3,64,4
 289              		.section	.rodata.MX_TIM3_Init.str1.4,"aMS",%progbits,1
 290              		.align	2
 291              	.LC0:
 292 0000 436F7265 		.ascii	"Core/Src/tim.c\000"
 292      2F537263 
 292      2F74696D 
 292      2E6300
 293              		.text
 294              	.Letext0:
 295              		.file 2 "/home/logic/STM32Toolchain/gcc-arm/arm-none-eabi/include/machine/_default_types.h"
ARM GAS  /tmp/cc3Ej7BD.s 			page 9


 296              		.file 3 "/home/logic/STM32Toolchain/gcc-arm/arm-none-eabi/include/sys/_stdint.h"
 297              		.file 4 "Drivers/CMSIS/Include/core_cm4.h"
 298              		.file 5 "Drivers/CMSIS/Device/ST/STM32F3xx/Include/system_stm32f3xx.h"
 299              		.file 6 "Drivers/CMSIS/Device/ST/STM32F3xx/Include/stm32f303xe.h"
 300              		.file 7 "/home/logic/STM32Toolchain/gcc-arm/arm-none-eabi/include/sys/lock.h"
 301              		.file 8 "/home/logic/STM32Toolchain/gcc-arm/arm-none-eabi/include/sys/_types.h"
 302              		.file 9 "/home/logic/STM32Toolchain/gcc-arm/lib/gcc/arm-none-eabi/7.3.1/include/stddef.h"
 303              		.file 10 "/home/logic/STM32Toolchain/gcc-arm/arm-none-eabi/include/sys/reent.h"
 304              		.file 11 "Drivers/STM32F3xx_HAL_Driver/Inc/stm32f3xx_hal_def.h"
 305              		.file 12 "Drivers/STM32F3xx_HAL_Driver/Inc/stm32f3xx_hal_gpio.h"
 306              		.file 13 "Drivers/STM32F3xx_HAL_Driver/Inc/stm32f3xx_hal_dma.h"
 307              		.file 14 "Drivers/STM32F3xx_HAL_Driver/Inc/stm32f3xx_hal_tim.h"
 308              		.file 15 "Drivers/STM32F3xx_HAL_Driver/Inc/stm32f3xx_hal_tim_ex.h"
 309              		.file 16 "Drivers/STM32F3xx_HAL_Driver/Inc/stm32f3xx_hal.h"
 310              		.file 17 "Core/Inc/tim.h"
ARM GAS  /tmp/cc3Ej7BD.s 			page 10


DEFINED SYMBOLS
                            *ABS*:0000000000000000 tim.c
     /tmp/cc3Ej7BD.s:18     .text.HAL_TIM_PWM_MspInit:0000000000000000 $t
     /tmp/cc3Ej7BD.s:25     .text.HAL_TIM_PWM_MspInit:0000000000000000 HAL_TIM_PWM_MspInit
     /tmp/cc3Ej7BD.s:65     .text.HAL_TIM_PWM_MspInit:0000000000000028 $d
     /tmp/cc3Ej7BD.s:70     .text.HAL_TIM_MspPostInit:0000000000000000 $t
     /tmp/cc3Ej7BD.s:77     .text.HAL_TIM_MspPostInit:0000000000000000 HAL_TIM_MspPostInit
     /tmp/cc3Ej7BD.s:128    .text.HAL_TIM_MspPostInit:0000000000000030 $d
     /tmp/cc3Ej7BD.s:133    .text.MX_TIM3_Init:0000000000000000 $t
     /tmp/cc3Ej7BD.s:140    .text.MX_TIM3_Init:0000000000000000 MX_TIM3_Init
     /tmp/cc3Ej7BD.s:242    .text.MX_TIM3_Init:0000000000000078 $d
                            *COM*:0000000000000040 htim3
     /tmp/cc3Ej7BD.s:249    .text.HAL_TIM_PWM_MspDeInit:0000000000000000 $t
     /tmp/cc3Ej7BD.s:256    .text.HAL_TIM_PWM_MspDeInit:0000000000000000 HAL_TIM_PWM_MspDeInit
     /tmp/cc3Ej7BD.s:283    .text.HAL_TIM_PWM_MspDeInit:0000000000000018 $d
     /tmp/cc3Ej7BD.s:290    .rodata.MX_TIM3_Init.str1.4:0000000000000000 $d

UNDEFINED SYMBOLS
HAL_GPIO_Init
HAL_TIM_PWM_Init
HAL_TIMEx_MasterConfigSynchronization
HAL_TIM_PWM_ConfigChannel
_Error_Handler
