ARM GAS  /tmp/ccwzPBgR.s 			page 1


   1              		.cpu cortex-m4
   2              		.eabi_attribute 27, 1
   3              		.eabi_attribute 28, 1
   4              		.eabi_attribute 20, 1
   5              		.eabi_attribute 21, 1
   6              		.eabi_attribute 23, 3
   7              		.eabi_attribute 24, 1
   8              		.eabi_attribute 25, 1
   9              		.eabi_attribute 26, 1
  10              		.eabi_attribute 30, 1
  11              		.eabi_attribute 34, 1
  12              		.eabi_attribute 18, 4
  13              		.file	"gpio.c"
  14              		.text
  15              	.Ltext0:
  16              		.cfi_sections	.debug_frame
  17              		.section	.text.MX_GPIO_Init,"ax",%progbits
  18              		.align	1
  19              		.global	MX_GPIO_Init
  20              		.syntax unified
  21              		.thumb
  22              		.thumb_func
  23              		.fpu fpv4-sp-d16
  25              	MX_GPIO_Init:
  26              	.LFB126:
  27              		.file 1 "Src/gpio.c"
   1:Src/gpio.c    **** /**
   2:Src/gpio.c    ****   ******************************************************************************
   3:Src/gpio.c    ****   * File Name          : gpio.c
   4:Src/gpio.c    ****   * Description        : This file provides code for the configuration
   5:Src/gpio.c    ****   *                      of all used GPIO pins.
   6:Src/gpio.c    ****   ******************************************************************************
   7:Src/gpio.c    ****   ** This notice applies to any and all portions of this file
   8:Src/gpio.c    ****   * that are not between comment pairs USER CODE BEGIN and
   9:Src/gpio.c    ****   * USER CODE END. Other portions of this file, whether 
  10:Src/gpio.c    ****   * inserted by the user or by software development tools
  11:Src/gpio.c    ****   * are owned by their respective copyright owners.
  12:Src/gpio.c    ****   *
  13:Src/gpio.c    ****   * COPYRIGHT(c) 2018 STMicroelectronics
  14:Src/gpio.c    ****   *
  15:Src/gpio.c    ****   * Redistribution and use in source and binary forms, with or without modification,
  16:Src/gpio.c    ****   * are permitted provided that the following conditions are met:
  17:Src/gpio.c    ****   *   1. Redistributions of source code must retain the above copyright notice,
  18:Src/gpio.c    ****   *      this list of conditions and the following disclaimer.
  19:Src/gpio.c    ****   *   2. Redistributions in binary form must reproduce the above copyright notice,
  20:Src/gpio.c    ****   *      this list of conditions and the following disclaimer in the documentation
  21:Src/gpio.c    ****   *      and/or other materials provided with the distribution.
  22:Src/gpio.c    ****   *   3. Neither the name of STMicroelectronics nor the names of its contributors
  23:Src/gpio.c    ****   *      may be used to endorse or promote products derived from this software
  24:Src/gpio.c    ****   *      without specific prior written permission.
  25:Src/gpio.c    ****   *
  26:Src/gpio.c    ****   * THIS SOFTWARE IS PROVIDED BY THE COPYRIGHT HOLDERS AND CONTRIBUTORS "AS IS"
  27:Src/gpio.c    ****   * AND ANY EXPRESS OR IMPLIED WARRANTIES, INCLUDING, BUT NOT LIMITED TO, THE
  28:Src/gpio.c    ****   * IMPLIED WARRANTIES OF MERCHANTABILITY AND FITNESS FOR A PARTICULAR PURPOSE ARE
  29:Src/gpio.c    ****   * DISCLAIMED. IN NO EVENT SHALL THE COPYRIGHT HOLDER OR CONTRIBUTORS BE LIABLE
  30:Src/gpio.c    ****   * FOR ANY DIRECT, INDIRECT, INCIDENTAL, SPECIAL, EXEMPLARY, OR CONSEQUENTIAL
  31:Src/gpio.c    ****   * DAMAGES (INCLUDING, BUT NOT LIMITED TO, PROCUREMENT OF SUBSTITUTE GOODS OR
ARM GAS  /tmp/ccwzPBgR.s 			page 2


  32:Src/gpio.c    ****   * SERVICES; LOSS OF USE, DATA, OR PROFITS; OR BUSINESS INTERRUPTION) HOWEVER
  33:Src/gpio.c    ****   * CAUSED AND ON ANY THEORY OF LIABILITY, WHETHER IN CONTRACT, STRICT LIABILITY,
  34:Src/gpio.c    ****   * OR TORT (INCLUDING NEGLIGENCE OR OTHERWISE) ARISING IN ANY WAY OUT OF THE USE
  35:Src/gpio.c    ****   * OF THIS SOFTWARE, EVEN IF ADVISED OF THE POSSIBILITY OF SUCH DAMAGE.
  36:Src/gpio.c    ****   *
  37:Src/gpio.c    ****   ******************************************************************************
  38:Src/gpio.c    ****   */
  39:Src/gpio.c    **** 
  40:Src/gpio.c    **** /* Includes ------------------------------------------------------------------*/
  41:Src/gpio.c    **** #include "gpio.h"
  42:Src/gpio.c    **** /* USER CODE BEGIN 0 */
  43:Src/gpio.c    **** 
  44:Src/gpio.c    **** /* USER CODE END 0 */
  45:Src/gpio.c    **** 
  46:Src/gpio.c    **** /*----------------------------------------------------------------------------*/
  47:Src/gpio.c    **** /* Configure GPIO                                                             */
  48:Src/gpio.c    **** /*----------------------------------------------------------------------------*/
  49:Src/gpio.c    **** /* USER CODE BEGIN 1 */
  50:Src/gpio.c    **** 
  51:Src/gpio.c    **** /* USER CODE END 1 */
  52:Src/gpio.c    **** 
  53:Src/gpio.c    **** /** Configure pins as 
  54:Src/gpio.c    ****         * Analog 
  55:Src/gpio.c    ****         * Input 
  56:Src/gpio.c    ****         * Output
  57:Src/gpio.c    ****         * EVENT_OUT
  58:Src/gpio.c    ****         * EXTI
  59:Src/gpio.c    **** */
  60:Src/gpio.c    **** void MX_GPIO_Init(void)
  61:Src/gpio.c    **** {
  28              		.loc 1 61 0
  29              		.cfi_startproc
  30              		@ args = 0, pretend = 0, frame = 40
  31              		@ frame_needed = 0, uses_anonymous_args = 0
  32 0000 2DE9F041 		push	{r4, r5, r6, r7, r8, lr}
  33              	.LCFI0:
  34              		.cfi_def_cfa_offset 24
  35              		.cfi_offset 4, -24
  36              		.cfi_offset 5, -20
  37              		.cfi_offset 6, -16
  38              		.cfi_offset 7, -12
  39              		.cfi_offset 8, -8
  40              		.cfi_offset 14, -4
  41 0004 8AB0     		sub	sp, sp, #40
  42              	.LCFI1:
  43              		.cfi_def_cfa_offset 64
  44              	.LBB2:
  62:Src/gpio.c    **** 
  63:Src/gpio.c    ****   GPIO_InitTypeDef GPIO_InitStruct;
  64:Src/gpio.c    **** 
  65:Src/gpio.c    ****   /* GPIO Ports Clock Enable */
  66:Src/gpio.c    ****   __HAL_RCC_GPIOC_CLK_ENABLE();
  45              		.loc 1 66 0
  46 0006 404B     		ldr	r3, .L3
  47 0008 5A69     		ldr	r2, [r3, #20]
  48 000a 42F40022 		orr	r2, r2, #524288
  49 000e 5A61     		str	r2, [r3, #20]
ARM GAS  /tmp/ccwzPBgR.s 			page 3


  50 0010 5A69     		ldr	r2, [r3, #20]
  51 0012 02F40022 		and	r2, r2, #524288
  52 0016 0092     		str	r2, [sp]
  53 0018 009A     		ldr	r2, [sp]
  54              	.LBE2:
  55              	.LBB3:
  67:Src/gpio.c    ****   __HAL_RCC_GPIOF_CLK_ENABLE();
  56              		.loc 1 67 0
  57 001a 5A69     		ldr	r2, [r3, #20]
  58 001c 42F48002 		orr	r2, r2, #4194304
  59 0020 5A61     		str	r2, [r3, #20]
  60 0022 5A69     		ldr	r2, [r3, #20]
  61 0024 02F48002 		and	r2, r2, #4194304
  62 0028 0192     		str	r2, [sp, #4]
  63 002a 019A     		ldr	r2, [sp, #4]
  64              	.LBE3:
  65              	.LBB4:
  68:Src/gpio.c    ****   __HAL_RCC_GPIOA_CLK_ENABLE();
  66              		.loc 1 68 0
  67 002c 5A69     		ldr	r2, [r3, #20]
  68 002e 42F40032 		orr	r2, r2, #131072
  69 0032 5A61     		str	r2, [r3, #20]
  70 0034 5A69     		ldr	r2, [r3, #20]
  71 0036 02F40032 		and	r2, r2, #131072
  72 003a 0292     		str	r2, [sp, #8]
  73 003c 029A     		ldr	r2, [sp, #8]
  74              	.LBE4:
  75              	.LBB5:
  69:Src/gpio.c    ****   __HAL_RCC_GPIOB_CLK_ENABLE();
  76              		.loc 1 69 0
  77 003e 5A69     		ldr	r2, [r3, #20]
  78 0040 42F48022 		orr	r2, r2, #262144
  79 0044 5A61     		str	r2, [r3, #20]
  80 0046 5A69     		ldr	r2, [r3, #20]
  81 0048 02F48022 		and	r2, r2, #262144
  82 004c 0392     		str	r2, [sp, #12]
  83 004e 039A     		ldr	r2, [sp, #12]
  84              	.LBE5:
  85              	.LBB6:
  70:Src/gpio.c    ****   __HAL_RCC_GPIOD_CLK_ENABLE();
  86              		.loc 1 70 0
  87 0050 5A69     		ldr	r2, [r3, #20]
  88 0052 42F48012 		orr	r2, r2, #1048576
  89 0056 5A61     		str	r2, [r3, #20]
  90 0058 5B69     		ldr	r3, [r3, #20]
  91 005a 03F48013 		and	r3, r3, #1048576
  92 005e 0493     		str	r3, [sp, #16]
  93 0060 049B     		ldr	r3, [sp, #16]
  94              	.LBE6:
  71:Src/gpio.c    **** 
  72:Src/gpio.c    ****   /*Configure GPIO pin Output Level */
  73:Src/gpio.c    ****   HAL_GPIO_WritePin(GPIOC, GPIO_PIN_0|GPIO_PIN_1|GPIO_PIN_2|GPIO_PIN_3 
  95              		.loc 1 73 0
  96 0062 2A4E     		ldr	r6, .L3+4
  97 0064 0022     		movs	r2, #0
  98 0066 41F6FF71 		movw	r1, #8191
  99 006a 3046     		mov	r0, r6
ARM GAS  /tmp/ccwzPBgR.s 			page 4


 100 006c FFF7FEFF 		bl	HAL_GPIO_WritePin
 101              	.LVL0:
  74:Src/gpio.c    ****                           |GPIO_PIN_4|GPIO_PIN_5|GPIO_PIN_6|GPIO_PIN_7 
  75:Src/gpio.c    ****                           |GPIO_PIN_8|GPIO_PIN_9|GPIO_PIN_10|GPIO_PIN_11 
  76:Src/gpio.c    ****                           |GPIO_PIN_12, GPIO_PIN_RESET);
  77:Src/gpio.c    **** 
  78:Src/gpio.c    ****   /*Configure GPIO pin Output Level */
  79:Src/gpio.c    ****   HAL_GPIO_WritePin(GPIOA, GPIO_PIN_0|GPIO_PIN_1|GPIO_PIN_2|GPIO_PIN_3 
 102              		.loc 1 79 0
 103 0070 0022     		movs	r2, #0
 104 0072 49F6FF71 		movw	r1, #40959
 105 0076 4FF09040 		mov	r0, #1207959552
 106 007a FFF7FEFF 		bl	HAL_GPIO_WritePin
 107              	.LVL1:
  80:Src/gpio.c    ****                           |GPIO_PIN_4|LD2_Pin|GPIO_PIN_6|GPIO_PIN_7 
  81:Src/gpio.c    ****                           |GPIO_PIN_8|GPIO_PIN_9|GPIO_PIN_10|GPIO_PIN_11 
  82:Src/gpio.c    ****                           |GPIO_PIN_12|GPIO_PIN_15, GPIO_PIN_RESET);
  83:Src/gpio.c    **** 
  84:Src/gpio.c    ****   /*Configure GPIO pin Output Level */
  85:Src/gpio.c    ****   HAL_GPIO_WritePin(GPIOB, GPIO_PIN_0|GPIO_PIN_1|GPIO_PIN_2|GPIO_PIN_10 
 108              		.loc 1 85 0
 109 007e DFF89880 		ldr	r8, .L3+16
 110 0082 0022     		movs	r2, #0
 111 0084 4FF6F771 		movw	r1, #65527
 112 0088 4046     		mov	r0, r8
 113 008a FFF7FEFF 		bl	HAL_GPIO_WritePin
 114              	.LVL2:
  86:Src/gpio.c    ****                           |GPIO_PIN_11|GPIO_PIN_12|GPIO_PIN_13|GPIO_PIN_14 
  87:Src/gpio.c    ****                           |GPIO_PIN_15|GPIO_PIN_4|GPIO_PIN_5|GPIO_PIN_6 
  88:Src/gpio.c    ****                           |GPIO_PIN_7|GPIO_PIN_8|GPIO_PIN_9, GPIO_PIN_RESET);
  89:Src/gpio.c    **** 
  90:Src/gpio.c    ****   /*Configure GPIO pin Output Level */
  91:Src/gpio.c    ****   HAL_GPIO_WritePin(GPIOD, GPIO_PIN_2, GPIO_PIN_RESET);
 115              		.loc 1 91 0
 116 008e 204F     		ldr	r7, .L3+8
 117 0090 0022     		movs	r2, #0
 118 0092 0421     		movs	r1, #4
 119 0094 3846     		mov	r0, r7
 120 0096 FFF7FEFF 		bl	HAL_GPIO_WritePin
 121              	.LVL3:
  92:Src/gpio.c    **** 
  93:Src/gpio.c    ****   /*Configure GPIO pin : PtPin */
  94:Src/gpio.c    ****   GPIO_InitStruct.Pin = B1_Pin;
 122              		.loc 1 94 0
 123 009a 4FF40053 		mov	r3, #8192
 124 009e 0593     		str	r3, [sp, #20]
  95:Src/gpio.c    ****   GPIO_InitStruct.Mode = GPIO_MODE_IT_FALLING;
 125              		.loc 1 95 0
 126 00a0 1C4B     		ldr	r3, .L3+12
 127 00a2 0693     		str	r3, [sp, #24]
  96:Src/gpio.c    ****   GPIO_InitStruct.Pull = GPIO_NOPULL;
 128              		.loc 1 96 0
 129 00a4 0024     		movs	r4, #0
 130 00a6 0794     		str	r4, [sp, #28]
  97:Src/gpio.c    ****   HAL_GPIO_Init(B1_GPIO_Port, &GPIO_InitStruct);
 131              		.loc 1 97 0
 132 00a8 05A9     		add	r1, sp, #20
ARM GAS  /tmp/ccwzPBgR.s 			page 5


 133 00aa 3046     		mov	r0, r6
 134 00ac FFF7FEFF 		bl	HAL_GPIO_Init
 135              	.LVL4:
  98:Src/gpio.c    **** 
  99:Src/gpio.c    ****   /*Configure GPIO pins : PC0 PC1 PC2 PC3 
 100:Src/gpio.c    ****                            PC4 PC5 PC6 PC7 
 101:Src/gpio.c    ****                            PC8 PC9 PC10 PC11 
 102:Src/gpio.c    ****                            PC12 */
 103:Src/gpio.c    ****   GPIO_InitStruct.Pin = GPIO_PIN_0|GPIO_PIN_1|GPIO_PIN_2|GPIO_PIN_3 
 136              		.loc 1 103 0
 137 00b0 41F6FF73 		movw	r3, #8191
 138 00b4 0593     		str	r3, [sp, #20]
 104:Src/gpio.c    ****                           |GPIO_PIN_4|GPIO_PIN_5|GPIO_PIN_6|GPIO_PIN_7 
 105:Src/gpio.c    ****                           |GPIO_PIN_8|GPIO_PIN_9|GPIO_PIN_10|GPIO_PIN_11 
 106:Src/gpio.c    ****                           |GPIO_PIN_12;
 107:Src/gpio.c    ****   GPIO_InitStruct.Mode = GPIO_MODE_OUTPUT_PP;
 139              		.loc 1 107 0
 140 00b6 0125     		movs	r5, #1
 141 00b8 0695     		str	r5, [sp, #24]
 108:Src/gpio.c    ****   GPIO_InitStruct.Pull = GPIO_NOPULL;
 142              		.loc 1 108 0
 143 00ba 0794     		str	r4, [sp, #28]
 109:Src/gpio.c    ****   GPIO_InitStruct.Speed = GPIO_SPEED_FREQ_LOW;
 144              		.loc 1 109 0
 145 00bc 0894     		str	r4, [sp, #32]
 110:Src/gpio.c    ****   HAL_GPIO_Init(GPIOC, &GPIO_InitStruct);
 146              		.loc 1 110 0
 147 00be 05A9     		add	r1, sp, #20
 148 00c0 3046     		mov	r0, r6
 149 00c2 FFF7FEFF 		bl	HAL_GPIO_Init
 150              	.LVL5:
 111:Src/gpio.c    **** 
 112:Src/gpio.c    ****   /*Configure GPIO pins : PA0 PA1 PA2 PA3 
 113:Src/gpio.c    ****                            PA4 PAPin PA6 PA7 
 114:Src/gpio.c    ****                            PA8 PA9 PA10 PA11 
 115:Src/gpio.c    ****                            PA12 PA15 */
 116:Src/gpio.c    ****   GPIO_InitStruct.Pin = GPIO_PIN_0|GPIO_PIN_1|GPIO_PIN_2|GPIO_PIN_3 
 151              		.loc 1 116 0
 152 00c6 49F6FF73 		movw	r3, #40959
 153 00ca 0593     		str	r3, [sp, #20]
 117:Src/gpio.c    ****                           |GPIO_PIN_4|LD2_Pin|GPIO_PIN_6|GPIO_PIN_7 
 118:Src/gpio.c    ****                           |GPIO_PIN_8|GPIO_PIN_9|GPIO_PIN_10|GPIO_PIN_11 
 119:Src/gpio.c    ****                           |GPIO_PIN_12|GPIO_PIN_15;
 120:Src/gpio.c    ****   GPIO_InitStruct.Mode = GPIO_MODE_OUTPUT_PP;
 154              		.loc 1 120 0
 155 00cc 0695     		str	r5, [sp, #24]
 121:Src/gpio.c    ****   GPIO_InitStruct.Pull = GPIO_NOPULL;
 156              		.loc 1 121 0
 157 00ce 0794     		str	r4, [sp, #28]
 122:Src/gpio.c    ****   GPIO_InitStruct.Speed = GPIO_SPEED_FREQ_LOW;
 158              		.loc 1 122 0
 159 00d0 0894     		str	r4, [sp, #32]
 123:Src/gpio.c    ****   HAL_GPIO_Init(GPIOA, &GPIO_InitStruct);
 160              		.loc 1 123 0
 161 00d2 05A9     		add	r1, sp, #20
 162 00d4 4FF09040 		mov	r0, #1207959552
 163 00d8 FFF7FEFF 		bl	HAL_GPIO_Init
ARM GAS  /tmp/ccwzPBgR.s 			page 6


 164              	.LVL6:
 124:Src/gpio.c    **** 
 125:Src/gpio.c    ****   /*Configure GPIO pins : PB0 PB1 PB2 PB10 
 126:Src/gpio.c    ****                            PB11 PB12 PB13 PB14 
 127:Src/gpio.c    ****                            PB15 PB4 PB5 PB6 
 128:Src/gpio.c    ****                            PB7 PB8 PB9 */
 129:Src/gpio.c    ****   GPIO_InitStruct.Pin = GPIO_PIN_0|GPIO_PIN_1|GPIO_PIN_2|GPIO_PIN_10 
 165              		.loc 1 129 0
 166 00dc 4FF6F773 		movw	r3, #65527
 167 00e0 0593     		str	r3, [sp, #20]
 130:Src/gpio.c    ****                           |GPIO_PIN_11|GPIO_PIN_12|GPIO_PIN_13|GPIO_PIN_14 
 131:Src/gpio.c    ****                           |GPIO_PIN_15|GPIO_PIN_4|GPIO_PIN_5|GPIO_PIN_6 
 132:Src/gpio.c    ****                           |GPIO_PIN_7|GPIO_PIN_8|GPIO_PIN_9;
 133:Src/gpio.c    ****   GPIO_InitStruct.Mode = GPIO_MODE_OUTPUT_PP;
 168              		.loc 1 133 0
 169 00e2 0695     		str	r5, [sp, #24]
 134:Src/gpio.c    ****   GPIO_InitStruct.Pull = GPIO_NOPULL;
 170              		.loc 1 134 0
 171 00e4 0794     		str	r4, [sp, #28]
 135:Src/gpio.c    ****   GPIO_InitStruct.Speed = GPIO_SPEED_FREQ_LOW;
 172              		.loc 1 135 0
 173 00e6 0894     		str	r4, [sp, #32]
 136:Src/gpio.c    ****   HAL_GPIO_Init(GPIOB, &GPIO_InitStruct);
 174              		.loc 1 136 0
 175 00e8 05A9     		add	r1, sp, #20
 176 00ea 4046     		mov	r0, r8
 177 00ec FFF7FEFF 		bl	HAL_GPIO_Init
 178              	.LVL7:
 137:Src/gpio.c    **** 
 138:Src/gpio.c    ****   /*Configure GPIO pin : PD2 */
 139:Src/gpio.c    ****   GPIO_InitStruct.Pin = GPIO_PIN_2;
 179              		.loc 1 139 0
 180 00f0 0423     		movs	r3, #4
 181 00f2 0593     		str	r3, [sp, #20]
 140:Src/gpio.c    ****   GPIO_InitStruct.Mode = GPIO_MODE_OUTPUT_PP;
 182              		.loc 1 140 0
 183 00f4 0695     		str	r5, [sp, #24]
 141:Src/gpio.c    ****   GPIO_InitStruct.Pull = GPIO_NOPULL;
 184              		.loc 1 141 0
 185 00f6 0794     		str	r4, [sp, #28]
 142:Src/gpio.c    ****   GPIO_InitStruct.Speed = GPIO_SPEED_FREQ_LOW;
 186              		.loc 1 142 0
 187 00f8 0894     		str	r4, [sp, #32]
 143:Src/gpio.c    ****   HAL_GPIO_Init(GPIOD, &GPIO_InitStruct);
 188              		.loc 1 143 0
 189 00fa 05A9     		add	r1, sp, #20
 190 00fc 3846     		mov	r0, r7
 191 00fe FFF7FEFF 		bl	HAL_GPIO_Init
 192              	.LVL8:
 144:Src/gpio.c    **** 
 145:Src/gpio.c    **** }
 193              		.loc 1 145 0
 194 0102 0AB0     		add	sp, sp, #40
 195              	.LCFI2:
 196              		.cfi_def_cfa_offset 24
 197              		@ sp needed
 198 0104 BDE8F081 		pop	{r4, r5, r6, r7, r8, pc}
ARM GAS  /tmp/ccwzPBgR.s 			page 7


 199              	.L4:
 200              		.align	2
 201              	.L3:
 202 0108 00100240 		.word	1073876992
 203 010c 00080048 		.word	1207961600
 204 0110 000C0048 		.word	1207962624
 205 0114 00002110 		.word	270598144
 206 0118 00040048 		.word	1207960576
 207              		.cfi_endproc
 208              	.LFE126:
 210              		.text
 211              	.Letext0:
 212              		.file 2 "/home/logic/STM32Toolchain/gcc-arm/arm-none-eabi/include/machine/_default_types.h"
 213              		.file 3 "/home/logic/STM32Toolchain/gcc-arm/arm-none-eabi/include/sys/_stdint.h"
 214              		.file 4 "Drivers/CMSIS/Include/core_cm4.h"
 215              		.file 5 "Drivers/CMSIS/Device/ST/STM32F3xx/Include/system_stm32f3xx.h"
 216              		.file 6 "Drivers/CMSIS/Device/ST/STM32F3xx/Include/stm32f303xe.h"
 217              		.file 7 "/home/logic/STM32Toolchain/gcc-arm/arm-none-eabi/include/sys/lock.h"
 218              		.file 8 "/home/logic/STM32Toolchain/gcc-arm/arm-none-eabi/include/sys/_types.h"
 219              		.file 9 "/home/logic/STM32Toolchain/gcc-arm/lib/gcc/arm-none-eabi/7.3.1/include/stddef.h"
 220              		.file 10 "/home/logic/STM32Toolchain/gcc-arm/arm-none-eabi/include/sys/reent.h"
 221              		.file 11 "Drivers/STM32F3xx_HAL_Driver/Inc/stm32f3xx_hal_gpio.h"
 222              		.file 12 "Drivers/STM32F3xx_HAL_Driver/Inc/stm32f3xx_hal.h"
ARM GAS  /tmp/ccwzPBgR.s 			page 8


DEFINED SYMBOLS
                            *ABS*:0000000000000000 gpio.c
     /tmp/ccwzPBgR.s:18     .text.MX_GPIO_Init:0000000000000000 $t
     /tmp/ccwzPBgR.s:25     .text.MX_GPIO_Init:0000000000000000 MX_GPIO_Init
     /tmp/ccwzPBgR.s:202    .text.MX_GPIO_Init:0000000000000108 $d

UNDEFINED SYMBOLS
HAL_GPIO_WritePin
HAL_GPIO_Init
