ARM GAS  /tmp/ccPvlTAZ.s 			page 1


   1              		.cpu cortex-m4
   2              		.eabi_attribute 27, 1
   3              		.eabi_attribute 28, 1
   4              		.eabi_attribute 20, 1
   5              		.eabi_attribute 21, 1
   6              		.eabi_attribute 23, 3
   7              		.eabi_attribute 24, 1
   8              		.eabi_attribute 25, 1
   9              		.eabi_attribute 26, 1
  10              		.eabi_attribute 30, 1
  11              		.eabi_attribute 34, 1
  12              		.eabi_attribute 18, 4
  13              		.file	"logic_main.c"
  14              		.text
  15              	.Ltext0:
  16              		.cfi_sections	.debug_frame
  17              		.section	.text.main,"ax",%progbits
  18              		.align	1
  19              		.global	main
  20              		.syntax unified
  21              		.thumb
  22              		.thumb_func
  23              		.fpu fpv4-sp-d16
  25              	main:
  26              	.LFB126:
  27              		.file 1 "Src/logic_main.c"
   1:Src/logic_main.c **** 
   2:Src/logic_main.c **** #include "main.h"
   3:Src/logic_main.c **** #include "stm32f3xx_hal.h"
   4:Src/logic_main.c **** #include "stm32f3xx_hal_tim.h"
   5:Src/logic_main.c **** #include "gpio.h"
   6:Src/logic_main.c **** 
   7:Src/logic_main.c **** uint16_t Pin_to_test = GPIO_PIN_5;
   8:Src/logic_main.c **** 
   9:Src/logic_main.c **** uint16_t ALL_GPIOA_PIN = GPIO_PIN_0|GPIO_PIN_1|GPIO_PIN_2|GPIO_PIN_3
  10:Src/logic_main.c ****                           |GPIO_PIN_4|LD2_Pin|GPIO_PIN_6|GPIO_PIN_7
  11:Src/logic_main.c ****                           |GPIO_PIN_8|GPIO_PIN_9|GPIO_PIN_10|GPIO_PIN_11
  12:Src/logic_main.c ****                           |GPIO_PIN_12|GPIO_PIN_15;
  13:Src/logic_main.c **** 
  14:Src/logic_main.c **** uint16_t ALL_GPIOB_PIN = GPIO_PIN_0|GPIO_PIN_1|GPIO_PIN_2|GPIO_PIN_10
  15:Src/logic_main.c ****                           |GPIO_PIN_11|GPIO_PIN_12|GPIO_PIN_13|GPIO_PIN_14
  16:Src/logic_main.c ****                           |GPIO_PIN_15|GPIO_PIN_4|GPIO_PIN_5|GPIO_PIN_6
  17:Src/logic_main.c ****                           |GPIO_PIN_7|GPIO_PIN_8|GPIO_PIN_9;
  18:Src/logic_main.c **** 
  19:Src/logic_main.c **** uint16_t ALL_GPIOC_PIN = GPIO_PIN_0|GPIO_PIN_1|GPIO_PIN_2|GPIO_PIN_3
  20:Src/logic_main.c ****                           |GPIO_PIN_4|GPIO_PIN_5|GPIO_PIN_6|GPIO_PIN_7
  21:Src/logic_main.c ****                           |GPIO_PIN_8|GPIO_PIN_9|GPIO_PIN_10|GPIO_PIN_11
  22:Src/logic_main.c ****                           |GPIO_PIN_12;
  23:Src/logic_main.c **** 
  24:Src/logic_main.c **** int main(void){
  28              		.loc 1 24 0
  29              		.cfi_startproc
  30              		@ Volatile: function does not return.
  31              		@ args = 0, pretend = 0, frame = 0
  32              		@ frame_needed = 0, uses_anonymous_args = 0
  33 0000 80B5     		push	{r7, lr}
  34              	.LCFI0:
ARM GAS  /tmp/ccPvlTAZ.s 			page 2


  35              		.cfi_def_cfa_offset 8
  36              		.cfi_offset 7, -8
  37              		.cfi_offset 14, -4
  25:Src/logic_main.c ****     HAL_Init();
  38              		.loc 1 25 0
  39 0002 FFF7FEFF 		bl	HAL_Init
  40              	.LVL0:
  26:Src/logic_main.c **** 
  27:Src/logic_main.c ****     SystemClock_Config();
  41              		.loc 1 27 0
  42 0006 FFF7FEFF 		bl	SystemClock_Config
  43              	.LVL1:
  28:Src/logic_main.c **** 
  29:Src/logic_main.c ****     MX_GPIO_Init();
  44              		.loc 1 29 0
  45 000a FFF7FEFF 		bl	MX_GPIO_Init
  46              	.LVL2:
  47              	.L2:
  30:Src/logic_main.c **** 
  31:Src/logic_main.c ****     while (1)
  32:Src/logic_main.c ****     {
  33:Src/logic_main.c ****             HAL_GPIO_WritePin(GPIOA, ALL_GPIOA_PIN, GPIO_PIN_SET);
  48              		.loc 1 33 0 discriminator 1
  49 000e DFF86C80 		ldr	r8, .L4+16
  50 0012 0122     		movs	r2, #1
  51 0014 B8F80010 		ldrh	r1, [r8]
  52 0018 4FF09040 		mov	r0, #1207959552
  53 001c FFF7FEFF 		bl	HAL_GPIO_WritePin
  54              	.LVL3:
  34:Src/logic_main.c ****             HAL_GPIO_WritePin(GPIOB, ALL_GPIOB_PIN, GPIO_PIN_SET);
  55              		.loc 1 34 0 discriminator 1
  56 0020 124F     		ldr	r7, .L4
  57 0022 134E     		ldr	r6, .L4+4
  58 0024 0122     		movs	r2, #1
  59 0026 3988     		ldrh	r1, [r7]
  60 0028 3046     		mov	r0, r6
  61 002a FFF7FEFF 		bl	HAL_GPIO_WritePin
  62              	.LVL4:
  35:Src/logic_main.c ****             HAL_GPIO_WritePin(GPIOC, ALL_GPIOC_PIN, GPIO_PIN_SET);
  63              		.loc 1 35 0 discriminator 1
  64 002e 114D     		ldr	r5, .L4+8
  65 0030 114C     		ldr	r4, .L4+12
  66 0032 0122     		movs	r2, #1
  67 0034 2988     		ldrh	r1, [r5]
  68 0036 2046     		mov	r0, r4
  69 0038 FFF7FEFF 		bl	HAL_GPIO_WritePin
  70              	.LVL5:
  36:Src/logic_main.c ****             HAL_Delay(10);
  71              		.loc 1 36 0 discriminator 1
  72 003c 0A20     		movs	r0, #10
  73 003e FFF7FEFF 		bl	HAL_Delay
  74              	.LVL6:
  37:Src/logic_main.c **** 
  38:Src/logic_main.c ****             // HAL_GPIO_WritePin(GPIOA, LD2_Pin|GPIO_PIN_2, GPIO_PIN_RESET);
  39:Src/logic_main.c ****             HAL_GPIO_WritePin(GPIOA, ALL_GPIOA_PIN, GPIO_PIN_RESET);
  75              		.loc 1 39 0 discriminator 1
  76 0042 0022     		movs	r2, #0
ARM GAS  /tmp/ccPvlTAZ.s 			page 3


  77 0044 B8F80010 		ldrh	r1, [r8]
  78 0048 4FF09040 		mov	r0, #1207959552
  79 004c FFF7FEFF 		bl	HAL_GPIO_WritePin
  80              	.LVL7:
  40:Src/logic_main.c ****             HAL_GPIO_WritePin(GPIOB, ALL_GPIOB_PIN, GPIO_PIN_RESET);
  81              		.loc 1 40 0 discriminator 1
  82 0050 0022     		movs	r2, #0
  83 0052 3988     		ldrh	r1, [r7]
  84 0054 3046     		mov	r0, r6
  85 0056 FFF7FEFF 		bl	HAL_GPIO_WritePin
  86              	.LVL8:
  41:Src/logic_main.c ****             HAL_GPIO_WritePin(GPIOC, ALL_GPIOC_PIN, GPIO_PIN_RESET);
  87              		.loc 1 41 0 discriminator 1
  88 005a 0022     		movs	r2, #0
  89 005c 2988     		ldrh	r1, [r5]
  90 005e 2046     		mov	r0, r4
  91 0060 FFF7FEFF 		bl	HAL_GPIO_WritePin
  92              	.LVL9:
  42:Src/logic_main.c ****             HAL_Delay(10);
  93              		.loc 1 42 0 discriminator 1
  94 0064 0A20     		movs	r0, #10
  95 0066 FFF7FEFF 		bl	HAL_Delay
  96              	.LVL10:
  97 006a D0E7     		b	.L2
  98              	.L5:
  99              		.align	2
 100              	.L4:
 101 006c 00000000 		.word	.LANCHOR1
 102 0070 00040048 		.word	1207960576
 103 0074 00000000 		.word	.LANCHOR2
 104 0078 00080048 		.word	1207961600
 105 007c 00000000 		.word	.LANCHOR0
 106              		.cfi_endproc
 107              	.LFE126:
 109              		.global	ALL_GPIOC_PIN
 110              		.global	ALL_GPIOB_PIN
 111              		.global	ALL_GPIOA_PIN
 112              		.global	Pin_to_test
 113              		.section	.data.ALL_GPIOA_PIN,"aw",%progbits
 114              		.align	1
 115              		.set	.LANCHOR0,. + 0
 118              	ALL_GPIOA_PIN:
 119 0000 FF9F     		.short	-24577
 120              		.section	.data.ALL_GPIOB_PIN,"aw",%progbits
 121              		.align	1
 122              		.set	.LANCHOR1,. + 0
 125              	ALL_GPIOB_PIN:
 126 0000 F7FF     		.short	-9
 127              		.section	.data.ALL_GPIOC_PIN,"aw",%progbits
 128              		.align	1
 129              		.set	.LANCHOR2,. + 0
 132              	ALL_GPIOC_PIN:
 133 0000 FF1F     		.short	8191
 134              		.section	.data.Pin_to_test,"aw",%progbits
 135              		.align	1
 138              	Pin_to_test:
 139 0000 2000     		.short	32
ARM GAS  /tmp/ccPvlTAZ.s 			page 4


 140              		.text
 141              	.Letext0:
 142              		.file 2 "/home/logic/STM32Toolchain/gcc-arm/arm-none-eabi/include/machine/_default_types.h"
 143              		.file 3 "/home/logic/STM32Toolchain/gcc-arm/arm-none-eabi/include/sys/_stdint.h"
 144              		.file 4 "Drivers/CMSIS/Include/core_cm4.h"
 145              		.file 5 "Drivers/CMSIS/Device/ST/STM32F3xx/Include/system_stm32f3xx.h"
 146              		.file 6 "Drivers/CMSIS/Device/ST/STM32F3xx/Include/stm32f303xe.h"
 147              		.file 7 "/home/logic/STM32Toolchain/gcc-arm/arm-none-eabi/include/sys/lock.h"
 148              		.file 8 "/home/logic/STM32Toolchain/gcc-arm/arm-none-eabi/include/sys/_types.h"
 149              		.file 9 "/home/logic/STM32Toolchain/gcc-arm/lib/gcc/arm-none-eabi/7.3.1/include/stddef.h"
 150              		.file 10 "/home/logic/STM32Toolchain/gcc-arm/arm-none-eabi/include/sys/reent.h"
 151              		.file 11 "Drivers/STM32F3xx_HAL_Driver/Inc/stm32f3xx_hal_gpio.h"
 152              		.file 12 "Drivers/STM32F3xx_HAL_Driver/Inc/stm32f3xx_hal.h"
 153              		.file 13 "Inc/gpio.h"
ARM GAS  /tmp/ccPvlTAZ.s 			page 5


DEFINED SYMBOLS
                            *ABS*:0000000000000000 logic_main.c
     /tmp/ccPvlTAZ.s:18     .text.main:0000000000000000 $t
     /tmp/ccPvlTAZ.s:25     .text.main:0000000000000000 main
     /tmp/ccPvlTAZ.s:101    .text.main:000000000000006c $d
     /tmp/ccPvlTAZ.s:132    .data.ALL_GPIOC_PIN:0000000000000000 ALL_GPIOC_PIN
     /tmp/ccPvlTAZ.s:125    .data.ALL_GPIOB_PIN:0000000000000000 ALL_GPIOB_PIN
     /tmp/ccPvlTAZ.s:118    .data.ALL_GPIOA_PIN:0000000000000000 ALL_GPIOA_PIN
     /tmp/ccPvlTAZ.s:138    .data.Pin_to_test:0000000000000000 Pin_to_test
     /tmp/ccPvlTAZ.s:114    .data.ALL_GPIOA_PIN:0000000000000000 $d
     /tmp/ccPvlTAZ.s:121    .data.ALL_GPIOB_PIN:0000000000000000 $d
     /tmp/ccPvlTAZ.s:128    .data.ALL_GPIOC_PIN:0000000000000000 $d
     /tmp/ccPvlTAZ.s:135    .data.Pin_to_test:0000000000000000 $d

UNDEFINED SYMBOLS
HAL_Init
SystemClock_Config
MX_GPIO_Init
HAL_GPIO_WritePin
HAL_Delay
