ARM GAS  /tmp/ccSCywa1.s 			page 1


   1              		.cpu cortex-m4
   2              		.eabi_attribute 27, 1
   3              		.eabi_attribute 28, 1
   4              		.eabi_attribute 20, 1
   5              		.eabi_attribute 21, 1
   6              		.eabi_attribute 23, 3
   7              		.eabi_attribute 24, 1
   8              		.eabi_attribute 25, 1
   9              		.eabi_attribute 26, 1
  10              		.eabi_attribute 30, 1
  11              		.eabi_attribute 34, 1
  12              		.eabi_attribute 18, 4
  13              		.file	"main.c"
  14              		.text
  15              	.Ltext0:
  16              		.cfi_sections	.debug_frame
  17              		.section	.text._Error_Handler,"ax",%progbits
  18              		.align	1
  19              		.global	_Error_Handler
  20              		.syntax unified
  21              		.thumb
  22              		.thumb_func
  23              		.fpu fpv4-sp-d16
  25              	_Error_Handler:
  26              	.LFB127:
  27              		.file 1 "Src/main.c"
   1:Src/main.c    **** 
   2:Src/main.c    **** /**
   3:Src/main.c    ****   ******************************************************************************
   4:Src/main.c    ****   * @file           : main.c
   5:Src/main.c    ****   * @brief          : Main program body
   6:Src/main.c    ****   ******************************************************************************
   7:Src/main.c    ****   ** This notice applies to any and all portions of this file
   8:Src/main.c    ****   * that are not between comment pairs USER CODE BEGIN and
   9:Src/main.c    ****   * USER CODE END. Other portions of this file, whether 
  10:Src/main.c    ****   * inserted by the user or by software development tools
  11:Src/main.c    ****   * are owned by their respective copyright owners.
  12:Src/main.c    ****   *
  13:Src/main.c    ****   * COPYRIGHT(c) 2018 STMicroelectronics
  14:Src/main.c    ****   *
  15:Src/main.c    ****   * Redistribution and use in source and binary forms, with or without modification,
  16:Src/main.c    ****   * are permitted provided that the following conditions are met:
  17:Src/main.c    ****   *   1. Redistributions of source code must retain the above copyright notice,
  18:Src/main.c    ****   *      this list of conditions and the following disclaimer.
  19:Src/main.c    ****   *   2. Redistributions in binary form must reproduce the above copyright notice,
  20:Src/main.c    ****   *      this list of conditions and the following disclaimer in the documentation
  21:Src/main.c    ****   *      and/or other materials provided with the distribution.
  22:Src/main.c    ****   *   3. Neither the name of STMicroelectronics nor the names of its contributors
  23:Src/main.c    ****   *      may be used to endorse or promote products derived from this software
  24:Src/main.c    ****   *      without specific prior written permission.
  25:Src/main.c    ****   *
  26:Src/main.c    ****   * THIS SOFTWARE IS PROVIDED BY THE COPYRIGHT HOLDERS AND CONTRIBUTORS "AS IS"
  27:Src/main.c    ****   * AND ANY EXPRESS OR IMPLIED WARRANTIES, INCLUDING, BUT NOT LIMITED TO, THE
  28:Src/main.c    ****   * IMPLIED WARRANTIES OF MERCHANTABILITY AND FITNESS FOR A PARTICULAR PURPOSE ARE
  29:Src/main.c    ****   * DISCLAIMED. IN NO EVENT SHALL THE COPYRIGHT HOLDER OR CONTRIBUTORS BE LIABLE
  30:Src/main.c    ****   * FOR ANY DIRECT, INDIRECT, INCIDENTAL, SPECIAL, EXEMPLARY, OR CONSEQUENTIAL
  31:Src/main.c    ****   * DAMAGES (INCLUDING, BUT NOT LIMITED TO, PROCUREMENT OF SUBSTITUTE GOODS OR
ARM GAS  /tmp/ccSCywa1.s 			page 2


  32:Src/main.c    ****   * SERVICES; LOSS OF USE, DATA, OR PROFITS; OR BUSINESS INTERRUPTION) HOWEVER
  33:Src/main.c    ****   * CAUSED AND ON ANY THEORY OF LIABILITY, WHETHER IN CONTRACT, STRICT LIABILITY,
  34:Src/main.c    ****   * OR TORT (INCLUDING NEGLIGENCE OR OTHERWISE) ARISING IN ANY WAY OUT OF THE USE
  35:Src/main.c    ****   * OF THIS SOFTWARE, EVEN IF ADVISED OF THE POSSIBILITY OF SUCH DAMAGE.
  36:Src/main.c    ****   *
  37:Src/main.c    ****   ******************************************************************************
  38:Src/main.c    ****   */
  39:Src/main.c    **** /* Includes ------------------------------------------------------------------*/
  40:Src/main.c    **** #include "main.h"
  41:Src/main.c    **** #include "stm32f3xx_hal.h"
  42:Src/main.c    **** #include "gpio.h"
  43:Src/main.c    **** 
  44:Src/main.c    **** /* USER CODE BEGIN Includes */
  45:Src/main.c    **** 
  46:Src/main.c    **** /* USER CODE END Includes */
  47:Src/main.c    **** 
  48:Src/main.c    **** /* Private variables ---------------------------------------------------------*/
  49:Src/main.c    **** 
  50:Src/main.c    **** /* USER CODE BEGIN PV */
  51:Src/main.c    **** /* Private variables ---------------------------------------------------------*/
  52:Src/main.c    **** 
  53:Src/main.c    **** /* USER CODE END PV */
  54:Src/main.c    **** 
  55:Src/main.c    **** /* Private function prototypes -----------------------------------------------*/
  56:Src/main.c    **** void SystemClock_Config(void);
  57:Src/main.c    **** 
  58:Src/main.c    **** /* USER CODE BEGIN PFP */
  59:Src/main.c    **** /* Private function prototypes -----------------------------------------------*/
  60:Src/main.c    **** 
  61:Src/main.c    **** /* USER CODE END PFP */
  62:Src/main.c    **** 
  63:Src/main.c    **** /* USER CODE BEGIN 0 */
  64:Src/main.c    **** 
  65:Src/main.c    **** /* USER CODE END 0 */
  66:Src/main.c    **** 
  67:Src/main.c    **** /**
  68:Src/main.c    ****   * @brief  The application entry point.
  69:Src/main.c    ****   *
  70:Src/main.c    ****   * @retval None
  71:Src/main.c    ****   */
  72:Src/main.c    **** 
  73:Src/main.c    **** /**
  74:Src/main.c    ****   * @brief System Clock Configuration
  75:Src/main.c    ****   * @retval None
  76:Src/main.c    ****   */
  77:Src/main.c    **** void SystemClock_Config(void)
  78:Src/main.c    **** {
  79:Src/main.c    **** 
  80:Src/main.c    ****   RCC_OscInitTypeDef RCC_OscInitStruct;
  81:Src/main.c    ****   RCC_ClkInitTypeDef RCC_ClkInitStruct;
  82:Src/main.c    **** 
  83:Src/main.c    ****     /**Initializes the CPU, AHB and APB busses clocks 
  84:Src/main.c    ****     */
  85:Src/main.c    ****   RCC_OscInitStruct.OscillatorType = RCC_OSCILLATORTYPE_HSI;
  86:Src/main.c    ****   RCC_OscInitStruct.HSIState = RCC_HSI_ON;
  87:Src/main.c    ****   RCC_OscInitStruct.HSICalibrationValue = 16;
  88:Src/main.c    ****   RCC_OscInitStruct.PLL.PLLState = RCC_PLL_ON;
ARM GAS  /tmp/ccSCywa1.s 			page 3


  89:Src/main.c    ****   RCC_OscInitStruct.PLL.PLLSource = RCC_PLLSOURCE_HSI;
  90:Src/main.c    ****   RCC_OscInitStruct.PLL.PLLMUL = RCC_PLL_MUL9;
  91:Src/main.c    ****   RCC_OscInitStruct.PLL.PREDIV = RCC_PREDIV_DIV1;
  92:Src/main.c    ****   if (HAL_RCC_OscConfig(&RCC_OscInitStruct) != HAL_OK)
  93:Src/main.c    ****   {
  94:Src/main.c    ****     _Error_Handler(__FILE__, __LINE__);
  95:Src/main.c    ****   }
  96:Src/main.c    **** 
  97:Src/main.c    ****     /**Initializes the CPU, AHB and APB busses clocks 
  98:Src/main.c    ****     */
  99:Src/main.c    ****   RCC_ClkInitStruct.ClockType = RCC_CLOCKTYPE_HCLK|RCC_CLOCKTYPE_SYSCLK
 100:Src/main.c    ****                               |RCC_CLOCKTYPE_PCLK1|RCC_CLOCKTYPE_PCLK2;
 101:Src/main.c    ****   RCC_ClkInitStruct.SYSCLKSource = RCC_SYSCLKSOURCE_PLLCLK;
 102:Src/main.c    ****   RCC_ClkInitStruct.AHBCLKDivider = RCC_SYSCLK_DIV1;
 103:Src/main.c    ****   RCC_ClkInitStruct.APB1CLKDivider = RCC_HCLK_DIV2;
 104:Src/main.c    ****   RCC_ClkInitStruct.APB2CLKDivider = RCC_HCLK_DIV1;
 105:Src/main.c    **** 
 106:Src/main.c    ****   if (HAL_RCC_ClockConfig(&RCC_ClkInitStruct, FLASH_LATENCY_2) != HAL_OK)
 107:Src/main.c    ****   {
 108:Src/main.c    ****     _Error_Handler(__FILE__, __LINE__);
 109:Src/main.c    ****   }
 110:Src/main.c    **** 
 111:Src/main.c    ****     /**Configure the Systick interrupt time 
 112:Src/main.c    ****     */
 113:Src/main.c    ****   HAL_SYSTICK_Config(HAL_RCC_GetHCLKFreq()/1000);
 114:Src/main.c    **** 
 115:Src/main.c    ****     /**Configure the Systick 
 116:Src/main.c    ****     */
 117:Src/main.c    ****   HAL_SYSTICK_CLKSourceConfig(SYSTICK_CLKSOURCE_HCLK);
 118:Src/main.c    **** 
 119:Src/main.c    ****   /* SysTick_IRQn interrupt configuration */
 120:Src/main.c    ****   HAL_NVIC_SetPriority(SysTick_IRQn, 0, 0);
 121:Src/main.c    **** }
 122:Src/main.c    **** 
 123:Src/main.c    **** /* USER CODE BEGIN 4 */
 124:Src/main.c    **** 
 125:Src/main.c    **** /* USER CODE END 4 */
 126:Src/main.c    **** 
 127:Src/main.c    **** /**
 128:Src/main.c    ****   * @brief  This function is executed in case of error occurrence.
 129:Src/main.c    ****   * @param  file: The file name as string.
 130:Src/main.c    ****   * @param  line: The line in file as a number.
 131:Src/main.c    ****   * @retval None
 132:Src/main.c    ****   */
 133:Src/main.c    **** void _Error_Handler(char *file, int line)
 134:Src/main.c    **** {
  28              		.loc 1 134 0
  29              		.cfi_startproc
  30              		@ Volatile: function does not return.
  31              		@ args = 0, pretend = 0, frame = 0
  32              		@ frame_needed = 0, uses_anonymous_args = 0
  33              		@ link register save eliminated.
  34              	.LVL0:
  35              	.L2:
  36 0000 FEE7     		b	.L2
  37              		.cfi_endproc
  38              	.LFE127:
ARM GAS  /tmp/ccSCywa1.s 			page 4


  40              		.section	.text.SystemClock_Config,"ax",%progbits
  41              		.align	1
  42              		.global	SystemClock_Config
  43              		.syntax unified
  44              		.thumb
  45              		.thumb_func
  46              		.fpu fpv4-sp-d16
  48              	SystemClock_Config:
  49              	.LFB126:
  78:Src/main.c    **** 
  50              		.loc 1 78 0
  51              		.cfi_startproc
  52              		@ args = 0, pretend = 0, frame = 64
  53              		@ frame_needed = 0, uses_anonymous_args = 0
  78:Src/main.c    **** 
  54              		.loc 1 78 0
  55 0000 00B5     		push	{lr}
  56              	.LCFI0:
  57              		.cfi_def_cfa_offset 4
  58              		.cfi_offset 14, -4
  59 0002 91B0     		sub	sp, sp, #68
  60              	.LCFI1:
  61              		.cfi_def_cfa_offset 72
  85:Src/main.c    ****   RCC_OscInitStruct.HSIState = RCC_HSI_ON;
  62              		.loc 1 85 0
  63 0004 0223     		movs	r3, #2
  64 0006 0693     		str	r3, [sp, #24]
  86:Src/main.c    ****   RCC_OscInitStruct.HSICalibrationValue = 16;
  65              		.loc 1 86 0
  66 0008 0122     		movs	r2, #1
  67 000a 0992     		str	r2, [sp, #36]
  87:Src/main.c    ****   RCC_OscInitStruct.PLL.PLLState = RCC_PLL_ON;
  68              		.loc 1 87 0
  69 000c 1022     		movs	r2, #16
  70 000e 0A92     		str	r2, [sp, #40]
  88:Src/main.c    ****   RCC_OscInitStruct.PLL.PLLSource = RCC_PLLSOURCE_HSI;
  71              		.loc 1 88 0
  72 0010 0C93     		str	r3, [sp, #48]
  89:Src/main.c    ****   RCC_OscInitStruct.PLL.PLLMUL = RCC_PLL_MUL9;
  73              		.loc 1 89 0
  74 0012 4FF40043 		mov	r3, #32768
  75 0016 0D93     		str	r3, [sp, #52]
  90:Src/main.c    ****   RCC_OscInitStruct.PLL.PREDIV = RCC_PREDIV_DIV1;
  76              		.loc 1 90 0
  77 0018 4FF4E013 		mov	r3, #1835008
  78 001c 0E93     		str	r3, [sp, #56]
  91:Src/main.c    ****   if (HAL_RCC_OscConfig(&RCC_OscInitStruct) != HAL_OK)
  79              		.loc 1 91 0
  80 001e 0023     		movs	r3, #0
  81 0020 0F93     		str	r3, [sp, #60]
  92:Src/main.c    ****   {
  82              		.loc 1 92 0
  83 0022 06A8     		add	r0, sp, #24
  84 0024 FFF7FEFF 		bl	HAL_RCC_OscConfig
  85              	.LVL1:
  86 0028 08BB     		cbnz	r0, .L7
  99:Src/main.c    ****                               |RCC_CLOCKTYPE_PCLK1|RCC_CLOCKTYPE_PCLK2;
ARM GAS  /tmp/ccSCywa1.s 			page 5


  87              		.loc 1 99 0
  88 002a 0F23     		movs	r3, #15
  89 002c 0193     		str	r3, [sp, #4]
 101:Src/main.c    ****   RCC_ClkInitStruct.AHBCLKDivider = RCC_SYSCLK_DIV1;
  90              		.loc 1 101 0
  91 002e 0221     		movs	r1, #2
  92 0030 0291     		str	r1, [sp, #8]
 102:Src/main.c    ****   RCC_ClkInitStruct.APB1CLKDivider = RCC_HCLK_DIV2;
  93              		.loc 1 102 0
  94 0032 0023     		movs	r3, #0
  95 0034 0393     		str	r3, [sp, #12]
 103:Src/main.c    ****   RCC_ClkInitStruct.APB2CLKDivider = RCC_HCLK_DIV1;
  96              		.loc 1 103 0
  97 0036 4FF48062 		mov	r2, #1024
  98 003a 0492     		str	r2, [sp, #16]
 104:Src/main.c    **** 
  99              		.loc 1 104 0
 100 003c 0593     		str	r3, [sp, #20]
 106:Src/main.c    ****   {
 101              		.loc 1 106 0
 102 003e 01A8     		add	r0, sp, #4
 103 0040 FFF7FEFF 		bl	HAL_RCC_ClockConfig
 104              	.LVL2:
 105 0044 B8B9     		cbnz	r0, .L8
 113:Src/main.c    **** 
 106              		.loc 1 113 0
 107 0046 FFF7FEFF 		bl	HAL_RCC_GetHCLKFreq
 108              	.LVL3:
 109 004a 0D4B     		ldr	r3, .L9
 110 004c A3FB0030 		umull	r3, r0, r3, r0
 111 0050 8009     		lsrs	r0, r0, #6
 112 0052 FFF7FEFF 		bl	HAL_SYSTICK_Config
 113              	.LVL4:
 117:Src/main.c    **** 
 114              		.loc 1 117 0
 115 0056 0420     		movs	r0, #4
 116 0058 FFF7FEFF 		bl	HAL_SYSTICK_CLKSourceConfig
 117              	.LVL5:
 120:Src/main.c    **** }
 118              		.loc 1 120 0
 119 005c 0022     		movs	r2, #0
 120 005e 1146     		mov	r1, r2
 121 0060 4FF0FF30 		mov	r0, #-1
 122 0064 FFF7FEFF 		bl	HAL_NVIC_SetPriority
 123              	.LVL6:
 121:Src/main.c    **** 
 124              		.loc 1 121 0
 125 0068 11B0     		add	sp, sp, #68
 126              	.LCFI2:
 127              		.cfi_remember_state
 128              		.cfi_def_cfa_offset 4
 129              		@ sp needed
 130 006a 5DF804FB 		ldr	pc, [sp], #4
 131              	.L7:
 132              	.LCFI3:
 133              		.cfi_restore_state
  94:Src/main.c    ****   }
ARM GAS  /tmp/ccSCywa1.s 			page 6


 134              		.loc 1 94 0
 135 006e 5E21     		movs	r1, #94
 136 0070 0448     		ldr	r0, .L9+4
 137 0072 FFF7FEFF 		bl	_Error_Handler
 138              	.LVL7:
 139              	.L8:
 108:Src/main.c    ****   }
 140              		.loc 1 108 0
 141 0076 6C21     		movs	r1, #108
 142 0078 0248     		ldr	r0, .L9+4
 143 007a FFF7FEFF 		bl	_Error_Handler
 144              	.LVL8:
 145              	.L10:
 146 007e 00BF     		.align	2
 147              	.L9:
 148 0080 D34D6210 		.word	274877907
 149 0084 00000000 		.word	.LC0
 150              		.cfi_endproc
 151              	.LFE126:
 153              		.section	.rodata.SystemClock_Config.str1.4,"aMS",%progbits,1
 154              		.align	2
 155              	.LC0:
 156 0000 5372632F 		.ascii	"Src/main.c\000"
 156      6D61696E 
 156      2E6300
 157              		.text
 158              	.Letext0:
 159              		.file 2 "/home/logic/STM32Toolchain/gcc-arm/arm-none-eabi/include/machine/_default_types.h"
 160              		.file 3 "/home/logic/STM32Toolchain/gcc-arm/arm-none-eabi/include/sys/_stdint.h"
 161              		.file 4 "Drivers/CMSIS/Include/core_cm4.h"
 162              		.file 5 "Drivers/CMSIS/Device/ST/STM32F3xx/Include/system_stm32f3xx.h"
 163              		.file 6 "/home/logic/STM32Toolchain/gcc-arm/arm-none-eabi/include/sys/lock.h"
 164              		.file 7 "/home/logic/STM32Toolchain/gcc-arm/arm-none-eabi/include/sys/_types.h"
 165              		.file 8 "/home/logic/STM32Toolchain/gcc-arm/lib/gcc/arm-none-eabi/7.3.1/include/stddef.h"
 166              		.file 9 "/home/logic/STM32Toolchain/gcc-arm/arm-none-eabi/include/sys/reent.h"
 167              		.file 10 "Drivers/CMSIS/Device/ST/STM32F3xx/Include/stm32f303xe.h"
 168              		.file 11 "Drivers/STM32F3xx_HAL_Driver/Inc/stm32f3xx_hal_def.h"
 169              		.file 12 "Drivers/STM32F3xx_HAL_Driver/Inc/stm32f3xx_hal_rcc.h"
 170              		.file 13 "Drivers/STM32F3xx_HAL_Driver/Inc/stm32f3xx_hal.h"
 171              		.file 14 "Drivers/STM32F3xx_HAL_Driver/Inc/stm32f3xx_hal_cortex.h"
ARM GAS  /tmp/ccSCywa1.s 			page 7


DEFINED SYMBOLS
                            *ABS*:0000000000000000 main.c
     /tmp/ccSCywa1.s:18     .text._Error_Handler:0000000000000000 $t
     /tmp/ccSCywa1.s:25     .text._Error_Handler:0000000000000000 _Error_Handler
     /tmp/ccSCywa1.s:41     .text.SystemClock_Config:0000000000000000 $t
     /tmp/ccSCywa1.s:48     .text.SystemClock_Config:0000000000000000 SystemClock_Config
     /tmp/ccSCywa1.s:148    .text.SystemClock_Config:0000000000000080 $d
     /tmp/ccSCywa1.s:154    .rodata.SystemClock_Config.str1.4:0000000000000000 $d

UNDEFINED SYMBOLS
HAL_RCC_OscConfig
HAL_RCC_ClockConfig
HAL_RCC_GetHCLKFreq
HAL_SYSTICK_Config
HAL_SYSTICK_CLKSourceConfig
HAL_NVIC_SetPriority
