ARM GAS  /tmp/cck8SUBt.s 			page 1


   1              		.cpu cortex-m3
   2              		.eabi_attribute 20, 1
   3              		.eabi_attribute 21, 1
   4              		.eabi_attribute 23, 3
   5              		.eabi_attribute 24, 1
   6              		.eabi_attribute 25, 1
   7              		.eabi_attribute 26, 1
   8              		.eabi_attribute 30, 1
   9              		.eabi_attribute 34, 1
  10              		.eabi_attribute 18, 4
  11              		.file	"main.c"
  12              		.text
  13              	.Ltext0:
  14              		.cfi_sections	.debug_frame
  15              		.section	.text._Error_Handler,"ax",%progbits
  16              		.align	1
  17              		.global	_Error_Handler
  18              		.syntax unified
  19              		.thumb
  20              		.thumb_func
  21              		.fpu softvfp
  23              	_Error_Handler:
  24              	.LFB68:
  25              		.file 1 "Src/main.c"
   1:Src/main.c    **** 
   2:Src/main.c    **** /**
   3:Src/main.c    ****   ******************************************************************************
   4:Src/main.c    ****   * @file           : main.c
   5:Src/main.c    ****   * @brief          : Main program body
   6:Src/main.c    ****   ******************************************************************************
   7:Src/main.c    ****   ** This notice applies to any and all portions of this file
   8:Src/main.c    ****   * that are not between comment pairs USER CODE BEGIN and
   9:Src/main.c    ****   * USER CODE END. Other portions of this file, whether 
  10:Src/main.c    ****   * inserted by the user or by software development tools
  11:Src/main.c    ****   * are owned by their respective copyright owners.
  12:Src/main.c    ****   *
  13:Src/main.c    ****   * COPYRIGHT(c) 2018 STMicroelectronics
  14:Src/main.c    ****   *
  15:Src/main.c    ****   * Redistribution and use in source and binary forms, with or without modification,
  16:Src/main.c    ****   * are permitted provided that the following conditions are met:
  17:Src/main.c    ****   *   1. Redistributions of source code must retain the above copyright notice,
  18:Src/main.c    ****   *      this list of conditions and the following disclaimer.
  19:Src/main.c    ****   *   2. Redistributions in binary form must reproduce the above copyright notice,
  20:Src/main.c    ****   *      this list of conditions and the following disclaimer in the documentation
  21:Src/main.c    ****   *      and/or other materials provided with the distribution.
  22:Src/main.c    ****   *   3. Neither the name of STMicroelectronics nor the names of its contributors
  23:Src/main.c    ****   *      may be used to endorse or promote products derived from this software
  24:Src/main.c    ****   *      without specific prior written permission.
  25:Src/main.c    ****   *
  26:Src/main.c    ****   * THIS SOFTWARE IS PROVIDED BY THE COPYRIGHT HOLDERS AND CONTRIBUTORS "AS IS"
  27:Src/main.c    ****   * AND ANY EXPRESS OR IMPLIED WARRANTIES, INCLUDING, BUT NOT LIMITED TO, THE
  28:Src/main.c    ****   * IMPLIED WARRANTIES OF MERCHANTABILITY AND FITNESS FOR A PARTICULAR PURPOSE ARE
  29:Src/main.c    ****   * DISCLAIMED. IN NO EVENT SHALL THE COPYRIGHT HOLDER OR CONTRIBUTORS BE LIABLE
  30:Src/main.c    ****   * FOR ANY DIRECT, INDIRECT, INCIDENTAL, SPECIAL, EXEMPLARY, OR CONSEQUENTIAL
  31:Src/main.c    ****   * DAMAGES (INCLUDING, BUT NOT LIMITED TO, PROCUREMENT OF SUBSTITUTE GOODS OR
  32:Src/main.c    ****   * SERVICES; LOSS OF USE, DATA, OR PROFITS; OR BUSINESS INTERRUPTION) HOWEVER
  33:Src/main.c    ****   * CAUSED AND ON ANY THEORY OF LIABILITY, WHETHER IN CONTRACT, STRICT LIABILITY,
ARM GAS  /tmp/cck8SUBt.s 			page 2


  34:Src/main.c    ****   * OR TORT (INCLUDING NEGLIGENCE OR OTHERWISE) ARISING IN ANY WAY OUT OF THE USE
  35:Src/main.c    ****   * OF THIS SOFTWARE, EVEN IF ADVISED OF THE POSSIBILITY OF SUCH DAMAGE.
  36:Src/main.c    ****   *
  37:Src/main.c    ****   ******************************************************************************
  38:Src/main.c    ****   */
  39:Src/main.c    **** /* Includes ------------------------------------------------------------------*/
  40:Src/main.c    **** #include "main.h"
  41:Src/main.c    **** #include "stm32f1xx_hal.h"
  42:Src/main.c    **** #include "gpio.h"
  43:Src/main.c    **** 
  44:Src/main.c    **** /* USER CODE BEGIN Includes */
  45:Src/main.c    **** 
  46:Src/main.c    **** /* USER CODE END Includes */
  47:Src/main.c    **** 
  48:Src/main.c    **** /* Private variables ---------------------------------------------------------*/
  49:Src/main.c    **** 
  50:Src/main.c    **** /* USER CODE BEGIN PV */
  51:Src/main.c    **** /* Private variables ---------------------------------------------------------*/
  52:Src/main.c    **** 
  53:Src/main.c    **** /* USER CODE END PV */
  54:Src/main.c    **** 
  55:Src/main.c    **** /* Private function prototypes -----------------------------------------------*/
  56:Src/main.c    **** void SystemClock_Config(void);
  57:Src/main.c    **** 
  58:Src/main.c    **** /* USER CODE BEGIN PFP */
  59:Src/main.c    **** /* Private function prototypes -----------------------------------------------*/
  60:Src/main.c    **** 
  61:Src/main.c    **** /* USER CODE END PFP */
  62:Src/main.c    **** 
  63:Src/main.c    **** /* USER CODE BEGIN 0 */
  64:Src/main.c    **** 
  65:Src/main.c    **** /* USER CODE END 0 */
  66:Src/main.c    **** 
  67:Src/main.c    **** /**
  68:Src/main.c    ****   * @brief  The application entry point.
  69:Src/main.c    ****   *
  70:Src/main.c    ****   * @retval None
  71:Src/main.c    ****   */
  72:Src/main.c    **** int main(void)
  73:Src/main.c    **** {
  74:Src/main.c    ****   /* USER CODE BEGIN 1 */
  75:Src/main.c    **** 
  76:Src/main.c    ****   /* USER CODE END 1 */
  77:Src/main.c    **** 
  78:Src/main.c    ****   /* MCU Configuration----------------------------------------------------------*/
  79:Src/main.c    **** 
  80:Src/main.c    ****   /* Reset of all peripherals, Initializes the Flash interface and the Systick. */
  81:Src/main.c    ****   HAL_Init();
  82:Src/main.c    **** 
  83:Src/main.c    ****   /* USER CODE BEGIN Init */
  84:Src/main.c    **** 
  85:Src/main.c    ****   /* USER CODE END Init */
  86:Src/main.c    **** 
  87:Src/main.c    ****   /* Configure the system clock */
  88:Src/main.c    ****   SystemClock_Config();
  89:Src/main.c    **** 
  90:Src/main.c    ****   /* USER CODE BEGIN SysInit */
ARM GAS  /tmp/cck8SUBt.s 			page 3


  91:Src/main.c    **** 
  92:Src/main.c    ****   /* USER CODE END SysInit */
  93:Src/main.c    **** 
  94:Src/main.c    ****   /* Initialize all configured peripherals */
  95:Src/main.c    ****   MX_GPIO_Init();
  96:Src/main.c    ****   /* USER CODE BEGIN 2 */
  97:Src/main.c    **** 
  98:Src/main.c    ****   /* USER CODE END 2 */
  99:Src/main.c    **** 
 100:Src/main.c    ****   /* Infinite loop */
 101:Src/main.c    ****   /* USER CODE BEGIN WHILE */
 102:Src/main.c    ****   while (1)
 103:Src/main.c    ****   {
 104:Src/main.c    **** 
 105:Src/main.c    ****   /* USER CODE END WHILE */
 106:Src/main.c    **** 
 107:Src/main.c    ****   /* USER CODE BEGIN 3 */
 108:Src/main.c    ****     HAL_Delay(500);
 109:Src/main.c    ****     printf("helloworld from openocd");
 110:Src/main.c    ****     HAL_GPIO_TogglePin(GPIOC, GPIO_PIN_13);
 111:Src/main.c    ****   }
 112:Src/main.c    ****   /* USER CODE END 3 */
 113:Src/main.c    **** 
 114:Src/main.c    **** }
 115:Src/main.c    **** 
 116:Src/main.c    **** /**
 117:Src/main.c    ****   * @brief System Clock Configuration
 118:Src/main.c    ****   * @retval None
 119:Src/main.c    ****   */
 120:Src/main.c    **** void SystemClock_Config(void)
 121:Src/main.c    **** {
 122:Src/main.c    **** 
 123:Src/main.c    ****   RCC_OscInitTypeDef RCC_OscInitStruct;
 124:Src/main.c    ****   RCC_ClkInitTypeDef RCC_ClkInitStruct;
 125:Src/main.c    **** 
 126:Src/main.c    ****     /**Initializes the CPU, AHB and APB busses clocks 
 127:Src/main.c    ****     */
 128:Src/main.c    ****   RCC_OscInitStruct.OscillatorType = RCC_OSCILLATORTYPE_HSI;
 129:Src/main.c    ****   RCC_OscInitStruct.HSIState = RCC_HSI_ON;
 130:Src/main.c    ****   RCC_OscInitStruct.HSICalibrationValue = 16;
 131:Src/main.c    ****   RCC_OscInitStruct.PLL.PLLState = RCC_PLL_NONE;
 132:Src/main.c    ****   if (HAL_RCC_OscConfig(&RCC_OscInitStruct) != HAL_OK)
 133:Src/main.c    ****   {
 134:Src/main.c    ****     _Error_Handler(__FILE__, __LINE__);
 135:Src/main.c    ****   }
 136:Src/main.c    **** 
 137:Src/main.c    ****     /**Initializes the CPU, AHB and APB busses clocks 
 138:Src/main.c    ****     */
 139:Src/main.c    ****   RCC_ClkInitStruct.ClockType = RCC_CLOCKTYPE_HCLK|RCC_CLOCKTYPE_SYSCLK
 140:Src/main.c    ****                               |RCC_CLOCKTYPE_PCLK1|RCC_CLOCKTYPE_PCLK2;
 141:Src/main.c    ****   RCC_ClkInitStruct.SYSCLKSource = RCC_SYSCLKSOURCE_HSI;
 142:Src/main.c    ****   RCC_ClkInitStruct.AHBCLKDivider = RCC_SYSCLK_DIV1;
 143:Src/main.c    ****   RCC_ClkInitStruct.APB1CLKDivider = RCC_HCLK_DIV1;
 144:Src/main.c    ****   RCC_ClkInitStruct.APB2CLKDivider = RCC_HCLK_DIV1;
 145:Src/main.c    **** 
 146:Src/main.c    ****   if (HAL_RCC_ClockConfig(&RCC_ClkInitStruct, FLASH_LATENCY_0) != HAL_OK)
 147:Src/main.c    ****   {
ARM GAS  /tmp/cck8SUBt.s 			page 4


 148:Src/main.c    ****     _Error_Handler(__FILE__, __LINE__);
 149:Src/main.c    ****   }
 150:Src/main.c    **** 
 151:Src/main.c    ****     /**Configure the Systick interrupt time 
 152:Src/main.c    ****     */
 153:Src/main.c    ****   HAL_SYSTICK_Config(HAL_RCC_GetHCLKFreq()/1000);
 154:Src/main.c    **** 
 155:Src/main.c    ****     /**Configure the Systick 
 156:Src/main.c    ****     */
 157:Src/main.c    ****   HAL_SYSTICK_CLKSourceConfig(SYSTICK_CLKSOURCE_HCLK);
 158:Src/main.c    **** 
 159:Src/main.c    ****   /* SysTick_IRQn interrupt configuration */
 160:Src/main.c    ****   HAL_NVIC_SetPriority(SysTick_IRQn, 0, 0);
 161:Src/main.c    **** }
 162:Src/main.c    **** 
 163:Src/main.c    **** /* USER CODE BEGIN 4 */
 164:Src/main.c    **** 
 165:Src/main.c    **** /* USER CODE END 4 */
 166:Src/main.c    **** 
 167:Src/main.c    **** /**
 168:Src/main.c    ****   * @brief  This function is executed in case of error occurrence.
 169:Src/main.c    ****   * @param  file: The file name as string.
 170:Src/main.c    ****   * @param  line: The line in file as a number.
 171:Src/main.c    ****   * @retval None
 172:Src/main.c    ****   */
 173:Src/main.c    **** void _Error_Handler(char *file, int line)
 174:Src/main.c    **** {
  26              		.loc 1 174 0
  27              		.cfi_startproc
  28              		@ Volatile: function does not return.
  29              		@ args = 0, pretend = 0, frame = 0
  30              		@ frame_needed = 0, uses_anonymous_args = 0
  31              		@ link register save eliminated.
  32              	.LVL0:
  33              	.L2:
  34 0000 FEE7     		b	.L2
  35              		.cfi_endproc
  36              	.LFE68:
  38              		.section	.text.SystemClock_Config,"ax",%progbits
  39              		.align	1
  40              		.global	SystemClock_Config
  41              		.syntax unified
  42              		.thumb
  43              		.thumb_func
  44              		.fpu softvfp
  46              	SystemClock_Config:
  47              	.LFB67:
 121:Src/main.c    **** 
  48              		.loc 1 121 0
  49              		.cfi_startproc
  50              		@ args = 0, pretend = 0, frame = 64
  51              		@ frame_needed = 0, uses_anonymous_args = 0
 121:Src/main.c    **** 
  52              		.loc 1 121 0
  53 0000 00B5     		push	{lr}
  54              	.LCFI0:
  55              		.cfi_def_cfa_offset 4
ARM GAS  /tmp/cck8SUBt.s 			page 5


  56              		.cfi_offset 14, -4
  57 0002 91B0     		sub	sp, sp, #68
  58              	.LCFI1:
  59              		.cfi_def_cfa_offset 72
 128:Src/main.c    ****   RCC_OscInitStruct.HSIState = RCC_HSI_ON;
  60              		.loc 1 128 0
  61 0004 0223     		movs	r3, #2
  62 0006 0693     		str	r3, [sp, #24]
 129:Src/main.c    ****   RCC_OscInitStruct.HSICalibrationValue = 16;
  63              		.loc 1 129 0
  64 0008 0123     		movs	r3, #1
  65 000a 0A93     		str	r3, [sp, #40]
 130:Src/main.c    ****   RCC_OscInitStruct.PLL.PLLState = RCC_PLL_NONE;
  66              		.loc 1 130 0
  67 000c 1023     		movs	r3, #16
  68 000e 0B93     		str	r3, [sp, #44]
 131:Src/main.c    ****   if (HAL_RCC_OscConfig(&RCC_OscInitStruct) != HAL_OK)
  69              		.loc 1 131 0
  70 0010 0023     		movs	r3, #0
  71 0012 0D93     		str	r3, [sp, #52]
 132:Src/main.c    ****   {
  72              		.loc 1 132 0
  73 0014 06A8     		add	r0, sp, #24
  74 0016 FFF7FEFF 		bl	HAL_RCC_OscConfig
  75              	.LVL1:
  76 001a F0B9     		cbnz	r0, .L7
 139:Src/main.c    ****                               |RCC_CLOCKTYPE_PCLK1|RCC_CLOCKTYPE_PCLK2;
  77              		.loc 1 139 0
  78 001c 0F23     		movs	r3, #15
  79 001e 0193     		str	r3, [sp, #4]
 141:Src/main.c    ****   RCC_ClkInitStruct.AHBCLKDivider = RCC_SYSCLK_DIV1;
  80              		.loc 1 141 0
  81 0020 0021     		movs	r1, #0
  82 0022 0291     		str	r1, [sp, #8]
 142:Src/main.c    ****   RCC_ClkInitStruct.APB1CLKDivider = RCC_HCLK_DIV1;
  83              		.loc 1 142 0
  84 0024 0391     		str	r1, [sp, #12]
 143:Src/main.c    ****   RCC_ClkInitStruct.APB2CLKDivider = RCC_HCLK_DIV1;
  85              		.loc 1 143 0
  86 0026 0491     		str	r1, [sp, #16]
 144:Src/main.c    **** 
  87              		.loc 1 144 0
  88 0028 0591     		str	r1, [sp, #20]
 146:Src/main.c    ****   {
  89              		.loc 1 146 0
  90 002a 01A8     		add	r0, sp, #4
  91 002c FFF7FEFF 		bl	HAL_RCC_ClockConfig
  92              	.LVL2:
  93 0030 B8B9     		cbnz	r0, .L8
 153:Src/main.c    **** 
  94              		.loc 1 153 0
  95 0032 FFF7FEFF 		bl	HAL_RCC_GetHCLKFreq
  96              	.LVL3:
  97 0036 0D4B     		ldr	r3, .L9
  98 0038 A3FB0030 		umull	r3, r0, r3, r0
  99 003c 8009     		lsrs	r0, r0, #6
 100 003e FFF7FEFF 		bl	HAL_SYSTICK_Config
ARM GAS  /tmp/cck8SUBt.s 			page 6


 101              	.LVL4:
 157:Src/main.c    **** 
 102              		.loc 1 157 0
 103 0042 0420     		movs	r0, #4
 104 0044 FFF7FEFF 		bl	HAL_SYSTICK_CLKSourceConfig
 105              	.LVL5:
 160:Src/main.c    **** }
 106              		.loc 1 160 0
 107 0048 0022     		movs	r2, #0
 108 004a 1146     		mov	r1, r2
 109 004c 4FF0FF30 		mov	r0, #-1
 110 0050 FFF7FEFF 		bl	HAL_NVIC_SetPriority
 111              	.LVL6:
 161:Src/main.c    **** 
 112              		.loc 1 161 0
 113 0054 11B0     		add	sp, sp, #68
 114              	.LCFI2:
 115              		.cfi_remember_state
 116              		.cfi_def_cfa_offset 4
 117              		@ sp needed
 118 0056 5DF804FB 		ldr	pc, [sp], #4
 119              	.L7:
 120              	.LCFI3:
 121              		.cfi_restore_state
 134:Src/main.c    ****   }
 122              		.loc 1 134 0
 123 005a 8621     		movs	r1, #134
 124 005c 0448     		ldr	r0, .L9+4
 125 005e FFF7FEFF 		bl	_Error_Handler
 126              	.LVL7:
 127              	.L8:
 148:Src/main.c    ****   }
 128              		.loc 1 148 0
 129 0062 9421     		movs	r1, #148
 130 0064 0248     		ldr	r0, .L9+4
 131 0066 FFF7FEFF 		bl	_Error_Handler
 132              	.LVL8:
 133              	.L10:
 134 006a 00BF     		.align	2
 135              	.L9:
 136 006c D34D6210 		.word	274877907
 137 0070 00000000 		.word	.LC0
 138              		.cfi_endproc
 139              	.LFE67:
 141              		.section	.text.main,"ax",%progbits
 142              		.align	1
 143              		.global	main
 144              		.syntax unified
 145              		.thumb
 146              		.thumb_func
 147              		.fpu softvfp
 149              	main:
 150              	.LFB66:
  73:Src/main.c    ****   /* USER CODE BEGIN 1 */
 151              		.loc 1 73 0
 152              		.cfi_startproc
 153              		@ Volatile: function does not return.
ARM GAS  /tmp/cck8SUBt.s 			page 7


 154              		@ args = 0, pretend = 0, frame = 0
 155              		@ frame_needed = 0, uses_anonymous_args = 0
 156 0000 08B5     		push	{r3, lr}
 157              	.LCFI4:
 158              		.cfi_def_cfa_offset 8
 159              		.cfi_offset 3, -8
 160              		.cfi_offset 14, -4
  81:Src/main.c    **** 
 161              		.loc 1 81 0
 162 0002 FFF7FEFF 		bl	HAL_Init
 163              	.LVL9:
  88:Src/main.c    **** 
 164              		.loc 1 88 0
 165 0006 FFF7FEFF 		bl	SystemClock_Config
 166              	.LVL10:
  95:Src/main.c    ****   /* USER CODE BEGIN 2 */
 167              		.loc 1 95 0
 168 000a FFF7FEFF 		bl	MX_GPIO_Init
 169              	.LVL11:
 170              	.L12:
 108:Src/main.c    ****     printf("helloworld from openocd");
 171              		.loc 1 108 0 discriminator 1
 172 000e 4FF4FA70 		mov	r0, #500
 173 0012 FFF7FEFF 		bl	HAL_Delay
 174              	.LVL12:
 109:Src/main.c    ****     HAL_GPIO_TogglePin(GPIOC, GPIO_PIN_13);
 175              		.loc 1 109 0 discriminator 1
 176 0016 0448     		ldr	r0, .L14
 177 0018 FFF7FEFF 		bl	printf
 178              	.LVL13:
 110:Src/main.c    ****   }
 179              		.loc 1 110 0 discriminator 1
 180 001c 4FF40051 		mov	r1, #8192
 181 0020 0248     		ldr	r0, .L14+4
 182 0022 FFF7FEFF 		bl	HAL_GPIO_TogglePin
 183              	.LVL14:
 184 0026 F2E7     		b	.L12
 185              	.L15:
 186              		.align	2
 187              	.L14:
 188 0028 00000000 		.word	.LC1
 189 002c 00100140 		.word	1073811456
 190              		.cfi_endproc
 191              	.LFE66:
 193              		.section	.rodata.SystemClock_Config.str1.4,"aMS",%progbits,1
 194              		.align	2
 195              	.LC0:
 196 0000 5372632F 		.ascii	"Src/main.c\000"
 196      6D61696E 
 196      2E6300
 197              		.section	.rodata.main.str1.4,"aMS",%progbits,1
 198              		.align	2
 199              	.LC1:
 200 0000 68656C6C 		.ascii	"helloworld from openocd\000"
 200      6F776F72 
 200      6C642066 
 200      726F6D20 
ARM GAS  /tmp/cck8SUBt.s 			page 8


 200      6F70656E 
 201              		.text
 202              	.Letext0:
 203              		.file 2 "/home/logic/STM32Toolchain/gcc-arm/arm-none-eabi/include/machine/_default_types.h"
 204              		.file 3 "/home/logic/STM32Toolchain/gcc-arm/arm-none-eabi/include/sys/_stdint.h"
 205              		.file 4 "Drivers/CMSIS/Include/core_cm3.h"
 206              		.file 5 "Drivers/CMSIS/Device/ST/STM32F1xx/Include/system_stm32f1xx.h"
 207              		.file 6 "Drivers/CMSIS/Device/ST/STM32F1xx/Include/stm32f103xb.h"
 208              		.file 7 "/home/logic/STM32Toolchain/gcc-arm/arm-none-eabi/include/sys/lock.h"
 209              		.file 8 "/home/logic/STM32Toolchain/gcc-arm/arm-none-eabi/include/sys/_types.h"
 210              		.file 9 "/home/logic/STM32Toolchain/gcc-arm/lib/gcc/arm-none-eabi/7.3.1/include/stddef.h"
 211              		.file 10 "/home/logic/STM32Toolchain/gcc-arm/arm-none-eabi/include/sys/reent.h"
 212              		.file 11 "Drivers/STM32F1xx_HAL_Driver/Inc/stm32f1xx_hal_def.h"
 213              		.file 12 "Drivers/STM32F1xx_HAL_Driver/Inc/stm32f1xx_hal_rcc.h"
 214              		.file 13 "Drivers/STM32F1xx_HAL_Driver/Inc/stm32f1xx_hal_rcc_ex.h"
 215              		.file 14 "Drivers/STM32F1xx_HAL_Driver/Inc/stm32f1xx_hal_cortex.h"
 216              		.file 15 "Drivers/STM32F1xx_HAL_Driver/Inc/stm32f1xx_hal.h"
 217              		.file 16 "Inc/gpio.h"
 218              		.file 17 "/home/logic/STM32Toolchain/gcc-arm/arm-none-eabi/include/stdio.h"
 219              		.file 18 "Drivers/STM32F1xx_HAL_Driver/Inc/stm32f1xx_hal_gpio.h"
ARM GAS  /tmp/cck8SUBt.s 			page 9


DEFINED SYMBOLS
                            *ABS*:0000000000000000 main.c
     /tmp/cck8SUBt.s:16     .text._Error_Handler:0000000000000000 $t
     /tmp/cck8SUBt.s:23     .text._Error_Handler:0000000000000000 _Error_Handler
     /tmp/cck8SUBt.s:39     .text.SystemClock_Config:0000000000000000 $t
     /tmp/cck8SUBt.s:46     .text.SystemClock_Config:0000000000000000 SystemClock_Config
     /tmp/cck8SUBt.s:136    .text.SystemClock_Config:000000000000006c $d
     /tmp/cck8SUBt.s:142    .text.main:0000000000000000 $t
     /tmp/cck8SUBt.s:149    .text.main:0000000000000000 main
     /tmp/cck8SUBt.s:188    .text.main:0000000000000028 $d
     /tmp/cck8SUBt.s:194    .rodata.SystemClock_Config.str1.4:0000000000000000 $d
     /tmp/cck8SUBt.s:198    .rodata.main.str1.4:0000000000000000 $d

UNDEFINED SYMBOLS
HAL_RCC_OscConfig
HAL_RCC_ClockConfig
HAL_RCC_GetHCLKFreq
HAL_SYSTICK_Config
HAL_SYSTICK_CLKSourceConfig
HAL_NVIC_SetPriority
HAL_Init
MX_GPIO_Init
HAL_Delay
printf
HAL_GPIO_TogglePin
